#
# There is insufficient memory for the Java Runtime Environment to continue.
# Native memory allocation (mmap) failed to map 104857600 bytes for G1 virtual space
# Possible reasons:
#   The system is out of physical RAM or swap space
#   The process is running with CompressedOops enabled, and the Java Heap may be blocking the growth of the native heap
# Possible solutions:
#   Reduce memory load on the system
#   Increase physical memory or swap space
#   Check if swap backing store is full
#   Decrease Java heap size (-Xmx/-Xms)
#   Decrease number of Java threads
#   Decrease Java thread stack sizes (-Xss)
#   Set larger code cache with -XX:ReservedCodeCacheSize=
#   JVM is running with Unscaled Compressed Oops mode in which the Java heap is
#     placed in the first 4GB address space. The Java Heap base address is the
#     maximum limit for the native heap growth. Please use -XX:HeapBaseMinAddress
#     to set the Java Heap base and to place the Java Heap above 4GB virtual address.
# This output file may be truncated or incomplete.
#
#  Out of Memory Error (os_windows.cpp:3769), pid=15216, tid=19720
#
# JRE version: OpenJDK Runtime Environment (17.0.6) (build 17.0.6+0-b2043.56-10027231)
# Java VM: OpenJDK 64-Bit Server VM (17.0.6+0-b2043.56-10027231, mixed mode, tiered, compressed oops, compressed class ptrs, g1 gc, windows-amd64)
# No core dump will be written. Minidumps are not enabled by default on client versions of Windows
#

---------------  S U M M A R Y ------------

Command Line: --add-opens=java.base/java.util=ALL-UNNAMED --add-opens=java.base/java.lang=ALL-UNNAMED --add-opens=java.base/java.lang.invoke=ALL-UNNAMED --add-opens=java.base/java.util=ALL-UNNAMED --add-opens=java.prefs/java.util.prefs=ALL-UNNAMED --add-opens=java.prefs/java.util.prefs=ALL-UNNAMED --add-opens=java.base/java.nio.charset=ALL-UNNAMED --add-opens=java.base/java.net=ALL-UNNAMED --add-opens=java.base/java.util.concurrent.atomic=ALL-UNNAMED -Xmx2048m -Dfile.encoding=UTF-8 -Duser.country=US -Duser.language=en -Duser.variant org.gradle.launcher.daemon.bootstrap.GradleDaemon 7.2

Host: AMD Ryzen 5 5600H with Radeon Graphics         , 12 cores, 13G,  Windows 10 , 64 bit Build 19041 (10.0.19041.3636)
Time: Mon May  6 22:59:50 2024 Belarus Standard Time elapsed time: 41.144480 seconds (0d 0h 0m 41s)

---------------  T H R E A D  ---------------

Current thread (0x0000022ee3ebec10):  VMThread "VM Thread" [stack: 0x0000005fb4e00000,0x0000005fb4f00000] [id=19720]

Stack: [0x0000005fb4e00000,0x0000005fb4f00000]
Native frames: (J=compiled Java code, j=interpreted, Vv=VM code, C=native code)
V  [jvm.dll+0x683c9a]
V  [jvm.dll+0x8427a4]
V  [jvm.dll+0x843f9e]
V  [jvm.dll+0x844603]
V  [jvm.dll+0x249b75]
V  [jvm.dll+0x680b69]
V  [jvm.dll+0x67505a]
V  [jvm.dll+0x309acb]
V  [jvm.dll+0x310f86]
V  [jvm.dll+0x3608ee]
V  [jvm.dll+0x360b1f]
V  [jvm.dll+0x2dfbf8]
V  [jvm.dll+0x2ddec4]
V  [jvm.dll+0x2dd4cc]
V  [jvm.dll+0x321f3b]
V  [jvm.dll+0x848ccb]
V  [jvm.dll+0x849a04]
V  [jvm.dll+0x849f1d]
V  [jvm.dll+0x84a2f4]
V  [jvm.dll+0x84a3c0]
V  [jvm.dll+0x7f274a]
V  [jvm.dll+0x682ad5]
C  [ucrtbase.dll+0x21bb2]
C  [KERNEL32.DLL+0x17344]
C  [ntdll.dll+0x526b1]

VM_Operation (0x0000005fb7cfdcc0): G1CollectForAllocation, mode: safepoint, requested by thread 0x0000022ee7db9c00


---------------  P R O C E S S  ---------------

Threads class SMR info:
_java_thread_list=0x0000022ee58f1e10, length=169, elements={
0x0000022ec7babfc0, 0x0000022ee4846020, 0x0000022ee4846da0, 0x0000022ee4857770,
0x0000022ee4858130, 0x0000022ee4858df0, 0x0000022ee487ba50, 0x0000022ee489afe0,
0x0000022ee489bf00, 0x0000022ee48a1240, 0x0000022ee4a01e00, 0x0000022ee4a03b20,
0x0000022ee6c8a0a0, 0x0000022ee7665690, 0x0000022ee627e120, 0x0000022ee5c71e80,
0x0000022ee71effb0, 0x0000022ee71eec70, 0x0000022ee71ecf90, 0x0000022ee71ee7a0,
0x0000022ee71ee2d0, 0x0000022ee71f0480, 0x0000022ee71ef140, 0x0000022ee71ef610,
0x0000022ee71efae0, 0x0000022ee71ede00, 0x0000022ee71ed460, 0x0000022ee71ecac0,
0x0000022ee71ed930, 0x0000022ee7db9260, 0x0000022ee7db88c0, 0x0000022ee7db7f20,
0x0000022ee7db9730, 0x0000022ee7db4090, 0x0000022ee7db9c00, 0x0000022ee7db5d70,
0x0000022ee7db6240, 0x0000022ee7dba0d0, 0x0000022ee7db8d90, 0x0000022ee7db58a0,
0x0000022ee7dba5a0, 0x0000022ee7dbb410, 0x0000022ee7dbaf40, 0x0000022ee7dbb8e0,
0x0000022ee7db4a30, 0x0000022ee54a2bb0, 0x0000022ee54a8bf0, 0x0000022ee54a7d80,
0x0000022ee54a6a40, 0x0000022ee54a5bd0, 0x0000022ee54a1870, 0x0000022ee54a3ef0,
0x0000022ee54a60a0, 0x0000022ee54a3a20, 0x0000022ee54a6570, 0x0000022ee54a2210,
0x0000022ee54a4890, 0x0000022ee54a43c0, 0x0000022ee54a4d60, 0x0000022ee54a5230,
0x0000022ee54a8250, 0x0000022ee54a6f10, 0x0000022ee54a73e0, 0x0000022ee54a78b0,
0x0000022ee54a8720, 0x0000022ee54a13a0, 0x0000022eefa103a0, 0x0000022eefa10870,
0x0000022eefa0dd20, 0x0000022eefa0eb90, 0x0000022eefa0e1f0, 0x0000022eefa0d850,
0x0000022eefa0ceb0, 0x0000022eefa0c510, 0x0000022eefa09e90, 0x0000022eefa099c0,
0x0000022eefa0a360, 0x0000022eefa0e6c0, 0x0000022eefa0f060, 0x0000022eefa0f530,
0x0000022eefa0b6a0, 0x0000022eefa0a830, 0x0000022eefa0fa00, 0x0000022eefa0d380,
0x0000022eefa0c9e0, 0x0000022eefa0fed0, 0x0000022eefa10d40, 0x0000022eefa094f0,
0x0000022eefa0ad00, 0x0000022eefa0b1d0, 0x0000022eefa0bb70, 0x0000022eefa0c040,
0x0000022eea610100, 0x0000022eea613f90, 0x0000022eea614930, 0x0000022eea60e420,
0x0000022eea611910, 0x0000022eea612780, 0x0000022eea6105d0, 0x0000022eea614e00,
0x0000022eea6152d0, 0x0000022eea60f760, 0x0000022eea610aa0, 0x0000022eea60df50,
0x0000022eea6135f0, 0x0000022eea610f70, 0x0000022eea60fc30, 0x0000022eea611440,
0x0000022eea60e8f0, 0x0000022eea612c50, 0x0000022eea613120, 0x0000022eea613ac0,
0x0000022ee61f5d40, 0x0000022ee61f6bb0, 0x0000022ee61f4ed0, 0x0000022ee61f6210,
0x0000022ee61f8890, 0x0000022ee61f53a0, 0x0000022ee61f7ef0, 0x0000022ee61f7550,
0x0000022ee61f7080, 0x0000022ee61f7a20, 0x0000022ee61f83c0, 0x0000022ee9edb700,
0x0000022ee9ed9080, 0x0000022ee9edd3e0, 0x0000022ee9edbbd0, 0x0000022ee9edca40,
0x0000022ee9ed7870, 0x0000022ee9edcf10, 0x0000022ee9ed6a00, 0x0000022ee9ed73a0,
0x0000022ee9ed5b90, 0x0000022ee9ed7d40, 0x0000022ee9ed86e0, 0x0000022ee9ed8bb0,
0x0000022ee9edc0a0, 0x0000022ee9ed9550, 0x0000022ee9edc570, 0x0000022ee9eda3c0,
0x0000022ee9ed9a20, 0x0000022ee9ed6060, 0x0000022ee9edad60, 0x0000022ee9eda890,
0x0000022ee9edb230, 0x0000022ee9ed8210, 0x0000022ee9ed6530, 0x0000022ee4e78bc0,
0x0000022ee4e7d8c0, 0x0000022ee4e7ec00, 0x0000022ee4e7a3d0, 0x0000022ee4e7c0b0,
0x0000022ee4e7dd90, 0x0000022ee4e7bbe0, 0x0000022ee4e7fa70, 0x0000022ee4e7f0d0,
0x0000022ee4e79f00, 0x0000022ee4e7e260, 0x0000022ee4e7e730, 0x0000022ee4e7f5a0,
0x0000022ee4e7ad70, 0x0000022ee4e7a8a0, 0x0000022ee4e7ff40, 0x0000022ee4e79090,
0x0000022ee4e786f0, 0x0000022ee4e79560, 0x0000022ee4e7b710, 0x0000022ee8799980,
0x0000022ee53a38c0
}

Java Threads: ( => current thread )
  0x0000022ec7babfc0 JavaThread "main" [_thread_blocked, id=23732, stack(0x0000005fb4800000,0x0000005fb4900000)]
  0x0000022ee4846020 JavaThread "Reference Handler" daemon [_thread_blocked, id=29248, stack(0x0000005fb4f00000,0x0000005fb5000000)]
  0x0000022ee4846da0 JavaThread "Finalizer" daemon [_thread_blocked, id=21728, stack(0x0000005fb5000000,0x0000005fb5100000)]
  0x0000022ee4857770 JavaThread "Signal Dispatcher" daemon [_thread_blocked, id=11308, stack(0x0000005fb5100000,0x0000005fb5200000)]
  0x0000022ee4858130 JavaThread "Attach Listener" daemon [_thread_blocked, id=3472, stack(0x0000005fb5200000,0x0000005fb5300000)]
  0x0000022ee4858df0 JavaThread "Service Thread" daemon [_thread_blocked, id=20468, stack(0x0000005fb5300000,0x0000005fb5400000)]
  0x0000022ee487ba50 JavaThread "Monitor Deflation Thread" daemon [_thread_blocked, id=29292, stack(0x0000005fb5400000,0x0000005fb5500000)]
  0x0000022ee489afe0 JavaThread "C2 CompilerThread0" daemon [_thread_in_native, id=27148, stack(0x0000005fb5500000,0x0000005fb5600000)]
  0x0000022ee489bf00 JavaThread "C1 CompilerThread0" daemon [_thread_blocked, id=2412, stack(0x0000005fb5600000,0x0000005fb5700000)]
  0x0000022ee48a1240 JavaThread "Sweeper thread" daemon [_thread_blocked, id=30164, stack(0x0000005fb5700000,0x0000005fb5800000)]
  0x0000022ee4a01e00 JavaThread "Common-Cleaner" daemon [_thread_blocked, id=16852, stack(0x0000005fb5800000,0x0000005fb5900000)]
  0x0000022ee4a03b20 JavaThread "Notification Thread" daemon [_thread_blocked, id=22876, stack(0x0000005fb5900000,0x0000005fb5a00000)]
  0x0000022ee6c8a0a0 JavaThread "Daemon health stats" [_thread_blocked, id=27476, stack(0x0000005fb6100000,0x0000005fb6200000)]
  0x0000022ee7665690 JavaThread "Incoming local TCP Connector on port 63275" [_thread_in_native, id=25428, stack(0x0000005fb6200000,0x0000005fb6300000)]
  0x0000022ee627e120 JavaThread "Daemon periodic checks" [_thread_blocked, id=21328, stack(0x0000005fb6300000,0x0000005fb6400000)]
  0x0000022ee5c71e80 JavaThread "Daemon" [_thread_blocked, id=17260, stack(0x0000005fb6400000,0x0000005fb6500000)]
  0x0000022ee71effb0 JavaThread "Handler for socket connection from /127.0.0.1:63275 to /127.0.0.1:63276" [_thread_in_native, id=33416, stack(0x0000005fb6500000,0x0000005fb6600000)]
  0x0000022ee71eec70 JavaThread "Cancel handler" [_thread_blocked, id=9720, stack(0x0000005fb6600000,0x0000005fb6700000)]
  0x0000022ee71ecf90 JavaThread "Daemon worker" [_thread_blocked, id=32308, stack(0x0000005fb6700000,0x0000005fb6800000)]
  0x0000022ee71ee7a0 JavaThread "Asynchronous log dispatcher for DefaultDaemonConnection: socket connection from /127.0.0.1:63275 to /127.0.0.1:63276" [_thread_blocked, id=28272, stack(0x0000005fb6800000,0x0000005fb6900000)]
  0x0000022ee71ee2d0 JavaThread "Stdin handler" [_thread_blocked, id=27520, stack(0x0000005fb6900000,0x0000005fb6a00000)]
  0x0000022ee71f0480 JavaThread "Daemon client event forwarder" [_thread_blocked, id=33584, stack(0x0000005fb6a00000,0x0000005fb6b00000)]
  0x0000022ee71ef140 JavaThread "Cache worker for journal cache (C:\Users\maksim\.gradle\caches\journal-1)" [_thread_blocked, id=22168, stack(0x0000005fb7200000,0x0000005fb7300000)]
  0x0000022ee71ef610 JavaThread "File lock request listener" [_thread_in_native, id=32884, stack(0x0000005fb7300000,0x0000005fb7400000)]
  0x0000022ee71efae0 JavaThread "Cache worker for file hash cache (C:\Users\maksim\.gradle\caches\7.2\fileHashes)" [_thread_blocked, id=21636, stack(0x0000005fb7400000,0x0000005fb7500000)]
  0x0000022ee71ede00 JavaThread "Cache worker for file hash cache (D:\AndroidApp\ChipNavigation-master\.gradle\7.2\fileHashes)" [_thread_blocked, id=17668, stack(0x0000005fb7500000,0x0000005fb7600000)]
  0x0000022ee71ed460 JavaThread "File watcher server" daemon [_thread_in_native, id=20524, stack(0x0000005fb7600000,0x0000005fb7700000)]
  0x0000022ee71ecac0 JavaThread "File watcher consumer" daemon [_thread_blocked, id=21576, stack(0x0000005fb7700000,0x0000005fb7800000)]
  0x0000022ee71ed930 JavaThread "jar transforms" [_thread_blocked, id=23876, stack(0x0000005fb5b00000,0x0000005fb5c00000)]
  0x0000022ee7db9260 JavaThread "jar transforms Thread 2" [_thread_blocked, id=26260, stack(0x0000005fb6000000,0x0000005fb6100000)]
  0x0000022ee7db88c0 JavaThread "jar transforms Thread 3" [_thread_blocked, id=23668, stack(0x0000005fb7800000,0x0000005fb7900000)]
  0x0000022ee7db7f20 JavaThread "jar transforms Thread 4" [_thread_blocked, id=19288, stack(0x0000005fb7900000,0x0000005fb7a00000)]
  0x0000022ee7db9730 JavaThread "jar transforms Thread 5" [_thread_blocked, id=25184, stack(0x0000005fb7a00000,0x0000005fb7b00000)]
  0x0000022ee7db4090 JavaThread "jar transforms Thread 6" [_thread_blocked, id=2192, stack(0x0000005fb7b00000,0x0000005fb7c00000)]
  0x0000022ee7db9c00 JavaThread "jar transforms Thread 7" [_thread_blocked, id=25448, stack(0x0000005fb7c00000,0x0000005fb7d00000)]
  0x0000022ee7db5d70 JavaThread "jar transforms Thread 8" [_thread_blocked, id=17568, stack(0x0000005fb7d00000,0x0000005fb7e00000)]
  0x0000022ee7db6240 JavaThread "jar transforms Thread 9" [_thread_blocked, id=30400, stack(0x0000005fb7e00000,0x0000005fb7f00000)]
  0x0000022ee7dba0d0 JavaThread "jar transforms Thread 10" [_thread_blocked, id=4932, stack(0x0000005fb7f00000,0x0000005fb8000000)]
  0x0000022ee7db8d90 JavaThread "jar transforms Thread 11" [_thread_blocked, id=9848, stack(0x0000005fb8000000,0x0000005fb8100000)]
  0x0000022ee7db58a0 JavaThread "jar transforms Thread 12" [_thread_blocked, id=23928, stack(0x0000005fb8100000,0x0000005fb8200000)]
  0x0000022ee7dba5a0 JavaThread "Cache worker for checksums cache (D:\AndroidApp\ChipNavigation-master\.gradle\checksums)" [_thread_blocked, id=19272, stack(0x0000005fb8300000,0x0000005fb8400000)]
  0x0000022ee7dbb410 JavaThread "Cache worker for cache directory md-supplier (C:\Users\maksim\.gradle\caches\7.2\md-supplier)" [_thread_blocked, id=16908, stack(0x0000005fb8400000,0x0000005fb8500000)]
  0x0000022ee7dbaf40 JavaThread "Cache worker for cache directory md-rule (C:\Users\maksim\.gradle\caches\7.2\md-rule)" [_thread_blocked, id=32972, stack(0x0000005fb8500000,0x0000005fb8600000)]
  0x0000022ee7dbb8e0 JavaThread "Cache worker for execution history cache (C:\Users\maksim\.gradle\caches\7.2\executionHistory)" [_thread_blocked, id=31304, stack(0x0000005fb8600000,0x0000005fb8700000)]
  0x0000022ee7db4a30 JavaThread "Cache worker for file content cache (C:\Users\maksim\.gradle\caches\7.2\fileContent)" [_thread_blocked, id=2264, stack(0x0000005fb8800000,0x0000005fb8900000)]
  0x0000022ee54a2bb0 JavaThread "Cache worker for dependencies-accessors (D:\AndroidApp\ChipNavigation-master\.gradle\7.2\dependencies-accessors)" [_thread_blocked, id=23616, stack(0x0000005fb8900000,0x0000005fb8a00000)]
  0x0000022ee54a8bf0 JavaThread "Cache worker for Build Output Cleanup Cache (D:\AndroidApp\ChipNavigation-master\.gradle\buildOutputCleanup)" [_thread_blocked, id=24472, stack(0x0000005fb8200000,0x0000005fb8300000)]
  0x0000022ee54a7d80 JavaThread "Unconstrained build operations" [_thread_blocked, id=29944, stack(0x0000005fb8b00000,0x0000005fb8c00000)]
  0x0000022ee54a6a40 JavaThread "Unconstrained build operations Thread 2" [_thread_blocked, id=11892, stack(0x0000005fb8c00000,0x0000005fb8d00000)]
  0x0000022ee54a5bd0 JavaThread "Unconstrained build operations Thread 3" [_thread_blocked, id=23592, stack(0x0000005fb8d00000,0x0000005fb8e00000)]
  0x0000022ee54a1870 JavaThread "Unconstrained build operations Thread 4" [_thread_blocked, id=26484, stack(0x0000005fb8e00000,0x0000005fb8f00000)]
  0x0000022ee54a3ef0 JavaThread "Unconstrained build operations Thread 5" [_thread_blocked, id=18516, stack(0x0000005fb8f00000,0x0000005fb9000000)]
  0x0000022ee54a60a0 JavaThread "Unconstrained build operations Thread 6" [_thread_blocked, id=32492, stack(0x0000005fb9000000,0x0000005fb9100000)]
  0x0000022ee54a3a20 JavaThread "Unconstrained build operations Thread 7" [_thread_blocked, id=792, stack(0x0000005fb9100000,0x0000005fb9200000)]
  0x0000022ee54a6570 JavaThread "Unconstrained build operations Thread 8" [_thread_blocked, id=25604, stack(0x0000005fb9200000,0x0000005fb9300000)]
  0x0000022ee54a2210 JavaThread "Unconstrained build operations Thread 9" [_thread_blocked, id=3544, stack(0x0000005fb9300000,0x0000005fb9400000)]
  0x0000022ee54a4890 JavaThread "Unconstrained build operations Thread 10" [_thread_blocked, id=17100, stack(0x0000005fb9400000,0x0000005fb9500000)]
  0x0000022ee54a43c0 JavaThread "Unconstrained build operations Thread 11" [_thread_blocked, id=28532, stack(0x0000005fb9500000,0x0000005fb9600000)]
  0x0000022ee54a4d60 JavaThread "Unconstrained build operations Thread 12" [_thread_blocked, id=6872, stack(0x0000005fb9600000,0x0000005fb9700000)]
  0x0000022ee54a5230 JavaThread "Unconstrained build operations Thread 13" [_thread_blocked, id=29732, stack(0x0000005fb9700000,0x0000005fb9800000)]
  0x0000022ee54a8250 JavaThread "Unconstrained build operations Thread 14" [_thread_blocked, id=18344, stack(0x0000005fb9800000,0x0000005fb9900000)]
  0x0000022ee54a6f10 JavaThread "Unconstrained build operations Thread 15" [_thread_blocked, id=21092, stack(0x0000005fb9900000,0x0000005fb9a00000)]
  0x0000022ee54a73e0 JavaThread "Unconstrained build operations Thread 16" [_thread_blocked, id=13424, stack(0x0000005fb9a00000,0x0000005fb9b00000)]
  0x0000022ee54a78b0 JavaThread "Unconstrained build operations Thread 17" [_thread_blocked, id=26124, stack(0x0000005fb9b00000,0x0000005fb9c00000)]
  0x0000022ee54a8720 JavaThread "Unconstrained build operations Thread 18" [_thread_blocked, id=15184, stack(0x0000005fb9c00000,0x0000005fb9d00000)]
  0x0000022ee54a13a0 JavaThread "Unconstrained build operations Thread 19" [_thread_blocked, id=24156, stack(0x0000005fb9d00000,0x0000005fb9e00000)]
  0x0000022eefa103a0 JavaThread "Unconstrained build operations Thread 20" [_thread_blocked, id=20540, stack(0x0000005fb9e00000,0x0000005fb9f00000)]
  0x0000022eefa10870 JavaThread "Unconstrained build operations Thread 21" [_thread_blocked, id=8144, stack(0x0000005fb9f00000,0x0000005fba000000)]
  0x0000022eefa0dd20 JavaThread "Unconstrained build operations Thread 22" [_thread_blocked, id=17928, stack(0x0000005fba000000,0x0000005fba100000)]
  0x0000022eefa0eb90 JavaThread "Unconstrained build operations Thread 23" [_thread_blocked, id=18400, stack(0x0000005fba100000,0x0000005fba200000)]
  0x0000022eefa0e1f0 JavaThread "Unconstrained build operations Thread 24" [_thread_blocked, id=12456, stack(0x0000005fba200000,0x0000005fba300000)]
  0x0000022eefa0d850 JavaThread "Unconstrained build operations Thread 25" [_thread_blocked, id=19000, stack(0x0000005fba300000,0x0000005fba400000)]
  0x0000022eefa0ceb0 JavaThread "Unconstrained build operations Thread 26" [_thread_blocked, id=13876, stack(0x0000005fba400000,0x0000005fba500000)]
  0x0000022eefa0c510 JavaThread "Unconstrained build operations Thread 27" [_thread_blocked, id=31896, stack(0x0000005fba500000,0x0000005fba600000)]
  0x0000022eefa09e90 JavaThread "Unconstrained build operations Thread 28" [_thread_blocked, id=31940, stack(0x0000005fba600000,0x0000005fba700000)]
  0x0000022eefa099c0 JavaThread "Unconstrained build operations Thread 29" [_thread_blocked, id=10904, stack(0x0000005fba700000,0x0000005fba800000)]
  0x0000022eefa0a360 JavaThread "Unconstrained build operations Thread 30" [_thread_blocked, id=25488, stack(0x0000005fba800000,0x0000005fba900000)]
  0x0000022eefa0e6c0 JavaThread "Unconstrained build operations Thread 31" [_thread_blocked, id=19680, stack(0x0000005fba900000,0x0000005fbaa00000)]
  0x0000022eefa0f060 JavaThread "Unconstrained build operations Thread 32" [_thread_blocked, id=5724, stack(0x0000005fbaa00000,0x0000005fbab00000)]
  0x0000022eefa0f530 JavaThread "Unconstrained build operations Thread 33" [_thread_blocked, id=8016, stack(0x0000005fbab00000,0x0000005fbac00000)]
  0x0000022eefa0b6a0 JavaThread "Unconstrained build operations Thread 34" [_thread_blocked, id=14112, stack(0x0000005fbac00000,0x0000005fbad00000)]
  0x0000022eefa0a830 JavaThread "Unconstrained build operations Thread 35" [_thread_blocked, id=25520, stack(0x0000005fbad00000,0x0000005fbae00000)]
  0x0000022eefa0fa00 JavaThread "Unconstrained build operations Thread 36" [_thread_blocked, id=22884, stack(0x0000005fbae00000,0x0000005fbaf00000)]
  0x0000022eefa0d380 JavaThread "Unconstrained build operations Thread 37" [_thread_blocked, id=21388, stack(0x0000005fbaf00000,0x0000005fbb000000)]
  0x0000022eefa0c9e0 JavaThread "Unconstrained build operations Thread 38" [_thread_blocked, id=26380, stack(0x0000005fbb000000,0x0000005fbb100000)]
  0x0000022eefa0fed0 JavaThread "Unconstrained build operations Thread 39" [_thread_blocked, id=19020, stack(0x0000005fbb100000,0x0000005fbb200000)]
  0x0000022eefa10d40 JavaThread "Unconstrained build operations Thread 40" [_thread_blocked, id=17132, stack(0x0000005fbb200000,0x0000005fbb300000)]
  0x0000022eefa094f0 JavaThread "Unconstrained build operations Thread 41" [_thread_blocked, id=18248, stack(0x0000005fbb300000,0x0000005fbb400000)]
  0x0000022eefa0ad00 JavaThread "Unconstrained build operations Thread 42" [_thread_blocked, id=32756, stack(0x0000005fbb400000,0x0000005fbb500000)]
  0x0000022eefa0b1d0 JavaThread "Unconstrained build operations Thread 43" [_thread_blocked, id=21704, stack(0x0000005fbb500000,0x0000005fbb600000)]
  0x0000022eefa0bb70 JavaThread "Unconstrained build operations Thread 44" [_thread_blocked, id=17124, stack(0x0000005fbb600000,0x0000005fbb700000)]
  0x0000022eefa0c040 JavaThread "Unconstrained build operations Thread 45" [_thread_blocked, id=32004, stack(0x0000005fbb700000,0x0000005fbb800000)]
  0x0000022eea610100 JavaThread "Unconstrained build operations Thread 46" [_thread_blocked, id=21532, stack(0x0000005fbb800000,0x0000005fbb900000)]
  0x0000022eea613f90 JavaThread "Unconstrained build operations Thread 47" [_thread_blocked, id=27444, stack(0x0000005fbb900000,0x0000005fbba00000)]
  0x0000022eea614930 JavaThread "Unconstrained build operations Thread 48" [_thread_blocked, id=16792, stack(0x0000005fbba00000,0x0000005fbbb00000)]
  0x0000022eea60e420 JavaThread "Unconstrained build operations Thread 49" [_thread_blocked, id=21320, stack(0x0000005fbbb00000,0x0000005fbbc00000)]
  0x0000022eea611910 JavaThread "Unconstrained build operations Thread 50" [_thread_blocked, id=24536, stack(0x0000005fbbc00000,0x0000005fbbd00000)]
  0x0000022eea612780 JavaThread "Unconstrained build operations Thread 51" [_thread_blocked, id=7660, stack(0x0000005fbbe00000,0x0000005fbbf00000)]
  0x0000022eea6105d0 JavaThread "Unconstrained build operations Thread 52" [_thread_blocked, id=6060, stack(0x0000005fbbf00000,0x0000005fbc000000)]
  0x0000022eea614e00 JavaThread "Unconstrained build operations Thread 53" [_thread_blocked, id=3628, stack(0x0000005fbc000000,0x0000005fbc100000)]
  0x0000022eea6152d0 JavaThread "Unconstrained build operations Thread 54" [_thread_blocked, id=3760, stack(0x0000005fbc100000,0x0000005fbc200000)]
  0x0000022eea60f760 JavaThread "Unconstrained build operations Thread 55" [_thread_blocked, id=5980, stack(0x0000005fbc200000,0x0000005fbc300000)]
  0x0000022eea610aa0 JavaThread "Unconstrained build operations Thread 56" [_thread_blocked, id=26120, stack(0x0000005fbc300000,0x0000005fbc400000)]
  0x0000022eea60df50 JavaThread "Unconstrained build operations Thread 57" [_thread_blocked, id=17016, stack(0x0000005fbc400000,0x0000005fbc500000)]
  0x0000022eea6135f0 JavaThread "Unconstrained build operations Thread 58" [_thread_blocked, id=9968, stack(0x0000005fbc500000,0x0000005fbc600000)]
  0x0000022eea610f70 JavaThread "Unconstrained build operations Thread 59" [_thread_blocked, id=23892, stack(0x0000005fbc600000,0x0000005fbc700000)]
  0x0000022eea60fc30 JavaThread "Unconstrained build operations Thread 60" [_thread_blocked, id=10716, stack(0x0000005fbc700000,0x0000005fbc800000)]
  0x0000022eea611440 JavaThread "Unconstrained build operations Thread 61" [_thread_blocked, id=12684, stack(0x0000005fbc800000,0x0000005fbc900000)]
  0x0000022eea60e8f0 JavaThread "Unconstrained build operations Thread 62" [_thread_blocked, id=25068, stack(0x0000005fbc900000,0x0000005fbca00000)]
  0x0000022eea612c50 JavaThread "Unconstrained build operations Thread 63" [_thread_blocked, id=8040, stack(0x0000005fbca00000,0x0000005fbcb00000)]
  0x0000022eea613120 JavaThread "Unconstrained build operations Thread 64" [_thread_blocked, id=16492, stack(0x0000005fbbd00000,0x0000005fbbe00000)]
  0x0000022eea613ac0 JavaThread "Unconstrained build operations Thread 65" [_thread_blocked, id=23208, stack(0x0000005fbcb00000,0x0000005fbcc00000)]
  0x0000022ee61f5d40 JavaThread "Unconstrained build operations Thread 66" [_thread_blocked, id=23956, stack(0x0000005fb8700000,0x0000005fb8800000)]
  0x0000022ee61f6bb0 JavaThread "Unconstrained build operations Thread 67" [_thread_blocked, id=25388, stack(0x0000005fbcc00000,0x0000005fbcd00000)]
  0x0000022ee61f4ed0 JavaThread "Unconstrained build operations Thread 68" [_thread_blocked, id=29828, stack(0x0000005fbcd00000,0x0000005fbce00000)]
  0x0000022ee61f6210 JavaThread "Unconstrained build operations Thread 69" [_thread_blocked, id=30680, stack(0x0000005fbce00000,0x0000005fbcf00000)]
  0x0000022ee61f8890 JavaThread "Unconstrained build operations Thread 70" [_thread_blocked, id=21768, stack(0x0000005fbcf00000,0x0000005fbd000000)]
  0x0000022ee61f53a0 JavaThread "Unconstrained build operations Thread 71" [_thread_blocked, id=14196, stack(0x0000005fbd000000,0x0000005fbd100000)]
  0x0000022ee61f7ef0 JavaThread "Unconstrained build operations Thread 72" [_thread_blocked, id=20500, stack(0x0000005fbd100000,0x0000005fbd200000)]
  0x0000022ee61f7550 JavaThread "Unconstrained build operations Thread 73" [_thread_blocked, id=16660, stack(0x0000005fbd200000,0x0000005fbd300000)]
  0x0000022ee61f7080 JavaThread "Unconstrained build operations Thread 74" [_thread_blocked, id=30916, stack(0x0000005fbd300000,0x0000005fbd400000)]
  0x0000022ee61f7a20 JavaThread "Unconstrained build operations Thread 75" [_thread_blocked, id=22548, stack(0x0000005fbd400000,0x0000005fbd500000)]
  0x0000022ee61f83c0 JavaThread "Unconstrained build operations Thread 76" [_thread_blocked, id=25396, stack(0x0000005fbd500000,0x0000005fbd600000)]
  0x0000022ee9edb700 JavaThread "Unconstrained build operations Thread 77" [_thread_blocked, id=30628, stack(0x0000005fbd600000,0x0000005fbd700000)]
  0x0000022ee9ed9080 JavaThread "Unconstrained build operations Thread 78" [_thread_blocked, id=7628, stack(0x0000005fbd700000,0x0000005fbd800000)]
  0x0000022ee9edd3e0 JavaThread "Unconstrained build operations Thread 79" [_thread_blocked, id=15748, stack(0x0000005fbd800000,0x0000005fbd900000)]
  0x0000022ee9edbbd0 JavaThread "Unconstrained build operations Thread 80" [_thread_blocked, id=30788, stack(0x0000005fbd900000,0x0000005fbda00000)]
  0x0000022ee9edca40 JavaThread "Unconstrained build operations Thread 81" [_thread_blocked, id=27836, stack(0x0000005fbda00000,0x0000005fbdb00000)]
  0x0000022ee9ed7870 JavaThread "Unconstrained build operations Thread 82" [_thread_blocked, id=21424, stack(0x0000005fbdb00000,0x0000005fbdc00000)]
  0x0000022ee9edcf10 JavaThread "Unconstrained build operations Thread 83" [_thread_blocked, id=31160, stack(0x0000005fbdc00000,0x0000005fbdd00000)]
  0x0000022ee9ed6a00 JavaThread "Unconstrained build operations Thread 84" [_thread_blocked, id=20604, stack(0x0000005fbdd00000,0x0000005fbde00000)]
  0x0000022ee9ed73a0 JavaThread "Unconstrained build operations Thread 85" [_thread_blocked, id=19212, stack(0x0000005fbde00000,0x0000005fbdf00000)]
  0x0000022ee9ed5b90 JavaThread "Unconstrained build operations Thread 86" [_thread_blocked, id=14748, stack(0x0000005fbdf00000,0x0000005fbe000000)]
  0x0000022ee9ed7d40 JavaThread "Unconstrained build operations Thread 87" [_thread_blocked, id=16808, stack(0x0000005fbe000000,0x0000005fbe100000)]
  0x0000022ee9ed86e0 JavaThread "Unconstrained build operations Thread 88" [_thread_blocked, id=33372, stack(0x0000005fbe100000,0x0000005fbe200000)]
  0x0000022ee9ed8bb0 JavaThread "Unconstrained build operations Thread 89" [_thread_blocked, id=10748, stack(0x0000005fbe200000,0x0000005fbe300000)]
  0x0000022ee9edc0a0 JavaThread "Unconstrained build operations Thread 90" [_thread_blocked, id=21652, stack(0x0000005fbe300000,0x0000005fbe400000)]
  0x0000022ee9ed9550 JavaThread "Unconstrained build operations Thread 91" [_thread_blocked, id=23024, stack(0x0000005fbe400000,0x0000005fbe500000)]
  0x0000022ee9edc570 JavaThread "Unconstrained build operations Thread 92" [_thread_blocked, id=27112, stack(0x0000005fbe500000,0x0000005fbe600000)]
  0x0000022ee9eda3c0 JavaThread "Unconstrained build operations Thread 93" [_thread_blocked, id=4152, stack(0x0000005fbe600000,0x0000005fbe700000)]
  0x0000022ee9ed9a20 JavaThread "Unconstrained build operations Thread 94" [_thread_blocked, id=23300, stack(0x0000005fbe700000,0x0000005fbe800000)]
  0x0000022ee9ed6060 JavaThread "Unconstrained build operations Thread 95" [_thread_blocked, id=11440, stack(0x0000005fbe800000,0x0000005fbe900000)]
  0x0000022ee9edad60 JavaThread "Unconstrained build operations Thread 96" [_thread_blocked, id=10780, stack(0x0000005fbea00000,0x0000005fbeb00000)]
  0x0000022ee9eda890 JavaThread "Unconstrained build operations Thread 97" [_thread_blocked, id=31792, stack(0x0000005fbeb00000,0x0000005fbec00000)]
  0x0000022ee9edb230 JavaThread "Unconstrained build operations Thread 98" [_thread_blocked, id=992, stack(0x0000005fbec00000,0x0000005fbed00000)]
  0x0000022ee9ed8210 JavaThread "Unconstrained build operations Thread 99" [_thread_blocked, id=1416, stack(0x0000005fbed00000,0x0000005fbee00000)]
  0x0000022ee9ed6530 JavaThread "Unconstrained build operations Thread 100" [_thread_blocked, id=26348, stack(0x0000005fbee00000,0x0000005fbef00000)]
  0x0000022ee4e78bc0 JavaThread "Unconstrained build operations Thread 101" [_thread_blocked, id=28224, stack(0x0000005fbef00000,0x0000005fbf000000)]
  0x0000022ee4e7d8c0 JavaThread "Unconstrained build operations Thread 102" [_thread_blocked, id=23556, stack(0x0000005fbf000000,0x0000005fbf100000)]
  0x0000022ee4e7ec00 JavaThread "Unconstrained build operations Thread 103" [_thread_blocked, id=5840, stack(0x0000005fbf100000,0x0000005fbf200000)]
  0x0000022ee4e7a3d0 JavaThread "Unconstrained build operations Thread 104" [_thread_blocked, id=30280, stack(0x0000005fbf200000,0x0000005fbf300000)]
  0x0000022ee4e7c0b0 JavaThread "Unconstrained build operations Thread 105" [_thread_blocked, id=8280, stack(0x0000005fbf300000,0x0000005fbf400000)]
  0x0000022ee4e7dd90 JavaThread "Unconstrained build operations Thread 106" [_thread_blocked, id=5904, stack(0x0000005fbe900000,0x0000005fbea00000)]
  0x0000022ee4e7bbe0 JavaThread "Unconstrained build operations Thread 107" [_thread_blocked, id=3040, stack(0x0000005fbf400000,0x0000005fbf500000)]
  0x0000022ee4e7fa70 JavaThread "Unconstrained build operations Thread 108" [_thread_blocked, id=30576, stack(0x0000005fbf500000,0x0000005fbf600000)]
  0x0000022ee4e7f0d0 JavaThread "Unconstrained build operations Thread 109" [_thread_blocked, id=28964, stack(0x0000005fbf600000,0x0000005fbf700000)]
  0x0000022ee4e79f00 JavaThread "Unconstrained build operations Thread 110" [_thread_blocked, id=33668, stack(0x0000005fbf700000,0x0000005fbf800000)]
  0x0000022ee4e7e260 JavaThread "Unconstrained build operations Thread 111" [_thread_blocked, id=19424, stack(0x0000005fbf800000,0x0000005fbf900000)]
  0x0000022ee4e7e730 JavaThread "Unconstrained build operations Thread 112" [_thread_blocked, id=13356, stack(0x0000005fbf900000,0x0000005fbfa00000)]
  0x0000022ee4e7f5a0 JavaThread "Unconstrained build operations Thread 113" [_thread_blocked, id=26020, stack(0x0000005fbfa00000,0x0000005fbfb00000)]
  0x0000022ee4e7ad70 JavaThread "Unconstrained build operations Thread 114" [_thread_blocked, id=24040, stack(0x0000005fbfb00000,0x0000005fbfc00000)]
  0x0000022ee4e7a8a0 JavaThread "Unconstrained build operations Thread 115" [_thread_blocked, id=33328, stack(0x0000005fbfc00000,0x0000005fbfd00000)]
  0x0000022ee4e7ff40 JavaThread "Unconstrained build operations Thread 116" [_thread_blocked, id=24564, stack(0x0000005fbfd00000,0x0000005fbfe00000)]
  0x0000022ee4e79090 JavaThread "Unconstrained build operations Thread 117" [_thread_blocked, id=18496, stack(0x0000005fbfe00000,0x0000005fbff00000)]
  0x0000022ee4e786f0 JavaThread "Unconstrained build operations Thread 118" [_thread_blocked, id=29652, stack(0x0000005fbff00000,0x0000005fc0000000)]
  0x0000022ee4e79560 JavaThread "Unconstrained build operations Thread 119" [_thread_blocked, id=7412, stack(0x0000005fc0000000,0x0000005fc0100000)]
  0x0000022ee4e7b710 JavaThread "Unconstrained build operations Thread 120" [_thread_blocked, id=26468, stack(0x0000005fc0100000,0x0000005fc0200000)]
  0x0000022ee8799980 JavaThread "C2 CompilerThread1" daemon [_thread_in_native, id=13068, stack(0x0000005fc0400000,0x0000005fc0500000)]
  0x0000022ee53a38c0 JavaThread "C2 CompilerThread2" daemon [_thread_blocked, id=24892, stack(0x0000005fc0500000,0x0000005fc0600000)]

Other Threads:
=>0x0000022ee3ebec10 VMThread "VM Thread" [stack: 0x0000005fb4e00000,0x0000005fb4f00000] [id=19720]
  0x0000022ec9c714e0 WatcherThread [stack: 0x0000005fb5a00000,0x0000005fb5b00000] [id=22676]
  0x0000022ec9c4f460 GCTaskThread "GC Thread#0" [stack: 0x0000005fb4900000,0x0000005fb4a00000] [id=26860]
  0x0000022ee5529390 GCTaskThread "GC Thread#1" [stack: 0x0000005fb5c00000,0x0000005fb5d00000] [id=10892]
  0x0000022ee4f7e280 GCTaskThread "GC Thread#2" [stack: 0x0000005fb5d00000,0x0000005fb5e00000] [id=21832]
  0x0000022ee51f8f60 GCTaskThread "GC Thread#3" [stack: 0x0000005fb5e00000,0x0000005fb5f00000] [id=22156]
  0x0000022ee51f9210 GCTaskThread "GC Thread#4" [stack: 0x0000005fb5f00000,0x0000005fb6000000] [id=28188]
  0x0000022ee5d6ebc0 GCTaskThread "GC Thread#5" [stack: 0x0000005fb6b00000,0x0000005fb6c00000] [id=17232]
  0x0000022ee736d470 GCTaskThread "GC Thread#6" [stack: 0x0000005fb6c00000,0x0000005fb6d00000] [id=14572]
  0x0000022ee736d720 GCTaskThread "GC Thread#7" [stack: 0x0000005fb6d00000,0x0000005fb6e00000] [id=32184]
  0x0000022ee74ffb10 GCTaskThread "GC Thread#8" [stack: 0x0000005fb6e00000,0x0000005fb6f00000] [id=7496]
  0x0000022ee74ffdc0 GCTaskThread "GC Thread#9" [stack: 0x0000005fb6f00000,0x0000005fb7000000] [id=15404]
  0x0000022ec9c61a60 ConcurrentGCThread "G1 Main Marker" [stack: 0x0000005fb4a00000,0x0000005fb4b00000] [id=18104]
  0x0000022ec9c62380 ConcurrentGCThread "G1 Conc#0" [stack: 0x0000005fb4b00000,0x0000005fb4c00000] [id=28888]
  0x0000022ee7165b70 ConcurrentGCThread "G1 Conc#1" [stack: 0x0000005fb7000000,0x0000005fb7100000] [id=5052]
  0x0000022ee71645f0 ConcurrentGCThread "G1 Conc#2" [stack: 0x0000005fb7100000,0x0000005fb7200000] [id=19388]
  0x0000022ec9cbdd90 ConcurrentGCThread "G1 Refine#0" [stack: 0x0000005fb4c00000,0x0000005fb4d00000] [id=27616]
  0x0000022ec9cbe6c0 ConcurrentGCThread "G1 Service" [stack: 0x0000005fb4d00000,0x0000005fb4e00000] [id=30176]

Threads with active compile tasks:
C2 CompilerThread0    41169 12357       4       org.objectweb.asm.ClassReader::readMethod (1061 bytes)
C2 CompilerThread1    41169 12355       4       org.objectweb.asm.ClassReader::accept (1404 bytes)
C2 CompilerThread2    41169 12366       4       org.objectweb.asm.MethodWriter::visitFrame (811 bytes)

VM state: at safepoint (normal execution)

VM Mutex/Monitor currently owned by a thread:  ([mutex/lock_event])
[0x0000022ec9bf3730] Threads_lock - owner thread: 0x0000022ee3ebec10
[0x0000022ec9bf3c40] Heap_lock - owner thread: 0x0000022ee7db9c00

Heap address: 0x0000000080000000, size: 2048 MB, Compressed Oops mode: 32-bit

CDS archive(s) not mapped
Compressed class space mapped at: 0x0000000100000000-0x0000000140000000, reserved size: 1073741824
Narrow klass base: 0x0000000000000000, Narrow klass shift: 3, Narrow klass range: 0x140000000

GC Precious Log:
 CPUs: 12 total, 12 available
 Memory: 14188M
 Large Page Support: Disabled
 NUMA Support: Disabled
 Compressed Oops: Enabled (32-bit)
 Heap Region Size: 1M
 Heap Min Capacity: 8M
 Heap Initial Capacity: 222M
 Heap Max Capacity: 2G
 Pre-touch: Disabled
 Parallel Workers: 10
 Concurrent Workers: 3
 Concurrent Refinement Workers: 10
 Periodic GC: Disabled

Heap:
 garbage-first heap   total 227328K, used 91975K [0x0000000080000000, 0x0000000100000000)
  region size 1024K, 7 young (7168K), 7 survivors (7168K)
 Metaspace       used 69303K, committed 69952K, reserved 1114112K
  class space    used 8737K, committed 9024K, reserved 1048576K

Heap Regions: E=young(eden), S=young(survivor), O=old, HS=humongous(starts), HC=humongous(continues), CS=collection set, F=free, OA=open archive, CA=closed archive, TAMS=top-at-mark-start (previous, next)
|   0|0x0000000080000000, 0x0000000080100000, 0x0000000080100000|100%| O|  |TAMS 0x0000000080100000, 0x0000000080000000| Untracked 
|   1|0x0000000080100000, 0x0000000080200000, 0x0000000080200000|100%| O|  |TAMS 0x0000000080200000, 0x0000000080100000| Untracked 
|   2|0x0000000080200000, 0x0000000080300000, 0x0000000080300000|100%| O|  |TAMS 0x0000000080300000, 0x0000000080200000| Untracked 
|   3|0x0000000080300000, 0x0000000080400000, 0x0000000080400000|100%|HS|  |TAMS 0x0000000080400000, 0x0000000080300000| Complete 
|   4|0x0000000080400000, 0x0000000080500000, 0x0000000080500000|100%|HC|  |TAMS 0x0000000080500000, 0x0000000080400000| Complete 
|   5|0x0000000080500000, 0x0000000080600000, 0x0000000080600000|100%|HC|  |TAMS 0x0000000080600000, 0x0000000080500000| Complete 
|   6|0x0000000080600000, 0x0000000080700000, 0x0000000080700000|100%| O|  |TAMS 0x0000000080700000, 0x0000000080600000| Untracked 
|   7|0x0000000080700000, 0x0000000080800000, 0x0000000080800000|100%| O|  |TAMS 0x0000000080800000, 0x0000000080700000| Untracked 
|   8|0x0000000080800000, 0x0000000080900000, 0x0000000080900000|100%| O|  |TAMS 0x0000000080900000, 0x0000000080800000| Untracked 
|   9|0x0000000080900000, 0x0000000080a00000, 0x0000000080a00000|100%| O|  |TAMS 0x0000000080a00000, 0x0000000080900000| Untracked 
|  10|0x0000000080a00000, 0x0000000080b00000, 0x0000000080b00000|100%| O|  |TAMS 0x0000000080b00000, 0x0000000080a00000| Untracked 
|  11|0x0000000080b00000, 0x0000000080c00000, 0x0000000080c00000|100%| O|  |TAMS 0x0000000080c00000, 0x0000000080b00000| Untracked 
|  12|0x0000000080c00000, 0x0000000080d00000, 0x0000000080d00000|100%| O|  |TAMS 0x0000000080d00000, 0x0000000080c00000| Untracked 
|  13|0x0000000080d00000, 0x0000000080e00000, 0x0000000080e00000|100%|HS|  |TAMS 0x0000000080e00000, 0x0000000080d00000| Complete 
|  14|0x0000000080e00000, 0x0000000080f00000, 0x0000000080f00000|100%|HC|  |TAMS 0x0000000080f00000, 0x0000000080e00000| Complete 
|  15|0x0000000080f00000, 0x0000000081000000, 0x0000000081000000|100%|HS|  |TAMS 0x0000000081000000, 0x0000000080f00000| Complete 
|  16|0x0000000081000000, 0x0000000081100000, 0x0000000081100000|100%|HC|  |TAMS 0x0000000081100000, 0x0000000081000000| Complete 
|  17|0x0000000081100000, 0x0000000081200000, 0x0000000081200000|100%|HC|  |TAMS 0x0000000081200000, 0x0000000081100000| Complete 
|  18|0x0000000081200000, 0x0000000081300000, 0x0000000081300000|100%|HS|  |TAMS 0x0000000081300000, 0x0000000081200000| Complete 
|  19|0x0000000081300000, 0x0000000081400000, 0x0000000081400000|100%|HC|  |TAMS 0x0000000081400000, 0x0000000081300000| Complete 
|  20|0x0000000081400000, 0x0000000081500000, 0x0000000081500000|100%|HC|  |TAMS 0x0000000081500000, 0x0000000081400000| Complete 
|  21|0x0000000081500000, 0x0000000081600000, 0x0000000081600000|100%| O|  |TAMS 0x0000000081600000, 0x0000000081500000| Untracked 
|  22|0x0000000081600000, 0x0000000081700000, 0x0000000081700000|100%| O|  |TAMS 0x00000000816c7000, 0x0000000081600000| Untracked 
|  23|0x0000000081700000, 0x0000000081800000, 0x0000000081800000|100%| O|  |TAMS 0x0000000081800000, 0x0000000081700000| Untracked 
|  24|0x0000000081800000, 0x0000000081900000, 0x0000000081900000|100%| O|  |TAMS 0x0000000081900000, 0x0000000081800000| Untracked 
|  25|0x0000000081900000, 0x0000000081a00000, 0x0000000081a00000|100%| O|  |TAMS 0x0000000081a00000, 0x0000000081900000| Untracked 
|  26|0x0000000081a00000, 0x0000000081b00000, 0x0000000081b00000|100%| O|  |TAMS 0x0000000081b00000, 0x0000000081a00000| Untracked 
|  27|0x0000000081b00000, 0x0000000081bffff8, 0x0000000081c00000| 99%| O|  |TAMS 0x0000000081bffff8, 0x0000000081b00000| Untracked 
|  28|0x0000000081c00000, 0x0000000081d00000, 0x0000000081d00000|100%| O|  |TAMS 0x0000000081d00000, 0x0000000081c00000| Untracked 
|  29|0x0000000081d00000, 0x0000000081e00000, 0x0000000081e00000|100%| O|  |TAMS 0x0000000081e00000, 0x0000000081d00000| Untracked 
|  30|0x0000000081e00000, 0x0000000081f00000, 0x0000000081f00000|100%|HS|  |TAMS 0x0000000081f00000, 0x0000000081e00000| Complete 
|  31|0x0000000081f00000, 0x0000000082000000, 0x0000000082000000|100%|HC|  |TAMS 0x0000000082000000, 0x0000000081f00000| Complete 
|  32|0x0000000082000000, 0x0000000082100000, 0x0000000082100000|100%| O|  |TAMS 0x0000000082000000, 0x0000000082000000| Untracked 
|  33|0x0000000082100000, 0x0000000082200000, 0x0000000082200000|100%| O|  |TAMS 0x0000000082100000, 0x0000000082100000| Untracked 
|  34|0x0000000082200000, 0x0000000082300000, 0x0000000082300000|100%| O|  |TAMS 0x0000000082200000, 0x0000000082200000| Untracked 
|  35|0x0000000082300000, 0x0000000082400000, 0x0000000082400000|100%| O|  |TAMS 0x0000000082300000, 0x0000000082300000| Untracked 
|  36|0x0000000082400000, 0x0000000082500000, 0x0000000082500000|100%| O|  |TAMS 0x0000000082400000, 0x0000000082400000| Untracked 
|  37|0x0000000082500000, 0x0000000082600000, 0x0000000082600000|100%|HS|  |TAMS 0x0000000082500000, 0x0000000082500000| Complete 
|  38|0x0000000082600000, 0x0000000082700000, 0x0000000082700000|100%|HC|  |TAMS 0x0000000082600000, 0x0000000082600000| Complete 
|  39|0x0000000082700000, 0x0000000082800000, 0x0000000082800000|100%|HC|  |TAMS 0x0000000082700000, 0x0000000082700000| Complete 
|  40|0x0000000082800000, 0x0000000082900000, 0x0000000082900000|100%| O|  |TAMS 0x0000000082800000, 0x0000000082800000| Untracked 
|  41|0x0000000082900000, 0x0000000082a00000, 0x0000000082a00000|100%| O|  |TAMS 0x0000000082900000, 0x0000000082900000| Untracked 
|  42|0x0000000082a00000, 0x0000000082b00000, 0x0000000082b00000|100%| O|  |TAMS 0x0000000082a00000, 0x0000000082a00000| Untracked 
|  43|0x0000000082b00000, 0x0000000082c00000, 0x0000000082c00000|100%| O|  |TAMS 0x0000000082b00000, 0x0000000082b00000| Untracked 
|  44|0x0000000082c00000, 0x0000000082d00000, 0x0000000082d00000|100%|HS|  |TAMS 0x0000000082d00000, 0x0000000082c00000| Complete 
|  45|0x0000000082d00000, 0x0000000082e00000, 0x0000000082e00000|100%|HC|  |TAMS 0x0000000082e00000, 0x0000000082d00000| Complete 
|  46|0x0000000082e00000, 0x0000000082f00000, 0x0000000082f00000|100%|HC|  |TAMS 0x0000000082f00000, 0x0000000082e00000| Complete 
|  47|0x0000000082f00000, 0x0000000083000000, 0x0000000083000000|100%|HC|  |TAMS 0x0000000083000000, 0x0000000082f00000| Complete 
|  48|0x0000000083000000, 0x0000000083100000, 0x0000000083100000|100%|HC|  |TAMS 0x0000000083100000, 0x0000000083000000| Complete 
|  49|0x0000000083100000, 0x0000000083200000, 0x0000000083200000|100%|HC|  |TAMS 0x0000000083200000, 0x0000000083100000| Complete 
|  50|0x0000000083200000, 0x0000000083300000, 0x0000000083300000|100%|HC|  |TAMS 0x0000000083300000, 0x0000000083200000| Complete 
|  51|0x0000000083300000, 0x0000000083400000, 0x0000000083400000|100%|HC|  |TAMS 0x0000000083400000, 0x0000000083300000| Complete 
|  52|0x0000000083400000, 0x0000000083500000, 0x0000000083500000|100%|HC|  |TAMS 0x0000000083500000, 0x0000000083400000| Complete 
|  53|0x0000000083500000, 0x0000000083600000, 0x0000000083600000|100%|HC|  |TAMS 0x0000000083600000, 0x0000000083500000| Complete 
|  54|0x0000000083600000, 0x0000000083700000, 0x0000000083700000|100%|HC|  |TAMS 0x0000000083700000, 0x0000000083600000| Complete 
|  55|0x0000000083700000, 0x0000000083800000, 0x0000000083800000|100%|HC|  |TAMS 0x0000000083800000, 0x0000000083700000| Complete 
|  56|0x0000000083800000, 0x0000000083900000, 0x0000000083900000|100%| O|  |TAMS 0x0000000083800000, 0x0000000083800000| Untracked 
|  57|0x0000000083900000, 0x0000000083a00000, 0x0000000083a00000|100%| O|  |TAMS 0x0000000083900000, 0x0000000083900000| Untracked 
|  58|0x0000000083a00000, 0x0000000083b00000, 0x0000000083b00000|100%| O|  |TAMS 0x0000000083a00000, 0x0000000083a00000| Untracked 
|  59|0x0000000083b00000, 0x0000000083c00000, 0x0000000083c00000|100%| O|  |TAMS 0x0000000083b00000, 0x0000000083b00000| Untracked 
|  60|0x0000000083c00000, 0x0000000083d00000, 0x0000000083d00000|100%| O|  |TAMS 0x0000000083c00000, 0x0000000083c00000| Untracked 
|  61|0x0000000083d00000, 0x0000000083e00000, 0x0000000083e00000|100%| O|  |TAMS 0x0000000083d00000, 0x0000000083d00000| Untracked 
|  62|0x0000000083e00000, 0x0000000083f00000, 0x0000000083f00000|100%| O|  |TAMS 0x0000000083e00000, 0x0000000083e00000| Untracked 
|  63|0x0000000083f00000, 0x0000000084000000, 0x0000000084000000|100%| O|  |TAMS 0x0000000083f00000, 0x0000000083f00000| Untracked 
|  64|0x0000000084000000, 0x0000000084100000, 0x0000000084100000|100%| O|  |TAMS 0x0000000084000000, 0x0000000084000000| Untracked 
|  65|0x0000000084100000, 0x0000000084200000, 0x0000000084200000|100%|HS|  |TAMS 0x0000000084100000, 0x0000000084100000| Complete 
|  66|0x0000000084200000, 0x0000000084300000, 0x0000000084300000|100%|HC|  |TAMS 0x0000000084200000, 0x0000000084200000| Complete 
|  67|0x0000000084300000, 0x0000000084400000, 0x0000000084400000|100%|HC|  |TAMS 0x0000000084300000, 0x0000000084300000| Complete 
|  68|0x0000000084400000, 0x0000000084500000, 0x0000000084500000|100%| O|  |TAMS 0x0000000084400000, 0x0000000084400000| Untracked 
|  69|0x0000000084500000, 0x0000000084600000, 0x0000000084600000|100%| O|  |TAMS 0x0000000084500000, 0x0000000084500000| Untracked 
|  70|0x0000000084600000, 0x0000000084700000, 0x0000000084700000|100%| O|  |TAMS 0x0000000084600000, 0x0000000084600000| Untracked 
|  71|0x0000000084700000, 0x0000000084800000, 0x0000000084800000|100%| O|  |TAMS 0x0000000084700000, 0x0000000084700000| Untracked 
|  72|0x0000000084800000, 0x0000000084900000, 0x0000000084900000|100%| O|  |TAMS 0x0000000084800000, 0x0000000084800000| Untracked 
|  73|0x0000000084900000, 0x0000000084a00000, 0x0000000084a00000|100%| O|  |TAMS 0x0000000084900000, 0x0000000084900000| Untracked 
|  74|0x0000000084a00000, 0x0000000084b00000, 0x0000000084b00000|100%| O|  |TAMS 0x0000000084a00000, 0x0000000084a00000| Untracked 
|  75|0x0000000084b00000, 0x0000000084c00000, 0x0000000084c00000|100%| O|  |TAMS 0x0000000084b00000, 0x0000000084b00000| Untracked 
|  76|0x0000000084c00000, 0x0000000084d00000, 0x0000000084d00000|100%| O|  |TAMS 0x0000000084c00000, 0x0000000084c00000| Untracked 
|  77|0x0000000084d00000, 0x0000000084e00000, 0x0000000084e00000|100%|HS|  |TAMS 0x0000000084d00000, 0x0000000084d00000| Complete 
|  78|0x0000000084e00000, 0x0000000084e00000, 0x0000000084f00000|  0%| F|  |TAMS 0x0000000084e00000, 0x0000000084e00000| Untracked 
|  79|0x0000000084f00000, 0x0000000085000000, 0x0000000085000000|100%|HS|  |TAMS 0x0000000084f00000, 0x0000000084f00000| Complete 
|  80|0x0000000085000000, 0x0000000085100000, 0x0000000085100000|100%|HS|  |TAMS 0x0000000085000000, 0x0000000085000000| Complete 
|  81|0x0000000085100000, 0x0000000085200000, 0x0000000085200000|100%| O|  |TAMS 0x0000000085100000, 0x0000000085100000| Untracked 
|  82|0x0000000085200000, 0x0000000085300000, 0x0000000085300000|100%| O|  |TAMS 0x0000000085200000, 0x0000000085200000| Untracked 
|  83|0x0000000085300000, 0x00000000853f9e00, 0x0000000085400000| 97%| O|  |TAMS 0x0000000085300000, 0x0000000085300000| Untracked 
|  84|0x0000000085400000, 0x0000000085400000, 0x0000000085500000|  0%| F|  |TAMS 0x0000000085400000, 0x0000000085400000| Untracked 
|  85|0x0000000085500000, 0x0000000085500000, 0x0000000085600000|  0%| F|  |TAMS 0x0000000085500000, 0x0000000085500000| Untracked 
|  86|0x0000000085600000, 0x0000000085600000, 0x0000000085700000|  0%| F|  |TAMS 0x0000000085600000, 0x0000000085600000| Untracked 
|  87|0x0000000085700000, 0x0000000085700000, 0x0000000085800000|  0%| F|  |TAMS 0x0000000085700000, 0x0000000085700000| Untracked 
|  88|0x0000000085800000, 0x0000000085800000, 0x0000000085900000|  0%| F|  |TAMS 0x0000000085800000, 0x0000000085800000| Untracked 
|  89|0x0000000085900000, 0x0000000085900000, 0x0000000085a00000|  0%| F|  |TAMS 0x0000000085900000, 0x0000000085900000| Untracked 
|  90|0x0000000085a00000, 0x0000000085a00000, 0x0000000085b00000|  0%| F|  |TAMS 0x0000000085a00000, 0x0000000085a00000| Untracked 
|  91|0x0000000085b00000, 0x0000000085b00000, 0x0000000085c00000|  0%| F|  |TAMS 0x0000000085b00000, 0x0000000085b00000| Untracked 
|  92|0x0000000085c00000, 0x0000000085c00000, 0x0000000085d00000|  0%| F|  |TAMS 0x0000000085c00000, 0x0000000085c00000| Untracked 
|  93|0x0000000085d00000, 0x0000000085d00000, 0x0000000085e00000|  0%| F|  |TAMS 0x0000000085d00000, 0x0000000085d00000| Untracked 
|  94|0x0000000085e00000, 0x0000000085e00000, 0x0000000085f00000|  0%| F|  |TAMS 0x0000000085e00000, 0x0000000085e00000| Untracked 
|  95|0x0000000085f00000, 0x0000000085f00000, 0x0000000086000000|  0%| F|  |TAMS 0x0000000085f00000, 0x0000000085f00000| Untracked 
|  96|0x0000000086000000, 0x0000000086000000, 0x0000000086100000|  0%| F|  |TAMS 0x0000000086000000, 0x0000000086000000| Untracked 
|  97|0x0000000086100000, 0x0000000086100000, 0x0000000086200000|  0%| F|  |TAMS 0x0000000086100000, 0x0000000086100000| Untracked 
|  98|0x0000000086200000, 0x0000000086200000, 0x0000000086300000|  0%| F|  |TAMS 0x0000000086200000, 0x0000000086200000| Untracked 
|  99|0x0000000086300000, 0x0000000086300000, 0x0000000086400000|  0%| F|  |TAMS 0x0000000086300000, 0x0000000086300000| Untracked 
| 100|0x0000000086400000, 0x0000000086400000, 0x0000000086500000|  0%| F|  |TAMS 0x0000000086400000, 0x0000000086400000| Untracked 
| 101|0x0000000086500000, 0x0000000086500000, 0x0000000086600000|  0%| F|  |TAMS 0x0000000086500000, 0x0000000086500000| Untracked 
| 102|0x0000000086600000, 0x0000000086600000, 0x0000000086700000|  0%| F|  |TAMS 0x0000000086600000, 0x0000000086600000| Untracked 
| 103|0x0000000086700000, 0x0000000086700000, 0x0000000086800000|  0%| F|  |TAMS 0x0000000086700000, 0x0000000086700000| Untracked 
| 104|0x0000000086800000, 0x0000000086800000, 0x0000000086900000|  0%| F|  |TAMS 0x0000000086800000, 0x0000000086800000| Untracked 
| 105|0x0000000086900000, 0x0000000086900000, 0x0000000086a00000|  0%| F|  |TAMS 0x0000000086900000, 0x0000000086900000| Untracked 
| 106|0x0000000086a00000, 0x0000000086a00000, 0x0000000086b00000|  0%| F|  |TAMS 0x0000000086a00000, 0x0000000086a00000| Untracked 
| 107|0x0000000086b00000, 0x0000000086bd81c8, 0x0000000086c00000| 84%| S|CS|TAMS 0x0000000086b00000, 0x0000000086b00000| Complete 
| 108|0x0000000086c00000, 0x0000000086c00000, 0x0000000086d00000|  0%| F|  |TAMS 0x0000000086c00000, 0x0000000086c00000| Untracked 
| 109|0x0000000086d00000, 0x0000000086e00000, 0x0000000086e00000|100%| S|CS|TAMS 0x0000000086d00000, 0x0000000086d00000| Complete 
| 110|0x0000000086e00000, 0x0000000086f00000, 0x0000000086f00000|100%| S|CS|TAMS 0x0000000086e00000, 0x0000000086e00000| Complete 
| 111|0x0000000086f00000, 0x0000000086f00000, 0x0000000087000000|  0%| F|  |TAMS 0x0000000086f00000, 0x0000000086f00000| Untracked 
| 112|0x0000000087000000, 0x0000000087000000, 0x0000000087100000|  0%| F|  |TAMS 0x0000000087000000, 0x0000000087000000| Untracked 
| 113|0x0000000087100000, 0x0000000087100000, 0x0000000087200000|  0%| F|  |TAMS 0x0000000087100000, 0x0000000087100000| Untracked 
| 114|0x0000000087200000, 0x0000000087300000, 0x0000000087300000|100%| S|CS|TAMS 0x0000000087200000, 0x0000000087200000| Complete 
| 115|0x0000000087300000, 0x0000000087400000, 0x0000000087400000|100%| S|CS|TAMS 0x0000000087300000, 0x0000000087300000| Complete 
| 116|0x0000000087400000, 0x0000000087500000, 0x0000000087500000|100%| S|CS|TAMS 0x0000000087400000, 0x0000000087400000| Complete 
| 117|0x0000000087500000, 0x0000000087600000, 0x0000000087600000|100%| S|CS|TAMS 0x0000000087500000, 0x0000000087500000| Complete 
| 118|0x0000000087600000, 0x0000000087600000, 0x0000000087700000|  0%| F|  |TAMS 0x0000000087600000, 0x0000000087600000| Untracked 
| 119|0x0000000087700000, 0x0000000087700000, 0x0000000087800000|  0%| F|  |TAMS 0x0000000087700000, 0x0000000087700000| Untracked 
| 120|0x0000000087800000, 0x0000000087800000, 0x0000000087900000|  0%| F|  |TAMS 0x0000000087800000, 0x0000000087800000| Untracked 
| 121|0x0000000087900000, 0x0000000087900000, 0x0000000087a00000|  0%| F|  |TAMS 0x0000000087900000, 0x0000000087900000| Untracked 
| 122|0x0000000087a00000, 0x0000000087a00000, 0x0000000087b00000|  0%| F|  |TAMS 0x0000000087a00000, 0x0000000087a00000| Untracked 
| 123|0x0000000087b00000, 0x0000000087b00000, 0x0000000087c00000|  0%| F|  |TAMS 0x0000000087b00000, 0x0000000087b00000| Untracked 
| 124|0x0000000087c00000, 0x0000000087c00000, 0x0000000087d00000|  0%| F|  |TAMS 0x0000000087c00000, 0x0000000087c00000| Untracked 
| 125|0x0000000087d00000, 0x0000000087d00000, 0x0000000087e00000|  0%| F|  |TAMS 0x0000000087d00000, 0x0000000087d00000| Untracked 
| 126|0x0000000087e00000, 0x0000000087e00000, 0x0000000087f00000|  0%| F|  |TAMS 0x0000000087e00000, 0x0000000087e00000| Untracked 
| 127|0x0000000087f00000, 0x0000000087f00000, 0x0000000088000000|  0%| F|  |TAMS 0x0000000087f00000, 0x0000000087f00000| Untracked 
| 128|0x0000000088000000, 0x0000000088000000, 0x0000000088100000|  0%| F|  |TAMS 0x0000000088000000, 0x0000000088000000| Untracked 
| 129|0x0000000088100000, 0x0000000088100000, 0x0000000088200000|  0%| F|  |TAMS 0x0000000088100000, 0x0000000088100000| Untracked 
| 130|0x0000000088200000, 0x0000000088200000, 0x0000000088300000|  0%| F|  |TAMS 0x0000000088200000, 0x0000000088200000| Untracked 
| 131|0x0000000088300000, 0x0000000088300000, 0x0000000088400000|  0%| F|  |TAMS 0x0000000088300000, 0x0000000088300000| Untracked 
| 132|0x0000000088400000, 0x0000000088400000, 0x0000000088500000|  0%| F|  |TAMS 0x0000000088400000, 0x0000000088400000| Untracked 
| 133|0x0000000088500000, 0x0000000088500000, 0x0000000088600000|  0%| F|  |TAMS 0x0000000088500000, 0x0000000088500000| Untracked 
| 134|0x0000000088600000, 0x0000000088600000, 0x0000000088700000|  0%| F|  |TAMS 0x0000000088600000, 0x0000000088600000| Untracked 
| 135|0x0000000088700000, 0x0000000088700000, 0x0000000088800000|  0%| F|  |TAMS 0x0000000088700000, 0x0000000088700000| Untracked 
| 136|0x0000000088800000, 0x0000000088800000, 0x0000000088900000|  0%| F|  |TAMS 0x0000000088800000, 0x0000000088800000| Untracked 
| 137|0x0000000088900000, 0x0000000088900000, 0x0000000088a00000|  0%| F|  |TAMS 0x0000000088900000, 0x0000000088900000| Untracked 
| 138|0x0000000088a00000, 0x0000000088a00000, 0x0000000088b00000|  0%| F|  |TAMS 0x0000000088a00000, 0x0000000088a00000| Untracked 
| 139|0x0000000088b00000, 0x0000000088b00000, 0x0000000088c00000|  0%| F|  |TAMS 0x0000000088b00000, 0x0000000088b00000| Untracked 
| 140|0x0000000088c00000, 0x0000000088c00000, 0x0000000088d00000|  0%| F|  |TAMS 0x0000000088c00000, 0x0000000088c00000| Untracked 
| 141|0x0000000088d00000, 0x0000000088d00000, 0x0000000088e00000|  0%| F|  |TAMS 0x0000000088d00000, 0x0000000088d00000| Untracked 
| 142|0x0000000088e00000, 0x0000000088e00000, 0x0000000088f00000|  0%| F|  |TAMS 0x0000000088e00000, 0x0000000088e00000| Untracked 
| 143|0x0000000088f00000, 0x0000000088f00000, 0x0000000089000000|  0%| F|  |TAMS 0x0000000088f00000, 0x0000000088f00000| Untracked 
| 144|0x0000000089000000, 0x0000000089000000, 0x0000000089100000|  0%| F|  |TAMS 0x0000000089000000, 0x0000000089000000| Untracked 
| 145|0x0000000089100000, 0x0000000089100000, 0x0000000089200000|  0%| F|  |TAMS 0x0000000089100000, 0x0000000089100000| Untracked 
| 146|0x0000000089200000, 0x0000000089200000, 0x0000000089300000|  0%| F|  |TAMS 0x0000000089200000, 0x0000000089200000| Untracked 
| 147|0x0000000089300000, 0x0000000089300000, 0x0000000089400000|  0%| F|  |TAMS 0x0000000089300000, 0x0000000089300000| Untracked 
| 148|0x0000000089400000, 0x0000000089400000, 0x0000000089500000|  0%| F|  |TAMS 0x0000000089400000, 0x0000000089400000| Untracked 
| 149|0x0000000089500000, 0x0000000089500000, 0x0000000089600000|  0%| F|  |TAMS 0x0000000089500000, 0x0000000089500000| Untracked 
| 150|0x0000000089600000, 0x0000000089600000, 0x0000000089700000|  0%| F|  |TAMS 0x0000000089600000, 0x0000000089600000| Untracked 
| 151|0x0000000089700000, 0x0000000089700000, 0x0000000089800000|  0%| F|  |TAMS 0x0000000089700000, 0x0000000089700000| Untracked 
| 152|0x0000000089800000, 0x0000000089800000, 0x0000000089900000|  0%| F|  |TAMS 0x0000000089800000, 0x0000000089800000| Untracked 
| 153|0x0000000089900000, 0x0000000089900000, 0x0000000089a00000|  0%| F|  |TAMS 0x0000000089900000, 0x0000000089900000| Untracked 
| 154|0x0000000089a00000, 0x0000000089a00000, 0x0000000089b00000|  0%| F|  |TAMS 0x0000000089a00000, 0x0000000089a00000| Untracked 
| 155|0x0000000089b00000, 0x0000000089b00000, 0x0000000089c00000|  0%| F|  |TAMS 0x0000000089b00000, 0x0000000089b00000| Untracked 
| 156|0x0000000089c00000, 0x0000000089c00000, 0x0000000089d00000|  0%| F|  |TAMS 0x0000000089c00000, 0x0000000089c00000| Untracked 
| 157|0x0000000089d00000, 0x0000000089d00000, 0x0000000089e00000|  0%| F|  |TAMS 0x0000000089d00000, 0x0000000089d00000| Untracked 
| 158|0x0000000089e00000, 0x0000000089e00000, 0x0000000089f00000|  0%| F|  |TAMS 0x0000000089e00000, 0x0000000089e00000| Untracked 
| 159|0x0000000089f00000, 0x0000000089f00000, 0x000000008a000000|  0%| F|  |TAMS 0x0000000089f00000, 0x0000000089f00000| Untracked 
| 160|0x000000008a000000, 0x000000008a000000, 0x000000008a100000|  0%| F|  |TAMS 0x000000008a000000, 0x000000008a000000| Untracked 
| 161|0x000000008a100000, 0x000000008a100000, 0x000000008a200000|  0%| F|  |TAMS 0x000000008a100000, 0x000000008a100000| Untracked 
| 162|0x000000008a200000, 0x000000008a200000, 0x000000008a300000|  0%| F|  |TAMS 0x000000008a200000, 0x000000008a200000| Untracked 
| 163|0x000000008a300000, 0x000000008a300000, 0x000000008a400000|  0%| F|  |TAMS 0x000000008a300000, 0x000000008a300000| Untracked 
| 164|0x000000008a400000, 0x000000008a400000, 0x000000008a500000|  0%| F|  |TAMS 0x000000008a400000, 0x000000008a400000| Untracked 
| 165|0x000000008a500000, 0x000000008a500000, 0x000000008a600000|  0%| F|  |TAMS 0x000000008a500000, 0x000000008a500000| Untracked 
| 166|0x000000008a600000, 0x000000008a600000, 0x000000008a700000|  0%| F|  |TAMS 0x000000008a600000, 0x000000008a600000| Untracked 
| 167|0x000000008a700000, 0x000000008a700000, 0x000000008a800000|  0%| F|  |TAMS 0x000000008a700000, 0x000000008a700000| Untracked 
| 168|0x000000008a800000, 0x000000008a800000, 0x000000008a900000|  0%| F|  |TAMS 0x000000008a800000, 0x000000008a800000| Untracked 
| 169|0x000000008a900000, 0x000000008a900000, 0x000000008aa00000|  0%| F|  |TAMS 0x000000008a900000, 0x000000008a900000| Untracked 
| 170|0x000000008aa00000, 0x000000008aa00000, 0x000000008ab00000|  0%| F|  |TAMS 0x000000008aa00000, 0x000000008aa00000| Untracked 
| 171|0x000000008ab00000, 0x000000008ab00000, 0x000000008ac00000|  0%| F|  |TAMS 0x000000008ab00000, 0x000000008ab00000| Untracked 
| 172|0x000000008ac00000, 0x000000008ac00000, 0x000000008ad00000|  0%| F|  |TAMS 0x000000008ac00000, 0x000000008ac00000| Untracked 
| 173|0x000000008ad00000, 0x000000008ad00000, 0x000000008ae00000|  0%| F|  |TAMS 0x000000008ad00000, 0x000000008ad00000| Untracked 
| 174|0x000000008ae00000, 0x000000008ae00000, 0x000000008af00000|  0%| F|  |TAMS 0x000000008ae00000, 0x000000008ae00000| Untracked 
| 175|0x000000008af00000, 0x000000008af00000, 0x000000008b000000|  0%| F|  |TAMS 0x000000008af00000, 0x000000008af00000| Untracked 
| 176|0x000000008b000000, 0x000000008b000000, 0x000000008b100000|  0%| F|  |TAMS 0x000000008b000000, 0x000000008b000000| Untracked 
| 177|0x000000008b100000, 0x000000008b100000, 0x000000008b200000|  0%| F|  |TAMS 0x000000008b100000, 0x000000008b100000| Untracked 
| 178|0x000000008b200000, 0x000000008b200000, 0x000000008b300000|  0%| F|  |TAMS 0x000000008b200000, 0x000000008b200000| Untracked 
| 179|0x000000008b300000, 0x000000008b300000, 0x000000008b400000|  0%| F|  |TAMS 0x000000008b300000, 0x000000008b300000| Untracked 
| 180|0x000000008b400000, 0x000000008b400000, 0x000000008b500000|  0%| F|  |TAMS 0x000000008b400000, 0x000000008b400000| Untracked 
| 181|0x000000008b500000, 0x000000008b500000, 0x000000008b600000|  0%| F|  |TAMS 0x000000008b500000, 0x000000008b500000| Untracked 
| 182|0x000000008b600000, 0x000000008b600000, 0x000000008b700000|  0%| F|  |TAMS 0x000000008b600000, 0x000000008b600000| Untracked 
| 183|0x000000008b700000, 0x000000008b700000, 0x000000008b800000|  0%| F|  |TAMS 0x000000008b700000, 0x000000008b700000| Untracked 
| 184|0x000000008b800000, 0x000000008b800000, 0x000000008b900000|  0%| F|  |TAMS 0x000000008b800000, 0x000000008b800000| Untracked 
| 185|0x000000008b900000, 0x000000008b900000, 0x000000008ba00000|  0%| F|  |TAMS 0x000000008b900000, 0x000000008b900000| Untracked 
| 186|0x000000008ba00000, 0x000000008ba00000, 0x000000008bb00000|  0%| F|  |TAMS 0x000000008ba00000, 0x000000008ba00000| Untracked 
| 187|0x000000008bb00000, 0x000000008bb00000, 0x000000008bc00000|  0%| F|  |TAMS 0x000000008bb00000, 0x000000008bb00000| Untracked 
| 188|0x000000008bc00000, 0x000000008bc00000, 0x000000008bd00000|  0%| F|  |TAMS 0x000000008bc00000, 0x000000008bc00000| Untracked 
| 189|0x000000008bd00000, 0x000000008bd00000, 0x000000008be00000|  0%| F|  |TAMS 0x000000008bd00000, 0x000000008bd00000| Untracked 
| 190|0x000000008be00000, 0x000000008be00000, 0x000000008bf00000|  0%| F|  |TAMS 0x000000008be00000, 0x000000008be00000| Untracked 
| 191|0x000000008bf00000, 0x000000008bf00000, 0x000000008c000000|  0%| F|  |TAMS 0x000000008bf00000, 0x000000008bf00000| Untracked 
| 192|0x000000008c000000, 0x000000008c000000, 0x000000008c100000|  0%| F|  |TAMS 0x000000008c000000, 0x000000008c000000| Untracked 
| 193|0x000000008c100000, 0x000000008c100000, 0x000000008c200000|  0%| F|  |TAMS 0x000000008c100000, 0x000000008c100000| Untracked 
| 194|0x000000008c200000, 0x000000008c200000, 0x000000008c300000|  0%| F|  |TAMS 0x000000008c200000, 0x000000008c200000| Untracked 
| 195|0x000000008c300000, 0x000000008c300000, 0x000000008c400000|  0%| F|  |TAMS 0x000000008c300000, 0x000000008c300000| Untracked 
| 196|0x000000008c400000, 0x000000008c400000, 0x000000008c500000|  0%| F|  |TAMS 0x000000008c400000, 0x000000008c400000| Untracked 
| 197|0x000000008c500000, 0x000000008c500000, 0x000000008c600000|  0%| F|  |TAMS 0x000000008c500000, 0x000000008c500000| Untracked 
| 198|0x000000008c600000, 0x000000008c600000, 0x000000008c700000|  0%| F|  |TAMS 0x000000008c600000, 0x000000008c600000| Untracked 
| 199|0x000000008c700000, 0x000000008c700000, 0x000000008c800000|  0%| F|  |TAMS 0x000000008c700000, 0x000000008c700000| Untracked 
| 200|0x000000008c800000, 0x000000008c800000, 0x000000008c900000|  0%| F|  |TAMS 0x000000008c800000, 0x000000008c800000| Untracked 
| 201|0x000000008c900000, 0x000000008c900000, 0x000000008ca00000|  0%| F|  |TAMS 0x000000008c900000, 0x000000008c900000| Untracked 
| 202|0x000000008ca00000, 0x000000008ca00000, 0x000000008cb00000|  0%| F|  |TAMS 0x000000008ca00000, 0x000000008ca00000| Untracked 
| 203|0x000000008cb00000, 0x000000008cb00000, 0x000000008cc00000|  0%| F|  |TAMS 0x000000008cb00000, 0x000000008cb00000| Untracked 
| 204|0x000000008cc00000, 0x000000008cc00000, 0x000000008cd00000|  0%| F|  |TAMS 0x000000008cc00000, 0x000000008cc00000| Untracked 
| 205|0x000000008cd00000, 0x000000008cd00000, 0x000000008ce00000|  0%| F|  |TAMS 0x000000008cd00000, 0x000000008cd00000| Untracked 
| 206|0x000000008ce00000, 0x000000008ce00000, 0x000000008cf00000|  0%| F|  |TAMS 0x000000008ce00000, 0x000000008ce00000| Untracked 
| 207|0x000000008cf00000, 0x000000008cf00000, 0x000000008d000000|  0%| F|  |TAMS 0x000000008cf00000, 0x000000008cf00000| Untracked 
| 208|0x000000008d000000, 0x000000008d000000, 0x000000008d100000|  0%| F|  |TAMS 0x000000008d000000, 0x000000008d000000| Untracked 
| 209|0x000000008d100000, 0x000000008d100000, 0x000000008d200000|  0%| F|  |TAMS 0x000000008d100000, 0x000000008d100000| Untracked 
| 210|0x000000008d200000, 0x000000008d200000, 0x000000008d300000|  0%| F|  |TAMS 0x000000008d200000, 0x000000008d200000| Untracked 
| 211|0x000000008d300000, 0x000000008d300000, 0x000000008d400000|  0%| F|  |TAMS 0x000000008d300000, 0x000000008d300000| Untracked 
| 212|0x000000008d400000, 0x000000008d400000, 0x000000008d500000|  0%| F|  |TAMS 0x000000008d400000, 0x000000008d400000| Untracked 
| 213|0x000000008d500000, 0x000000008d500000, 0x000000008d600000|  0%| F|  |TAMS 0x000000008d500000, 0x000000008d500000| Untracked 
| 214|0x000000008d600000, 0x000000008d600000, 0x000000008d700000|  0%| F|  |TAMS 0x000000008d600000, 0x000000008d600000| Untracked 
| 215|0x000000008d700000, 0x000000008d700000, 0x000000008d800000|  0%| F|  |TAMS 0x000000008d700000, 0x000000008d700000| Untracked 
| 216|0x000000008d800000, 0x000000008d800000, 0x000000008d900000|  0%| F|  |TAMS 0x000000008d800000, 0x000000008d800000| Untracked 
| 217|0x000000008d900000, 0x000000008d900000, 0x000000008da00000|  0%| F|  |TAMS 0x000000008d900000, 0x000000008d900000| Untracked 
| 218|0x000000008da00000, 0x000000008da00000, 0x000000008db00000|  0%| F|  |TAMS 0x000000008da00000, 0x000000008da00000| Untracked 
| 219|0x000000008db00000, 0x000000008db00000, 0x000000008dc00000|  0%| F|  |TAMS 0x000000008db00000, 0x000000008db00000| Untracked 
| 220|0x000000008dc00000, 0x000000008dc00000, 0x000000008dd00000|  0%| F|  |TAMS 0x000000008dc00000, 0x000000008dc00000| Untracked 
| 221|0x000000008dd00000, 0x000000008dd00000, 0x000000008de00000|  0%| F|  |TAMS 0x000000008dd00000, 0x000000008dd00000| Untracked 

Card table byte_map: [0x0000022edca10000,0x0000022edce10000] _byte_map_base: 0x0000022edc610000

Marking Bits (Prev, Next): (CMBitMap*) 0x0000022ec9c509d0, (CMBitMap*) 0x0000022ec9c50990
 Prev Bits: [0x0000022edf210000, 0x0000022ee1210000)
 Next Bits: [0x0000022edd210000, 0x0000022edf210000)

Polling page: 0x0000022ec7a50000

Metaspace:

Usage:
  Non-class:     59.15 MB used.
      Class:      8.53 MB used.
       Both:     67.68 MB used.

Virtual space:
  Non-class space:       64.00 MB reserved,      59.50 MB ( 93%) committed,  8 nodes.
      Class space:        1.00 GB reserved,       8.81 MB ( <1%) committed,  1 nodes.
             Both:        1.06 GB reserved,      68.31 MB (  6%) committed. 

Chunk freelists:
   Non-Class:  3.97 MB
       Class:  3.05 MB
        Both:  7.01 MB

MaxMetaspaceSize: unlimited
CompressedClassSpaceSize: 1.00 GB
Initial GC threshold: 21.00 MB
Current GC threshold: 77.44 MB
CDS: off
MetaspaceReclaimPolicy: balanced
 - commit_granule_bytes: 65536.
 - commit_granule_words: 8192.
 - virtual_space_node_default_size: 1048576.
 - enlarge_chunks_in_place: 1.
 - new_chunks_are_fully_committed: 0.
 - uncommit_free_chunks: 1.
 - use_allocation_guard: 0.
 - handle_deallocations: 1.


Internal statistics:

num_allocs_failed_limit: 6.
num_arena_births: 600.
num_arena_deaths: 0.
num_vsnodes_births: 9.
num_vsnodes_deaths: 0.
num_space_committed: 1093.
num_space_uncommitted: 0.
num_chunks_returned_to_freelist: 6.
num_chunks_taken_from_freelist: 2729.
num_chunk_merges: 6.
num_chunk_splits: 1793.
num_chunks_enlarged: 1200.
num_purges: 0.
num_inconsistent_stats: 0.

CodeHeap 'non-profiled nmethods': size=120000Kb used=7614Kb max_used=7865Kb free=112385Kb
 bounds [0x0000022ed4b90000, 0x0000022ed5340000, 0x0000022edc0c0000]
CodeHeap 'profiled nmethods': size=120000Kb used=18668Kb max_used=20392Kb free=101332Kb
 bounds [0x0000022ecd0c0000, 0x0000022ece4b0000, 0x0000022ed45f0000]
CodeHeap 'non-nmethods': size=5760Kb used=2417Kb max_used=2438Kb free=3342Kb
 bounds [0x0000022ed45f0000, 0x0000022ed4860000, 0x0000022ed4b90000]
 total_blobs=10691 nmethods=9788 adapters=813
 compilation: enabled
              stopped_count=0, restarted_count=0
 full_count=0

Compilation events (20 events):
Event: 40.876 Thread 0x0000022ee489bf00 12417       1       org.gradle.cache.internal.filelock.LockStateAccess::getRegionEnd (5 bytes)
Event: 40.876 Thread 0x0000022ee489bf00 nmethod 12417 0x0000022ed52db390 code [0x0000022ed52db520, 0x0000022ed52db5f8]
Event: 40.881 Thread 0x0000022ee489bf00 12418       1       org.gradle.cache.internal.DefaultFileLockManager::access$000 (5 bytes)
Event: 40.882 Thread 0x0000022ee489bf00 nmethod 12418 0x0000022ed52db010 code [0x0000022ed52db1a0, 0x0000022ed52db258]
Event: 40.885 Thread 0x0000022ee489bf00 12420       2       sun.nio.fs.WindowsFileAttributes::isSymbolicLink (15 bytes)
Event: 40.886 Thread 0x0000022ee489bf00 nmethod 12420 0x0000022ecd9db790 code [0x0000022ecd9db920, 0x0000022ecd9dba38]
Event: 40.893 Thread 0x0000022ee489bf00 12422       1       org.gradle.cache.internal.DefaultFileLockManager::access$1200 (5 bytes)
Event: 40.900 Thread 0x0000022ee489bf00 nmethod 12422 0x0000022ed4e7cc10 code [0x0000022ed4e7cda0, 0x0000022ed4e7ce58]
Event: 40.943 Thread 0x0000022ee489bf00 12423 %     3       org.objectweb.asm.MethodWriter::putMethodInfo @ 990 (1274 bytes)
Event: 40.947 Thread 0x0000022ee489bf00 nmethod 12423% 0x0000022ecd1a2f90 code [0x0000022ecd1a3620, 0x0000022ecd1a5bd8]
Event: 40.948 Thread 0x0000022ee489bf00 12424       3       org.objectweb.asm.MethodWriter::putMethodInfo (1274 bytes)
Event: 40.952 Thread 0x0000022ee489bf00 nmethod 12424 0x0000022ecdc4f590 code [0x0000022ecdc4fc00, 0x0000022ecdc51ff8]
Event: 41.005 Thread 0x0000022ee489bf00 12425       2       org.objectweb.asm.MethodVisitor::visitMultiANewArrayInsn (17 bytes)
Event: 41.005 Thread 0x0000022ee489bf00 nmethod 12425 0x0000022ecda35190 code [0x0000022ecda35320, 0x0000022ecda35448]
Event: 41.083 Thread 0x0000022ee489bf00 12427       2       org.objectweb.asm.MethodVisitor::visitLocalVariableAnnotation (47 bytes)
Event: 41.083 Thread 0x0000022ee489bf00 nmethod 12427 0x0000022ecd8cf890 code [0x0000022ecd8cfa40, 0x0000022ecd8cfc78]
Event: 41.084 Thread 0x0000022ee489bf00 12428       2       java.lang.Exception::<init> (5 bytes)
Event: 41.085 Thread 0x0000022ee489bf00 nmethod 12428 0x0000022ecd8ff410 code [0x0000022ecd8ff5c0, 0x0000022ecd8ff828]
Event: 41.085 Thread 0x0000022ee489bf00 12429       1       org.gradle.cache.internal.DefaultFileLockManager::access$200 (5 bytes)
Event: 41.085 Thread 0x0000022ee489bf00 nmethod 12429 0x0000022ed4e7c910 code [0x0000022ed4e7caa0, 0x0000022ed4e7cb58]

GC Heap History (20 events):
Event: 16.451 GC heap after
{Heap after GC invocations=41 (full 0):
 garbage-first heap   total 227328K, used 78156K [0x0000000080000000, 0x0000000100000000)
  region size 1024K, 12 young (12288K), 12 survivors (12288K)
 Metaspace       used 63452K, committed 64000K, reserved 1105920K
  class space    used 8299K, committed 8576K, reserved 1048576K
}
Event: 22.168 GC heap before
{Heap before GC invocations=41 (full 0):
 garbage-first heap   total 227328K, used 189772K [0x0000000080000000, 0x0000000100000000)
  region size 1024K, 121 young (123904K), 12 survivors (12288K)
 Metaspace       used 68314K, committed 68928K, reserved 1114112K
  class space    used 8702K, committed 8960K, reserved 1048576K
}
Event: 22.177 GC heap after
{Heap after GC invocations=42 (full 0):
 garbage-first heap   total 227328K, used 85124K [0x0000000080000000, 0x0000000100000000)
  region size 1024K, 7 young (7168K), 7 survivors (7168K)
 Metaspace       used 68314K, committed 68928K, reserved 1114112K
  class space    used 8702K, committed 8960K, reserved 1048576K
}
Event: 27.997 GC heap before
{Heap before GC invocations=42 (full 0):
 garbage-first heap   total 227328K, used 188548K [0x0000000080000000, 0x0000000100000000)
  region size 1024K, 108 young (110592K), 7 survivors (7168K)
 Metaspace       used 69016K, committed 69632K, reserved 1114112K
  class space    used 8731K, committed 9024K, reserved 1048576K
}
Event: 28.000 GC heap after
{Heap after GC invocations=43 (full 0):
 garbage-first heap   total 227328K, used 85730K [0x0000000080000000, 0x0000000100000000)
  region size 1024K, 8 young (8192K), 8 survivors (8192K)
 Metaspace       used 69016K, committed 69632K, reserved 1114112K
  class space    used 8731K, committed 9024K, reserved 1048576K
}
Event: 40.572 GC heap before
{Heap before GC invocations=43 (full 0):
 garbage-first heap   total 227328K, used 192226K [0x0000000080000000, 0x0000000100000000)
  region size 1024K, 110 young (112640K), 8 survivors (8192K)
 Metaspace       used 69259K, committed 69888K, reserved 1114112K
  class space    used 8733K, committed 9024K, reserved 1048576K
}
Event: 40.576 GC heap after
{Heap after GC invocations=44 (full 0):
 garbage-first heap   total 227328K, used 88536K [0x0000000080000000, 0x0000000100000000)
  region size 1024K, 9 young (9216K), 9 survivors (9216K)
 Metaspace       used 69259K, committed 69888K, reserved 1114112K
  class space    used 8733K, committed 9024K, reserved 1048576K
}
Event: 40.653 GC heap before
{Heap before GC invocations=44 (full 0):
 garbage-first heap   total 227328K, used 194008K [0x0000000080000000, 0x0000000100000000)
  region size 1024K, 110 young (112640K), 9 survivors (9216K)
 Metaspace       used 69266K, committed 69888K, reserved 1114112K
  class space    used 8733K, committed 9024K, reserved 1048576K
}
Event: 40.657 GC heap after
{Heap after GC invocations=45 (full 0):
 garbage-first heap   total 227328K, used 89671K [0x0000000080000000, 0x0000000100000000)
  region size 1024K, 5 young (5120K), 5 survivors (5120K)
 Metaspace       used 69266K, committed 69888K, reserved 1114112K
  class space    used 8733K, committed 9024K, reserved 1048576K
}
Event: 40.738 GC heap before
{Heap before GC invocations=45 (full 0):
 garbage-first heap   total 227328K, used 192071K [0x0000000080000000, 0x0000000100000000)
  region size 1024K, 106 young (108544K), 5 survivors (5120K)
 Metaspace       used 69269K, committed 69888K, reserved 1114112K
  class space    used 8733K, committed 9024K, reserved 1048576K
}
Event: 40.741 GC heap after
{Heap after GC invocations=46 (full 0):
 garbage-first heap   total 227328K, used 89243K [0x0000000080000000, 0x0000000100000000)
  region size 1024K, 5 young (5120K), 5 survivors (5120K)
 Metaspace       used 69269K, committed 69888K, reserved 1114112K
  class space    used 8733K, committed 9024K, reserved 1048576K
}
Event: 40.808 GC heap before
{Heap before GC invocations=46 (full 0):
 garbage-first heap   total 227328K, used 193691K [0x0000000080000000, 0x0000000100000000)
  region size 1024K, 108 young (110592K), 5 survivors (5120K)
 Metaspace       used 69274K, committed 69888K, reserved 1114112K
  class space    used 8733K, committed 9024K, reserved 1048576K
}
Event: 40.812 GC heap after
{Heap after GC invocations=47 (full 0):
 garbage-first heap   total 227328K, used 89537K [0x0000000080000000, 0x0000000100000000)
  region size 1024K, 5 young (5120K), 5 survivors (5120K)
 Metaspace       used 69274K, committed 69888K, reserved 1114112K
  class space    used 8733K, committed 9024K, reserved 1048576K
}
Event: 40.893 GC heap before
{Heap before GC invocations=47 (full 0):
 garbage-first heap   total 227328K, used 195009K [0x0000000080000000, 0x0000000100000000)
  region size 1024K, 109 young (111616K), 5 survivors (5120K)
 Metaspace       used 69301K, committed 69952K, reserved 1114112K
  class space    used 8737K, committed 9024K, reserved 1048576K
}
Event: 40.900 GC heap after
{Heap after GC invocations=48 (full 0):
 garbage-first heap   total 227328K, used 89841K [0x0000000080000000, 0x0000000100000000)
  region size 1024K, 5 young (5120K), 5 survivors (5120K)
 Metaspace       used 69301K, committed 69952K, reserved 1114112K
  class space    used 8737K, committed 9024K, reserved 1048576K
}
Event: 40.968 GC heap before
{Heap before GC invocations=48 (full 0):
 garbage-first heap   total 227328K, used 195313K [0x0000000080000000, 0x0000000100000000)
  region size 1024K, 109 young (111616K), 5 survivors (5120K)
 Metaspace       used 69301K, committed 69952K, reserved 1114112K
  class space    used 8737K, committed 9024K, reserved 1048576K
}
Event: 40.971 GC heap after
{Heap after GC invocations=49 (full 0):
 garbage-first heap   total 227328K, used 90483K [0x0000000080000000, 0x0000000100000000)
  region size 1024K, 6 young (6144K), 6 survivors (6144K)
 Metaspace       used 69301K, committed 69952K, reserved 1114112K
  class space    used 8737K, committed 9024K, reserved 1048576K
}
Event: 41.038 GC heap before
{Heap before GC invocations=49 (full 0):
 garbage-first heap   total 227328K, used 195955K [0x0000000080000000, 0x0000000100000000)
  region size 1024K, 111 young (113664K), 6 survivors (6144K)
 Metaspace       used 69301K, committed 69952K, reserved 1114112K
  class space    used 8737K, committed 9024K, reserved 1048576K
}
Event: 41.042 GC heap after
{Heap after GC invocations=50 (full 0):
 garbage-first heap   total 227328K, used 90538K [0x0000000080000000, 0x0000000100000000)
  region size 1024K, 6 young (6144K), 6 survivors (6144K)
 Metaspace       used 69301K, committed 69952K, reserved 1114112K
  class space    used 8737K, committed 9024K, reserved 1048576K
}
Event: 41.138 GC heap before
{Heap before GC invocations=50 (full 0):
 garbage-first heap   total 227328K, used 196010K [0x0000000080000000, 0x0000000100000000)
  region size 1024K, 110 young (112640K), 6 survivors (6144K)
 Metaspace       used 69303K, committed 69952K, reserved 1114112K
  class space    used 8737K, committed 9024K, reserved 1048576K
}

Dll operation events (2 events):
Event: 0.056 Loaded shared library D:\Android\jbr\bin\java.dll
Event: 0.413 Loaded shared library D:\Android\jbr\bin\verify.dll

Deoptimization events (20 events):
Event: 40.609 Thread 0x0000022ee7db7f20 DEOPT PACKING pc=0x0000022ed4e51de0 sp=0x0000005fb79fe310
Event: 40.609 Thread 0x0000022ee7db7f20 DEOPT UNPACKING pc=0x0000022ed46469a3 sp=0x0000005fb79fe2b0 mode 2
Event: 40.765 Thread 0x0000022ee7db4090 Uncommon trap: trap_request=0xffffff45 fr.pc=0x0000022ed4e5f1ec relative=0x0000000000002ccc
Event: 40.765 Thread 0x0000022ee7db4090 Uncommon trap: reason=unstable_if action=reinterpret pc=0x0000022ed4e5f1ec method=org.objectweb.asm.ClassWriter.visit(IILjava/lang/String;Ljava/lang/String;Ljava/lang/String;[Ljava/lang/String;)V @ 47 c2
Event: 40.765 Thread 0x0000022ee7db4090 DEOPT PACKING pc=0x0000022ed4e5f1ec sp=0x0000005fb7bfe610
Event: 40.765 Thread 0x0000022ee7db4090 DEOPT UNPACKING pc=0x0000022ed46469a3 sp=0x0000005fb7bfe428 mode 2
Event: 40.775 Thread 0x0000022ee7db6240 Uncommon trap: trap_request=0xffffff45 fr.pc=0x0000022ed4e9e3e4 relative=0x0000000000007544
Event: 40.775 Thread 0x0000022ee7db6240 Uncommon trap: reason=unstable_if action=reinterpret pc=0x0000022ed4e9e3e4 method=org.objectweb.asm.MethodWriter.putMethodInfo(Lorg/objectweb/asm/ByteVector;)V @ 230 c2
Event: 40.775 Thread 0x0000022ee7db6240 DEOPT PACKING pc=0x0000022ed4e9e3e4 sp=0x0000005fb7efe240
Event: 40.775 Thread 0x0000022ee7db6240 DEOPT UNPACKING pc=0x0000022ed46469a3 sp=0x0000005fb7efe228 mode 2
Event: 40.827 Thread 0x0000022ee7db9c00 Uncommon trap: trap_request=0xffffffde fr.pc=0x0000022ed52c73e0 relative=0x0000000000000280
Event: 40.827 Thread 0x0000022ee7db9c00 Uncommon trap: reason=class_check action=maybe_recompile pc=0x0000022ed52c73e0 method=sun.nio.ch.IOUtil.write(Ljava/io/FileDescriptor;Ljava/nio/ByteBuffer;JZZILsun/nio/ch/NativeDispatcher;)I @ 1 c2
Event: 40.827 Thread 0x0000022ee7db9c00 DEOPT PACKING pc=0x0000022ed52c73e0 sp=0x0000005fb7cfe390
Event: 40.827 Thread 0x0000022ee7db9c00 DEOPT UNPACKING pc=0x0000022ed46469a3 sp=0x0000005fb7cfe318 mode 2
Event: 40.828 Thread 0x0000022ee7db88c0 DEOPT PACKING pc=0x0000022ecd2d59ee sp=0x0000005fb78fe8b0
Event: 40.828 Thread 0x0000022ee7db88c0 DEOPT UNPACKING pc=0x0000022ed4647143 sp=0x0000005fb78fdd48 mode 0
Event: 40.945 Thread 0x0000022ee71ed930 Uncommon trap: trap_request=0xffffffde fr.pc=0x0000022ed52c73e0 relative=0x0000000000000280
Event: 40.945 Thread 0x0000022ee71ed930 Uncommon trap: reason=class_check action=maybe_recompile pc=0x0000022ed52c73e0 method=sun.nio.ch.IOUtil.write(Ljava/io/FileDescriptor;Ljava/nio/ByteBuffer;JZZILsun/nio/ch/NativeDispatcher;)I @ 1 c2
Event: 40.945 Thread 0x0000022ee71ed930 DEOPT PACKING pc=0x0000022ed52c73e0 sp=0x0000005fb5bfe5c0
Event: 40.945 Thread 0x0000022ee71ed930 DEOPT UNPACKING pc=0x0000022ed46469a3 sp=0x0000005fb5bfe548 mode 2

Classes unloaded (0 events):
No events

Classes redefined (0 events):
No events

Internal exceptions (20 events):
Event: 41.000 Thread 0x0000022ee7db4090 Exception <a 'sun/nio/fs/WindowsException'{0x000000008cab2a30}> (0x000000008cab2a30) 
thrown [s\src\hotspot\share\prims\jni.cpp, line 517]
Event: 41.004 Thread 0x0000022ee71ed930 Exception <a 'sun/nio/fs/WindowsException'{0x000000008b9d7e60}> (0x000000008b9d7e60) 
thrown [s\src\hotspot\share\prims\jni.cpp, line 517]
Event: 41.010 Thread 0x0000022ee7db6240 Exception <a 'sun/nio/fs/WindowsException'{0x000000008ac0e748}> (0x000000008ac0e748) 
thrown [s\src\hotspot\share\prims\jni.cpp, line 517]
Event: 41.022 Thread 0x0000022ee7db4090 Exception <a 'sun/nio/fs/WindowsException'{0x0000000089174590}> (0x0000000089174590) 
thrown [s\src\hotspot\share\prims\jni.cpp, line 517]
Event: 41.032 Thread 0x0000022ee7db4090 Exception <a 'sun/nio/fs/WindowsException'{0x0000000089174728}> (0x0000000089174728) 
thrown [s\src\hotspot\share\prims\jni.cpp, line 517]
Event: 41.056 Thread 0x0000022ee7db6240 Exception <a 'sun/nio/fs/WindowsException'{0x000000008c933920}> (0x000000008c933920) 
thrown [s\src\hotspot\share\prims\jni.cpp, line 517]
Event: 41.058 Thread 0x0000022ee7db58a0 Exception <a 'sun/nio/fs/WindowsException'{0x000000008d8c8bb8}> (0x000000008d8c8bb8) 
thrown [s\src\hotspot\share\prims\jni.cpp, line 517]
Event: 41.058 Thread 0x0000022ee7db4090 Exception <a 'sun/nio/fs/WindowsException'{0x000000008ca608e0}> (0x000000008ca608e0) 
thrown [s\src\hotspot\share\prims\jni.cpp, line 517]
Event: 41.068 Thread 0x0000022ee7db6240 Exception <a 'sun/nio/fs/WindowsException'{0x000000008c93d5d0}> (0x000000008c93d5d0) 
thrown [s\src\hotspot\share\prims\jni.cpp, line 517]
Event: 41.074 Thread 0x0000022ee7db9730 Exception <a 'sun/nio/fs/WindowsException'{0x000000008ba99f08}> (0x000000008ba99f08) 
thrown [s\src\hotspot\share\prims\jni.cpp, line 517]
Event: 41.075 Thread 0x0000022ee7db9730 Exception <a 'sun/nio/fs/WindowsException'{0x000000008ba9a090}> (0x000000008ba9a090) 
thrown [s\src\hotspot\share\prims\jni.cpp, line 517]
Event: 41.080 Thread 0x0000022ee7db58a0 Exception <a 'sun/nio/fs/WindowsException'{0x000000008b2db0a8}> (0x000000008b2db0a8) 
thrown [s\src\hotspot\share\prims\jni.cpp, line 517]
Event: 41.084 Thread 0x0000022ee7db58a0 Exception <a 'sun/nio/fs/WindowsException'{0x000000008b2db278}> (0x000000008b2db278) 
thrown [s\src\hotspot\share\prims\jni.cpp, line 517]
Event: 41.085 Thread 0x0000022ee7db6240 Exception <a 'sun/nio/fs/WindowsException'{0x000000008adb2fd8}> (0x000000008adb2fd8) 
thrown [s\src\hotspot\share\prims\jni.cpp, line 517]
Event: 41.086 Thread 0x0000022ee7db6240 Exception <a 'sun/nio/fs/WindowsException'{0x000000008adb3168}> (0x000000008adb3168) 
thrown [s\src\hotspot\share\prims\jni.cpp, line 517]
Event: 41.096 Thread 0x0000022ee7db58a0 Exception <a 'sun/nio/fs/WindowsException'{0x000000008b2e13c0}> (0x000000008b2e13c0) 
thrown [s\src\hotspot\share\prims\jni.cpp, line 517]
Event: 41.097 Thread 0x0000022ee7db58a0 Exception <a 'sun/nio/fs/WindowsException'{0x000000008b2f3ca0}> (0x000000008b2f3ca0) 
thrown [s\src\hotspot\share\prims\jni.cpp, line 517]
Event: 41.098 Thread 0x0000022ee7db58a0 Exception <a 'sun/nio/fs/WindowsException'{0x000000008b2f3e38}> (0x000000008b2f3e38) 
thrown [s\src\hotspot\share\prims\jni.cpp, line 517]
Event: 41.101 Thread 0x0000022ee7db6240 Exception <a 'sun/nio/fs/WindowsException'{0x0000000089a70628}> (0x0000000089a70628) 
thrown [s\src\hotspot\share\prims\jni.cpp, line 517]
Event: 41.107 Thread 0x0000022ee7db58a0 Exception <a 'sun/nio/fs/WindowsException'{0x0000000088d5c4c0}> (0x0000000088d5c4c0) 
thrown [s\src\hotspot\share\prims\jni.cpp, line 517]

VM Operations (20 events):
Event: 40.572 Executing VM operation: G1CollectForAllocation done
Event: 40.572 Executing VM operation: G1CollectForAllocation
Event: 40.576 Executing VM operation: G1CollectForAllocation done
Event: 40.653 Executing VM operation: G1CollectForAllocation
Event: 40.657 Executing VM operation: G1CollectForAllocation done
Event: 40.738 Executing VM operation: G1CollectForAllocation
Event: 40.741 Executing VM operation: G1CollectForAllocation done
Event: 40.808 Executing VM operation: G1CollectForAllocation
Event: 40.812 Executing VM operation: G1CollectForAllocation done
Event: 40.892 Executing VM operation: G1CollectForAllocation
Event: 40.893 Executing VM operation: G1CollectForAllocation done
Event: 40.893 Executing VM operation: G1CollectForAllocation
Event: 40.909 Executing VM operation: G1CollectForAllocation done
Event: 40.968 Executing VM operation: G1CollectForAllocation
Event: 40.972 Executing VM operation: G1CollectForAllocation done
Event: 41.037 Executing VM operation: G1CollectForAllocation
Event: 41.038 Executing VM operation: G1CollectForAllocation done
Event: 41.038 Executing VM operation: G1CollectForAllocation
Event: 41.043 Executing VM operation: G1CollectForAllocation done
Event: 41.121 Executing VM operation: G1CollectForAllocation

Events (20 events):
Event: 33.221 Thread 0x0000022ee48a1240 flushing nmethod 0x0000022ece2b4c10
Event: 33.221 Thread 0x0000022ee48a1240 flushing nmethod 0x0000022ece2f0110
Event: 33.222 Thread 0x0000022ee48a1240 flushing nmethod 0x0000022ece403b10
Event: 33.222 Thread 0x0000022ee48a1240 flushing nmethod 0x0000022ece423e90
Event: 33.222 Thread 0x0000022ee48a1240 flushing nmethod 0x0000022ece430d90
Event: 33.222 Thread 0x0000022ee48a1240 flushing nmethod 0x0000022ece438a10
Event: 40.578 Thread 0x0000022ee8799980 Thread added: 0x0000022ee8799980
Event: 40.583 Thread 0x0000022ee53a38c0 Thread added: 0x0000022ee53a38c0
Event: 40.824 loading class java/nio/channels/FileChannel$MapMode
Event: 40.824 loading class java/nio/channels/FileChannel$MapMode done
Event: 40.824 loading class jdk/internal/misc/ExtendedMapMode
Event: 40.824 loading class jdk/internal/misc/ExtendedMapMode done
Event: 40.826 loading class sun/nio/ch/FileChannelImpl$DefaultUnmapper
Event: 40.826 loading class sun/nio/ch/FileChannelImpl$Unmapper
Event: 40.827 loading class jdk/internal/access/foreign/UnmapperProxy
Event: 40.827 loading class jdk/internal/access/foreign/UnmapperProxy done
Event: 40.827 loading class sun/nio/ch/FileChannelImpl$Unmapper done
Event: 40.827 loading class sun/nio/ch/FileChannelImpl$DefaultUnmapper done
Event: 40.827 loading class sun/nio/ch/Util$4
Event: 40.827 loading class sun/nio/ch/Util$4 done


Dynamic libraries:
0x00007ff6d5510000 - 0x00007ff6d551a000 	D:\Android\jbr\bin\java.exe
0x00007ff8231d0000 - 0x00007ff8233c8000 	C:\Windows\SYSTEM32\ntdll.dll
0x00007ff821200000 - 0x00007ff8212bd000 	C:\Windows\System32\KERNEL32.DLL
0x00007ff820880000 - 0x00007ff820b76000 	C:\Windows\System32\KERNELBASE.dll
0x00007ff821080000 - 0x00007ff821180000 	C:\Windows\System32\ucrtbase.dll
0x00007ff817ad0000 - 0x00007ff817ae7000 	D:\Android\jbr\bin\jli.dll
0x00007ff819870000 - 0x00007ff81988b000 	D:\Android\jbr\bin\VCRUNTIME140.dll
0x00007ff821c90000 - 0x00007ff821e2f000 	C:\Windows\System32\USER32.dll
0x00007ff820d40000 - 0x00007ff820d62000 	C:\Windows\System32\win32u.dll
0x00007ff80fb60000 - 0x00007ff80fdfa000 	C:\Windows\WinSxS\amd64_microsoft.windows.common-controls_6595b64144ccf1df_6.0.19041.3636_none_60b6a03d71f818d5\COMCTL32.dll
0x00007ff822160000 - 0x00007ff82218b000 	C:\Windows\System32\GDI32.dll
0x00007ff8215f0000 - 0x00007ff82168e000 	C:\Windows\System32\msvcrt.dll
0x00007ff820e00000 - 0x00007ff820f17000 	C:\Windows\System32\gdi32full.dll
0x00007ff820b80000 - 0x00007ff820c1d000 	C:\Windows\System32\msvcp_win.dll
0x00007ff8221f0000 - 0x00007ff822222000 	C:\Windows\System32\IMM32.DLL
0x00007ff81aec0000 - 0x00007ff81aecc000 	D:\Android\jbr\bin\vcruntime140_1.dll
0x00007ff805870000 - 0x00007ff8058fd000 	D:\Android\jbr\bin\msvcp140.dll
0x00007fffcf640000 - 0x00007fffd02ae000 	D:\Android\jbr\bin\server\jvm.dll
0x00007ff822e00000 - 0x00007ff822eb0000 	C:\Windows\System32\ADVAPI32.dll
0x00007ff821ed0000 - 0x00007ff821f70000 	C:\Windows\System32\sechost.dll
0x00007ff823060000 - 0x00007ff823183000 	C:\Windows\System32\RPCRT4.dll
0x00007ff821180000 - 0x00007ff8211a7000 	C:\Windows\System32\bcrypt.dll
0x00007ff806d90000 - 0x00007ff806d99000 	C:\Windows\SYSTEM32\WSOCK32.dll
0x00007ff8170f0000 - 0x00007ff817117000 	C:\Windows\SYSTEM32\WINMM.dll
0x00007ff819390000 - 0x00007ff81939a000 	C:\Windows\SYSTEM32\VERSION.dll
0x00007ff822040000 - 0x00007ff8220ab000 	C:\Windows\System32\WS2_32.dll
0x00007ff81e710000 - 0x00007ff81e722000 	C:\Windows\SYSTEM32\kernel.appcore.dll
0x00007ff81aed0000 - 0x00007ff81aeda000 	D:\Android\jbr\bin\jimage.dll
0x00007ff810890000 - 0x00007ff810a74000 	C:\Windows\SYSTEM32\DBGHELP.DLL
0x00007ff806660000 - 0x00007ff806694000 	C:\Windows\SYSTEM32\dbgcore.DLL
0x00007ff820d70000 - 0x00007ff820df2000 	C:\Windows\System32\bcryptPrimitives.dll
0x00007ff81acd0000 - 0x00007ff81acf5000 	D:\Android\jbr\bin\java.dll
0x00007ff81a690000 - 0x00007ff81a6a8000 	D:\Android\jbr\bin\zip.dll
0x00007ff822330000 - 0x00007ff822a9b000 	C:\Windows\System32\SHELL32.dll
0x00007ff81e910000 - 0x00007ff81f0ae000 	C:\Windows\SYSTEM32\windows.storage.dll
0x00007ff822aa0000 - 0x00007ff822df3000 	C:\Windows\System32\combase.dll
0x00007ff820240000 - 0x00007ff82026e000 	C:\Windows\SYSTEM32\Wldp.dll
0x00007ff821f70000 - 0x00007ff82203d000 	C:\Windows\System32\OLEAUT32.dll
0x00007ff8220b0000 - 0x00007ff82215d000 	C:\Windows\System32\SHCORE.dll
0x00007ff821590000 - 0x00007ff8215e5000 	C:\Windows\System32\shlwapi.dll
0x00007ff8207b0000 - 0x00007ff8207d3000 	C:\Windows\SYSTEM32\profapi.dll
0x00007ff817ce0000 - 0x00007ff817cf9000 	D:\Android\jbr\bin\net.dll
0x00007ff818bf0000 - 0x00007ff818cfa000 	C:\Windows\SYSTEM32\WINHTTP.dll
0x00007ff81ffa0000 - 0x00007ff82000a000 	C:\Windows\system32\mswsock.dll
0x00007ff817c10000 - 0x00007ff817c26000 	D:\Android\jbr\bin\nio.dll
0x00007ff81ac30000 - 0x00007ff81ac40000 	D:\Android\jbr\bin\verify.dll
0x00007ff8196a0000 - 0x00007ff8196c7000 	C:\Users\maksim\.gradle\native\e1d6ef7f7dcc3fd88c89a11ec53ec762bb8ba0a96d01ffa2cd45eb1d1d8dd5c5\windows-amd64\native-platform.dll
0x00007fffec150000 - 0x00007fffec294000 	C:\Users\maksim\.gradle\native\5664cfc778a61ccfe75a443a1ab52a65af34e5dc3c78e0209fed803814484fcb\windows-amd64\native-platform-file-events.dll
0x00007ff81a670000 - 0x00007ff81a679000 	D:\Android\jbr\bin\management.dll
0x00007ff8197c0000 - 0x00007ff8197cb000 	D:\Android\jbr\bin\management_ext.dll
0x00007ff821e30000 - 0x00007ff821e38000 	C:\Windows\System32\PSAPI.DLL
0x00007ff8201a0000 - 0x00007ff8201b8000 	C:\Windows\SYSTEM32\CRYPTSP.dll
0x00007ff81f8c0000 - 0x00007ff81f8f4000 	C:\Windows\system32\rsaenh.dll
0x00007ff820770000 - 0x00007ff82079e000 	C:\Windows\SYSTEM32\USERENV.dll
0x00007ff820190000 - 0x00007ff82019c000 	C:\Windows\SYSTEM32\CRYPTBASE.dll
0x00007ff81fc80000 - 0x00007ff81fcbb000 	C:\Windows\SYSTEM32\IPHLPAPI.DLL
0x00007ff823050000 - 0x00007ff823058000 	C:\Windows\System32\NSI.dll
0x00007ff819960000 - 0x00007ff819977000 	C:\Windows\SYSTEM32\dhcpcsvc6.DLL
0x00007ff819af0000 - 0x00007ff819b0d000 	C:\Windows\SYSTEM32\dhcpcsvc.DLL
0x00007ff81fcc0000 - 0x00007ff81fd8b000 	C:\Windows\SYSTEM32\DNSAPI.dll
0x00007ff819790000 - 0x00007ff819797000 	C:\Windows\system32\wshunix.dll
0x00007ff8193a0000 - 0x00007ff8193aa000 	C:\Windows\System32\rasadhlp.dll
0x00007ff80b820000 - 0x00007ff80b8a0000 	C:\Windows\System32\fwpuclnt.dll

dbghelp: loaded successfully - version: 4.0.5 - missing functions: none
symbol engine: initialized successfully - sym options: 0x614 - pdb path: .;D:\Android\jbr\bin;C:\Windows\SYSTEM32;C:\Windows\WinSxS\amd64_microsoft.windows.common-controls_6595b64144ccf1df_6.0.19041.3636_none_60b6a03d71f818d5;D:\Android\jbr\bin\server;C:\Users\maksim\.gradle\native\e1d6ef7f7dcc3fd88c89a11ec53ec762bb8ba0a96d01ffa2cd45eb1d1d8dd5c5\windows-amd64;C:\Users\maksim\.gradle\native\5664cfc778a61ccfe75a443a1ab52a65af34e5dc3c78e0209fed803814484fcb\windows-amd64

VM Arguments:
jvm_args: --add-opens=java.base/java.util=ALL-UNNAMED --add-opens=java.base/java.lang=ALL-UNNAMED --add-opens=java.base/java.lang.invoke=ALL-UNNAMED --add-opens=java.base/java.util=ALL-UNNAMED --add-opens=java.prefs/java.util.prefs=ALL-UNNAMED --add-opens=java.prefs/java.util.prefs=ALL-UNNAMED --add-opens=java.base/java.nio.charset=ALL-UNNAMED --add-opens=java.base/java.net=ALL-UNNAMED --add-opens=java.base/java.util.concurrent.atomic=ALL-UNNAMED -Xmx2048m -Dfile.encoding=UTF-8 -Duser.country=US -Duser.language=en -Duser.variant 
java_command: org.gradle.launcher.daemon.bootstrap.GradleDaemon 7.2
java_class_path (initial): C:\Users\maksim\.gradle\wrapper\dists\gradle-7.2-bin\2dnblmf4td7x66yl1d74lt32g\gradle-7.2\lib\gradle-launcher-7.2.jar
Launcher Type: SUN_STANDARD

[Global flags]
     intx CICompilerCount                          = 4                                         {product} {ergonomic}
     uint ConcGCThreads                            = 3                                         {product} {ergonomic}
     uint G1ConcRefinementThreads                  = 10                                        {product} {ergonomic}
   size_t G1HeapRegionSize                         = 1048576                                   {product} {ergonomic}
    uintx GCDrainStackTargetSize                   = 64                                        {product} {ergonomic}
   size_t InitialHeapSize                          = 232783872                                 {product} {ergonomic}
   size_t MarkStackSize                            = 4194304                                   {product} {ergonomic}
   size_t MaxHeapSize                              = 2147483648                                {product} {command line}
   size_t MaxNewSize                               = 1287651328                                {product} {ergonomic}
   size_t MinHeapDeltaBytes                        = 1048576                                   {product} {ergonomic}
   size_t MinHeapSize                              = 8388608                                   {product} {ergonomic}
    uintx NonNMethodCodeHeapSize                   = 5839372                                {pd product} {ergonomic}
    uintx NonProfiledCodeHeapSize                  = 122909434                              {pd product} {ergonomic}
    uintx ProfiledCodeHeapSize                     = 122909434                              {pd product} {ergonomic}
    uintx ReservedCodeCacheSize                    = 251658240                              {pd product} {ergonomic}
     bool SegmentedCodeCache                       = true                                      {product} {ergonomic}
   size_t SoftMaxHeapSize                          = 2147483648                             {manageable} {ergonomic}
     bool UseCompressedClassPointers               = true                           {product lp64_product} {ergonomic}
     bool UseCompressedOops                        = true                           {product lp64_product} {ergonomic}
     bool UseG1GC                                  = true                                      {product} {ergonomic}
     bool UseLargePagesIndividualAllocation        = false                                  {pd product} {ergonomic}

Logging:
Log output configuration:
 #0: stdout all=warning uptime,level,tags
 #1: stderr all=off uptime,level,tags

Environment Variables:
PATH=C:\Program Files\Common Files\Oracle\Java\javapath;C:\Program Files (x86)\Common Files\Oracle\Java\javapath;C:\Windows\system32;C:\Windows;C:\Windows\System32\Wbem;C:\Windows\System32\WindowsPowerShell\v1.0\;C:\Windows\System32\OpenSSH\;C:\Program Files\NVIDIA Corporation\NVIDIA NvDLISR;C:\Program Files (x86)\NVIDIA Corporation\PhysX\Common;C:\Program Files\dotnet\;C:\Program Files\Microsoft SQL Server\150\Tools\Binn\;C:\Program Files\Microsoft SQL Server\Client SDK\ODBC\170\Tools\Binn\;C:\Program Files\Docker\Docker\resources\bin;C:\Program Files\nodejs\;C:\Program Files\Git\cmd;C:\Program Files\MySQL\MySQL Shell 8.0\bin\;C:\Users\maksim\AppData\Local\Microsoft\WindowsApps;D:\IDE\Microsoft VS Code\bin;C:\Users\maksim\.dotnet\tools;C:\Users\maksim\AppData\Roaming\npm;C:\Users\maksim\AppData\Local\GitHubDesktop\bin;C:\Users\maksim\AppData\Local\gitkraken\bin;C:\Program Files\sf\bin
USERNAME=maksim
OS=Windows_NT
PROCESSOR_IDENTIFIER=AMD64 Family 25 Model 80 Stepping 0, AuthenticAMD
TMP=C:\Users\maksim\AppData\Local\Temp
TEMP=C:\Users\maksim\AppData\Local\Temp


JNI global refs:
JNI global refs: 30, weak refs: 25

JNI global refs memory usage: 843, weak refs: 841


---------------  S Y S T E M  ---------------

OS:
 Windows 10 , 64 bit Build 19041 (10.0.19041.3636)
OS uptime: 6 days 21:13 hours

CPU: total 12 (initial active 12) (12 cores per cpu, 2 threads per core) family 25 model 80 stepping 0 microcode 0x0, cx8, cmov, fxsr, ht, mmx, 3dnowpref, sse, sse2, sse3, ssse3, sse4a, sse4.1, sse4.2, popcnt, lzcnt, tsc, tscinvbit, avx, avx2, aes, erms, clmul, bmi1, bmi2, adx, sha, fma, vzeroupper, clflush, clflushopt

Memory: 4k page, system-wide physical 14188M (1625M free)
TotalPageFile size 33388M (AvailPageFile size 59M)
current process WorkingSet (physical memory assigned to process): 478M, peak: 478M
current process commit charge ("private bytes"): 523M, peak: 618M

vm_info: OpenJDK 64-Bit Server VM (17.0.6+0-b2043.56-10027231) for windows-amd64 JRE (17.0.6+0-b2043.56-10027231), built on Apr 28 2023 00:43:19 by "androidbuild" with MS VC++ 16.10 / 16.11 (VS2019)

END.
