#
# There is insufficient memory for the Java Runtime Environment to continue.
# Native memory allocation (malloc) failed to allocate 32744 bytes for ChunkPool::allocate
# Possible reasons:
#   The system is out of physical RAM or swap space
#   The process is running with CompressedOops enabled, and the Java Heap may be blocking the growth of the native heap
# Possible solutions:
#   Reduce memory load on the system
#   Increase physical memory or swap space
#   Check if swap backing store is full
#   Decrease Java heap size (-Xmx/-Xms)
#   Decrease number of Java threads
#   Decrease Java thread stack sizes (-Xss)
#   Set larger code cache with -XX:ReservedCodeCacheSize=
#   JVM is running with Unscaled Compressed Oops mode in which the Java heap is
#     placed in the first 4GB address space. The Java Heap base address is the
#     maximum limit for the native heap growth. Please use -XX:HeapBaseMinAddress
#     to set the Java Heap base and to place the Java Heap above 4GB virtual address.
# This output file may be truncated or incomplete.
#
#  Out of Memory Error (arena.cpp:78), pid=1980, tid=20832
#
# JRE version: OpenJDK Runtime Environment (17.0.6) (build 17.0.6+0-b2043.56-10027231)
# Java VM: OpenJDK 64-Bit Server VM (17.0.6+0-b2043.56-10027231, mixed mode, tiered, compressed oops, compressed class ptrs, g1 gc, windows-amd64)
# No core dump will be written. Minidumps are not enabled by default on client versions of Windows
#

---------------  S U M M A R Y ------------

Command Line: --add-opens=java.base/java.util=ALL-UNNAMED --add-opens=java.base/java.lang=ALL-UNNAMED --add-opens=java.base/java.lang.invoke=ALL-UNNAMED --add-opens=java.base/java.util=ALL-UNNAMED --add-opens=java.prefs/java.util.prefs=ALL-UNNAMED --add-opens=java.prefs/java.util.prefs=ALL-UNNAMED --add-opens=java.base/java.nio.charset=ALL-UNNAMED --add-opens=java.base/java.net=ALL-UNNAMED --add-opens=java.base/java.util.concurrent.atomic=ALL-UNNAMED -Xmx2048m -Dfile.encoding=UTF-8 -Duser.country=US -Duser.language=en -Duser.variant org.gradle.launcher.daemon.bootstrap.GradleDaemon 7.2

Host: AMD Ryzen 5 5600H with Radeon Graphics         , 12 cores, 13G,  Windows 10 , 64 bit Build 19041 (10.0.19041.3636)
Time: Mon May  6 23:17:16 2024 Belarus Standard Time elapsed time: 39.129040 seconds (0d 0h 0m 39s)

---------------  T H R E A D  ---------------

Current thread (0x0000014854485fb0):  JavaThread "C2 CompilerThread0" daemon [_thread_in_native, id=20832, stack(0x0000004634900000,0x0000004634a00000)]


Current CompileTask:
C2:  39129 10006       4       sun.net.util.URLUtil::urlNoFragString (114 bytes)

Stack: [0x0000004634900000,0x0000004634a00000]
Native frames: (J=compiled Java code, j=interpreted, Vv=VM code, C=native code)
V  [jvm.dll+0x683c9a]
V  [jvm.dll+0x8427a4]
V  [jvm.dll+0x843f9e]
V  [jvm.dll+0x844603]
V  [jvm.dll+0x249b75]
V  [jvm.dll+0xabecc]
V  [jvm.dll+0xac27c]
V  [jvm.dll+0x60f0c0]
V  [jvm.dll+0x614e27]
V  [jvm.dll+0x615ca2]
V  [jvm.dll+0x614204]
V  [jvm.dll+0x21c078]
V  [jvm.dll+0x21b621]
V  [jvm.dll+0x1a4fdd]
V  [jvm.dll+0x22b098]
V  [jvm.dll+0x229159]
V  [jvm.dll+0x7f81ec]
V  [jvm.dll+0x7f274a]
V  [jvm.dll+0x682ad5]
C  [ucrtbase.dll+0x21bb2]
C  [KERNEL32.DLL+0x17344]
C  [ntdll.dll+0x526b1]


---------------  P R O C E S S  ---------------

Threads class SMR info:
_java_thread_list=0x0000014854be0740, length=172, elements={
0x00000148377939b0, 0x0000014853a0e6e0, 0x00000148544469e0, 0x000001485445a7a0,
0x000001485445b260, 0x000001485447d470, 0x0000014854480140, 0x0000014854485fb0,
0x000001485448a550, 0x00000148544afa10, 0x0000014854615090, 0x0000014854638090,
0x0000014855f248e0, 0x0000014856dfb810, 0x0000014856886840, 0x0000014856f7dff0,
0x00000148558c1960, 0x0000014855c35220, 0x0000014855c32ba0, 0x0000014855c356f0,
0x0000014855c326d0, 0x0000014855c34880, 0x0000014855c33070, 0x0000014855c33540,
0x0000014855c31d30, 0x0000014855c32200, 0x0000014855c33ee0, 0x0000014855c34d50,
0x0000014855c343b0, 0x00000148583ee3e0, 0x00000148583eda40, 0x00000148583eb890,
0x00000148583ecbd0, 0x00000148583f00c0, 0x00000148583f0590, 0x00000148583ebd60,
0x00000148583f18d0, 0x00000148583f0f30, 0x00000148583eed80, 0x00000148583f0a60,
0x00000148583ec230, 0x00000148583edf10, 0x00000148583f1da0, 0x00000148583ef720,
0x00000148583ed0a0, 0x00000148583ec700, 0x000001485801f870, 0x0000014858022d60,
0x000001485801e060, 0x000001485801f3a0, 0x000001485801fd40, 0x000001485801d6c0,
0x0000014858020210, 0x000001485801ea00, 0x000001485801e530, 0x000001485801db90,
0x0000014858023230, 0x0000014858022890, 0x0000014858023700, 0x000001485801eed0,
0x0000014858023bd0, 0x00000148580206e0, 0x0000014858020bb0, 0x0000014858021080,
0x0000014858021550, 0x0000014858024570, 0x0000014858021a20, 0x0000014858021ef0,
0x00000148580223c0, 0x00000148580240a0, 0x0000014858024a40, 0x0000014858024f10,
0x0000014857983bd0, 0x0000014857981ef0, 0x00000148579823c0, 0x0000014857980bb0,
0x0000014857984f10, 0x0000014857981080, 0x0000014857980210, 0x0000014857983230,
0x0000014857984570, 0x00000148579806e0, 0x000001485797eed0, 0x0000014857983700,
0x00000148579858b0, 0x0000014857982d60, 0x0000014857981550, 0x00000148579840a0,
0x000001485797e060, 0x0000014857984a40, 0x0000014857982890, 0x0000014857981a20,
0x00000148579853e0, 0x000001485797e530, 0x000001485797ea00, 0x000001485797f3a0,
0x000001485797f870, 0x000001485797fd40, 0x000001485a5f3b60, 0x000001485a5f19b0,
0x000001485a5f0b40, 0x000001485a5f66b0, 0x000001485a5f31c0, 0x000001485a5f6b80,
0x000001485a5f3690, 0x000001485a5f5d10, 0x000001485a5f61e0, 0x000001485a5f1e80,
0x000001485a5f4030, 0x000001485a5f7050, 0x000001485a5f7520, 0x000001485a5f5370,
0x000001485a5f4ea0, 0x000001485a5f4500, 0x000001485a5f49d0, 0x000001485a5f2350,
0x000001485a5f5840, 0x000001485a5efcd0, 0x000001485a5f2820, 0x000001485a5f0670,
0x000001485a5f14e0, 0x000001485a5f2cf0, 0x000001485a5f01a0, 0x000001485a5f1010,
0x000001485ad0e7c0, 0x000001485ad0ae00, 0x000001485ad0ffd0, 0x000001485ad0ec90,
0x000001485ad0c140, 0x000001485ad0e2f0, 0x000001485ad095f0, 0x000001485ad0a460,
0x000001485ad0fb00, 0x000001485ad0b2d0, 0x000001485ad104a0, 0x000001485ad0bc70,
0x000001485ad0f630, 0x000001485ad0f160, 0x000001485ad0b7a0, 0x000001485ad0cfb0,
0x000001485ad0c610, 0x000001485ad0a930, 0x000001485ad08c50, 0x000001485ad0cae0,
0x000001485ad0d950, 0x000001485ad09ac0, 0x000001485ad09120, 0x000001485ad09f90,
0x000001485ad0d480, 0x000001485b2923f0, 0x000001485b28fd70, 0x000001485b290240,
0x000001485b293730, 0x000001485b28f3d0, 0x000001485b290be0, 0x000001485b291580,
0x000001485b291f20, 0x000001485b294a70, 0x000001485b290710, 0x000001485b2910b0,
0x000001485b28e560, 0x000001485b2928c0, 0x000001485b28f8a0, 0x000001485b294f40,
0x000001485b295410, 0x000001485b2958e0, 0x000001485b292d90, 0x000001485b2940d0,
0x000001485af02f40, 0x000001485af01730, 0x000001485af003f0, 0x0000014855656b90
}

Java Threads: ( => current thread )
  0x00000148377939b0 JavaThread "main" [_thread_blocked, id=17948, stack(0x0000004633c00000,0x0000004633d00000)]
  0x0000014853a0e6e0 JavaThread "Reference Handler" daemon [_thread_blocked, id=26568, stack(0x0000004634300000,0x0000004634400000)]
  0x00000148544469e0 JavaThread "Finalizer" daemon [_thread_blocked, id=12060, stack(0x0000004634400000,0x0000004634500000)]
  0x000001485445a7a0 JavaThread "Signal Dispatcher" daemon [_thread_blocked, id=32240, stack(0x0000004634500000,0x0000004634600000)]
  0x000001485445b260 JavaThread "Attach Listener" daemon [_thread_blocked, id=8024, stack(0x0000004634600000,0x0000004634700000)]
  0x000001485447d470 JavaThread "Service Thread" daemon [_thread_blocked, id=24824, stack(0x0000004634700000,0x0000004634800000)]
  0x0000014854480140 JavaThread "Monitor Deflation Thread" daemon [_thread_blocked, id=21752, stack(0x0000004634800000,0x0000004634900000)]
=>0x0000014854485fb0 JavaThread "C2 CompilerThread0" daemon [_thread_in_native, id=20832, stack(0x0000004634900000,0x0000004634a00000)]
  0x000001485448a550 JavaThread "C1 CompilerThread0" daemon [_thread_in_native, id=27024, stack(0x0000004634a00000,0x0000004634b00000)]
  0x00000148544afa10 JavaThread "Sweeper thread" daemon [_thread_blocked, id=27004, stack(0x0000004634b00000,0x0000004634c00000)]
  0x0000014854615090 JavaThread "Common-Cleaner" daemon [_thread_blocked, id=31640, stack(0x0000004634c00000,0x0000004634d00000)]
  0x0000014854638090 JavaThread "Notification Thread" daemon [_thread_blocked, id=16360, stack(0x0000004634d00000,0x0000004634e00000)]
  0x0000014855f248e0 JavaThread "Daemon health stats" [_thread_blocked, id=28412, stack(0x0000004635500000,0x0000004635600000)]
  0x0000014856dfb810 JavaThread "Incoming local TCP Connector on port 64345" [_thread_in_native, id=19844, stack(0x0000004635600000,0x0000004635700000)]
  0x0000014856886840 JavaThread "Daemon periodic checks" [_thread_blocked, id=33120, stack(0x0000004635700000,0x0000004635800000)]
  0x0000014856f7dff0 JavaThread "Daemon" [_thread_blocked, id=27216, stack(0x0000004635800000,0x0000004635900000)]
  0x00000148558c1960 JavaThread "Handler for socket connection from /127.0.0.1:64345 to /127.0.0.1:64346" [_thread_in_native, id=3952, stack(0x0000004635900000,0x0000004635a00000)]
  0x0000014855c35220 JavaThread "Cancel handler" [_thread_blocked, id=11924, stack(0x0000004635a00000,0x0000004635b00000)]
  0x0000014855c32ba0 JavaThread "Daemon worker" [_thread_in_Java, id=23264, stack(0x0000004635b00000,0x0000004635c00000)]
  0x0000014855c356f0 JavaThread "Asynchronous log dispatcher for DefaultDaemonConnection: socket connection from /127.0.0.1:64345 to /127.0.0.1:64346" [_thread_blocked, id=9840, stack(0x0000004635c00000,0x0000004635d00000)]
  0x0000014855c326d0 JavaThread "Stdin handler" [_thread_blocked, id=23052, stack(0x0000004635d00000,0x0000004635e00000)]
  0x0000014855c34880 JavaThread "Daemon client event forwarder" [_thread_blocked, id=12772, stack(0x0000004635e00000,0x0000004635f00000)]
  0x0000014855c33070 JavaThread "Cache worker for journal cache (C:\Users\maksim\.gradle\caches\journal-1)" [_thread_blocked, id=18840, stack(0x0000004636600000,0x0000004636700000)]
  0x0000014855c33540 JavaThread "File lock request listener" [_thread_in_native, id=12284, stack(0x0000004636700000,0x0000004636800000)]
  0x0000014855c31d30 JavaThread "Cache worker for file hash cache (C:\Users\maksim\.gradle\caches\7.2\fileHashes)" [_thread_blocked, id=19032, stack(0x0000004636800000,0x0000004636900000)]
  0x0000014855c32200 JavaThread "Cache worker for file hash cache (D:\AndroidApp\ChipNavigation-master\.gradle\7.2\fileHashes)" [_thread_blocked, id=6096, stack(0x0000004636900000,0x0000004636a00000)]
  0x0000014855c33ee0 JavaThread "File watcher server" daemon [_thread_in_native, id=10980, stack(0x0000004636a00000,0x0000004636b00000)]
  0x0000014855c34d50 JavaThread "File watcher consumer" daemon [_thread_blocked, id=1372, stack(0x0000004636b00000,0x0000004636c00000)]
  0x0000014855c343b0 JavaThread "jar transforms" [_thread_blocked, id=21108, stack(0x0000004636c00000,0x0000004636d00000)]
  0x00000148583ee3e0 JavaThread "jar transforms Thread 2" [_thread_blocked, id=29648, stack(0x0000004636d00000,0x0000004636e00000)]
  0x00000148583eda40 JavaThread "jar transforms Thread 3" [_thread_blocked, id=17388, stack(0x0000004636e00000,0x0000004636f00000)]
  0x00000148583eb890 JavaThread "jar transforms Thread 4" [_thread_blocked, id=28996, stack(0x0000004636f00000,0x0000004637000000)]
  0x00000148583ecbd0 JavaThread "jar transforms Thread 5" [_thread_blocked, id=18816, stack(0x0000004637000000,0x0000004637100000)]
  0x00000148583f00c0 JavaThread "jar transforms Thread 6" [_thread_blocked, id=33696, stack(0x0000004637100000,0x0000004637200000)]
  0x00000148583f0590 JavaThread "jar transforms Thread 7" [_thread_blocked, id=26724, stack(0x0000004637200000,0x0000004637300000)]
  0x00000148583ebd60 JavaThread "jar transforms Thread 8" [_thread_blocked, id=27876, stack(0x0000004637300000,0x0000004637400000)]
  0x00000148583f18d0 JavaThread "jar transforms Thread 9" [_thread_blocked, id=8168, stack(0x0000004637400000,0x0000004637500000)]
  0x00000148583f0f30 JavaThread "jar transforms Thread 10" [_thread_blocked, id=28500, stack(0x0000004637500000,0x0000004637600000)]
  0x00000148583eed80 JavaThread "jar transforms Thread 11" [_thread_blocked, id=28388, stack(0x0000004637600000,0x0000004637700000)]
  0x00000148583f0a60 JavaThread "jar transforms Thread 12" [_thread_blocked, id=15468, stack(0x0000004637700000,0x0000004637800000)]
  0x00000148583ec230 JavaThread "Cache worker for checksums cache (D:\AndroidApp\ChipNavigation-master\.gradle\checksums)" [_thread_blocked, id=20972, stack(0x0000004637800000,0x0000004637900000)]
  0x00000148583edf10 JavaThread "Cache worker for cache directory md-supplier (C:\Users\maksim\.gradle\caches\7.2\md-supplier)" [_thread_blocked, id=22192, stack(0x0000004637900000,0x0000004637a00000)]
  0x00000148583f1da0 JavaThread "Cache worker for cache directory md-rule (C:\Users\maksim\.gradle\caches\7.2\md-rule)" [_thread_blocked, id=13520, stack(0x0000004637a00000,0x0000004637b00000)]
  0x00000148583ef720 JavaThread "Cache worker for execution history cache (C:\Users\maksim\.gradle\caches\7.2\executionHistory)" [_thread_blocked, id=29016, stack(0x0000004637b00000,0x0000004637c00000)]
  0x00000148583ed0a0 JavaThread "Cache worker for file content cache (C:\Users\maksim\.gradle\caches\7.2\fileContent)" [_thread_blocked, id=2684, stack(0x0000004637c00000,0x0000004637d00000)]
  0x00000148583ec700 JavaThread "Cache worker for dependencies-accessors (D:\AndroidApp\ChipNavigation-master\.gradle\7.2\dependencies-accessors)" [_thread_blocked, id=17428, stack(0x0000004637d00000,0x0000004637e00000)]
  0x000001485801f870 JavaThread "Cache worker for Build Output Cleanup Cache (D:\AndroidApp\ChipNavigation-master\.gradle\buildOutputCleanup)" [_thread_blocked, id=18900, stack(0x0000004637e00000,0x0000004637f00000)]
  0x0000014858022d60 JavaThread "Unconstrained build operations" [_thread_blocked, id=19976, stack(0x0000004637f00000,0x0000004638000000)]
  0x000001485801e060 JavaThread "Unconstrained build operations Thread 2" [_thread_blocked, id=10444, stack(0x0000004638000000,0x0000004638100000)]
  0x000001485801f3a0 JavaThread "Unconstrained build operations Thread 3" [_thread_blocked, id=22492, stack(0x0000004638100000,0x0000004638200000)]
  0x000001485801fd40 JavaThread "Unconstrained build operations Thread 4" [_thread_blocked, id=9836, stack(0x0000004638200000,0x0000004638300000)]
  0x000001485801d6c0 JavaThread "Unconstrained build operations Thread 5" [_thread_blocked, id=6764, stack(0x0000004638300000,0x0000004638400000)]
  0x0000014858020210 JavaThread "Unconstrained build operations Thread 6" [_thread_blocked, id=3512, stack(0x0000004638400000,0x0000004638500000)]
  0x000001485801ea00 JavaThread "Unconstrained build operations Thread 7" [_thread_blocked, id=33312, stack(0x0000004638500000,0x0000004638600000)]
  0x000001485801e530 JavaThread "Unconstrained build operations Thread 8" [_thread_blocked, id=11596, stack(0x0000004638600000,0x0000004638700000)]
  0x000001485801db90 JavaThread "Unconstrained build operations Thread 9" [_thread_blocked, id=5400, stack(0x0000004638700000,0x0000004638800000)]
  0x0000014858023230 JavaThread "Unconstrained build operations Thread 10" [_thread_blocked, id=16824, stack(0x0000004638800000,0x0000004638900000)]
  0x0000014858022890 JavaThread "Unconstrained build operations Thread 11" [_thread_blocked, id=31808, stack(0x0000004638900000,0x0000004638a00000)]
  0x0000014858023700 JavaThread "Unconstrained build operations Thread 12" [_thread_blocked, id=27136, stack(0x0000004638a00000,0x0000004638b00000)]
  0x000001485801eed0 JavaThread "Unconstrained build operations Thread 13" [_thread_blocked, id=6276, stack(0x0000004638b00000,0x0000004638c00000)]
  0x0000014858023bd0 JavaThread "Unconstrained build operations Thread 14" [_thread_blocked, id=17600, stack(0x0000004638c00000,0x0000004638d00000)]
  0x00000148580206e0 JavaThread "Unconstrained build operations Thread 15" [_thread_blocked, id=32488, stack(0x0000004638d00000,0x0000004638e00000)]
  0x0000014858020bb0 JavaThread "Unconstrained build operations Thread 16" [_thread_blocked, id=3000, stack(0x0000004638e00000,0x0000004638f00000)]
  0x0000014858021080 JavaThread "Unconstrained build operations Thread 17" [_thread_blocked, id=33016, stack(0x0000004638f00000,0x0000004639000000)]
  0x0000014858021550 JavaThread "Unconstrained build operations Thread 18" [_thread_blocked, id=11224, stack(0x0000004639000000,0x0000004639100000)]
  0x0000014858024570 JavaThread "Unconstrained build operations Thread 19" [_thread_blocked, id=16964, stack(0x0000004639100000,0x0000004639200000)]
  0x0000014858021a20 JavaThread "Unconstrained build operations Thread 20" [_thread_blocked, id=620, stack(0x0000004639200000,0x0000004639300000)]
  0x0000014858021ef0 JavaThread "Unconstrained build operations Thread 21" [_thread_blocked, id=23896, stack(0x0000004639300000,0x0000004639400000)]
  0x00000148580223c0 JavaThread "Unconstrained build operations Thread 22" [_thread_blocked, id=12892, stack(0x0000004639400000,0x0000004639500000)]
  0x00000148580240a0 JavaThread "Unconstrained build operations Thread 23" [_thread_blocked, id=18348, stack(0x0000004639500000,0x0000004639600000)]
  0x0000014858024a40 JavaThread "Unconstrained build operations Thread 24" [_thread_blocked, id=14104, stack(0x0000004639600000,0x0000004639700000)]
  0x0000014858024f10 JavaThread "Unconstrained build operations Thread 25" [_thread_blocked, id=20536, stack(0x0000004639700000,0x0000004639800000)]
  0x0000014857983bd0 JavaThread "Unconstrained build operations Thread 26" [_thread_blocked, id=22852, stack(0x0000004639800000,0x0000004639900000)]
  0x0000014857981ef0 JavaThread "Unconstrained build operations Thread 27" [_thread_blocked, id=31872, stack(0x0000004639900000,0x0000004639a00000)]
  0x00000148579823c0 JavaThread "Unconstrained build operations Thread 28" [_thread_blocked, id=24400, stack(0x0000004639a00000,0x0000004639b00000)]
  0x0000014857980bb0 JavaThread "Unconstrained build operations Thread 29" [_thread_blocked, id=4988, stack(0x0000004639b00000,0x0000004639c00000)]
  0x0000014857984f10 JavaThread "Unconstrained build operations Thread 30" [_thread_blocked, id=26256, stack(0x0000004639c00000,0x0000004639d00000)]
  0x0000014857981080 JavaThread "Unconstrained build operations Thread 31" [_thread_blocked, id=19336, stack(0x0000004639d00000,0x0000004639e00000)]
  0x0000014857980210 JavaThread "Unconstrained build operations Thread 32" [_thread_blocked, id=16912, stack(0x0000004639e00000,0x0000004639f00000)]
  0x0000014857983230 JavaThread "Unconstrained build operations Thread 33" [_thread_blocked, id=21348, stack(0x0000004639f00000,0x000000463a000000)]
  0x0000014857984570 JavaThread "Unconstrained build operations Thread 34" [_thread_blocked, id=12124, stack(0x000000463a000000,0x000000463a100000)]
  0x00000148579806e0 JavaThread "Unconstrained build operations Thread 35" [_thread_blocked, id=20104, stack(0x000000463a100000,0x000000463a200000)]
  0x000001485797eed0 JavaThread "Unconstrained build operations Thread 36" [_thread_blocked, id=22740, stack(0x000000463a200000,0x000000463a300000)]
  0x0000014857983700 JavaThread "Unconstrained build operations Thread 37" [_thread_blocked, id=19632, stack(0x000000463a300000,0x000000463a400000)]
  0x00000148579858b0 JavaThread "Unconstrained build operations Thread 38" [_thread_blocked, id=22912, stack(0x000000463a400000,0x000000463a500000)]
  0x0000014857982d60 JavaThread "Unconstrained build operations Thread 39" [_thread_blocked, id=16736, stack(0x000000463a500000,0x000000463a600000)]
  0x0000014857981550 JavaThread "Unconstrained build operations Thread 40" [_thread_blocked, id=26596, stack(0x000000463a600000,0x000000463a700000)]
  0x00000148579840a0 JavaThread "Unconstrained build operations Thread 41" [_thread_blocked, id=22280, stack(0x000000463a700000,0x000000463a800000)]
  0x000001485797e060 JavaThread "Unconstrained build operations Thread 42" [_thread_blocked, id=30132, stack(0x000000463a800000,0x000000463a900000)]
  0x0000014857984a40 JavaThread "Unconstrained build operations Thread 43" [_thread_blocked, id=28636, stack(0x000000463a900000,0x000000463aa00000)]
  0x0000014857982890 JavaThread "Unconstrained build operations Thread 44" [_thread_blocked, id=30272, stack(0x000000463aa00000,0x000000463ab00000)]
  0x0000014857981a20 JavaThread "Unconstrained build operations Thread 45" [_thread_blocked, id=31524, stack(0x000000463ab00000,0x000000463ac00000)]
  0x00000148579853e0 JavaThread "Unconstrained build operations Thread 46" [_thread_blocked, id=4488, stack(0x000000463ac00000,0x000000463ad00000)]
  0x000001485797e530 JavaThread "Unconstrained build operations Thread 47" [_thread_blocked, id=3044, stack(0x000000463ad00000,0x000000463ae00000)]
  0x000001485797ea00 JavaThread "Unconstrained build operations Thread 48" [_thread_blocked, id=28564, stack(0x000000463ae00000,0x000000463af00000)]
  0x000001485797f3a0 JavaThread "Unconstrained build operations Thread 49" [_thread_blocked, id=9248, stack(0x000000463af00000,0x000000463b000000)]
  0x000001485797f870 JavaThread "Unconstrained build operations Thread 50" [_thread_blocked, id=32544, stack(0x000000463b000000,0x000000463b100000)]
  0x000001485797fd40 JavaThread "Unconstrained build operations Thread 51" [_thread_blocked, id=31916, stack(0x000000463b100000,0x000000463b200000)]
  0x000001485a5f3b60 JavaThread "Unconstrained build operations Thread 52" [_thread_blocked, id=31716, stack(0x000000463b200000,0x000000463b300000)]
  0x000001485a5f19b0 JavaThread "Unconstrained build operations Thread 53" [_thread_blocked, id=28812, stack(0x000000463b300000,0x000000463b400000)]
  0x000001485a5f0b40 JavaThread "Unconstrained build operations Thread 54" [_thread_blocked, id=5112, stack(0x000000463b400000,0x000000463b500000)]
  0x000001485a5f66b0 JavaThread "Unconstrained build operations Thread 55" [_thread_blocked, id=8148, stack(0x000000463b500000,0x000000463b600000)]
  0x000001485a5f31c0 JavaThread "Unconstrained build operations Thread 56" [_thread_blocked, id=31216, stack(0x000000463b600000,0x000000463b700000)]
  0x000001485a5f6b80 JavaThread "Unconstrained build operations Thread 57" [_thread_blocked, id=21012, stack(0x000000463b700000,0x000000463b800000)]
  0x000001485a5f3690 JavaThread "Unconstrained build operations Thread 58" [_thread_blocked, id=16336, stack(0x000000463b800000,0x000000463b900000)]
  0x000001485a5f5d10 JavaThread "Unconstrained build operations Thread 59" [_thread_blocked, id=2096, stack(0x000000463b900000,0x000000463ba00000)]
  0x000001485a5f61e0 JavaThread "Unconstrained build operations Thread 60" [_thread_blocked, id=15500, stack(0x000000463ba00000,0x000000463bb00000)]
  0x000001485a5f1e80 JavaThread "Unconstrained build operations Thread 61" [_thread_blocked, id=29232, stack(0x000000463bb00000,0x000000463bc00000)]
  0x000001485a5f4030 JavaThread "Unconstrained build operations Thread 62" [_thread_blocked, id=17396, stack(0x000000463bc00000,0x000000463bd00000)]
  0x000001485a5f7050 JavaThread "Unconstrained build operations Thread 63" [_thread_blocked, id=9752, stack(0x000000463bd00000,0x000000463be00000)]
  0x000001485a5f7520 JavaThread "Unconstrained build operations Thread 64" [_thread_blocked, id=12600, stack(0x000000463be00000,0x000000463bf00000)]
  0x000001485a5f5370 JavaThread "Unconstrained build operations Thread 65" [_thread_blocked, id=31288, stack(0x000000463bf00000,0x000000463c000000)]
  0x000001485a5f4ea0 JavaThread "Unconstrained build operations Thread 66" [_thread_blocked, id=26072, stack(0x000000463c000000,0x000000463c100000)]
  0x000001485a5f4500 JavaThread "Unconstrained build operations Thread 67" [_thread_blocked, id=3964, stack(0x000000463c100000,0x000000463c200000)]
  0x000001485a5f49d0 JavaThread "Unconstrained build operations Thread 68" [_thread_blocked, id=26024, stack(0x000000463c200000,0x000000463c300000)]
  0x000001485a5f2350 JavaThread "Unconstrained build operations Thread 69" [_thread_blocked, id=18680, stack(0x000000463c300000,0x000000463c400000)]
  0x000001485a5f5840 JavaThread "Unconstrained build operations Thread 70" [_thread_blocked, id=22680, stack(0x000000463c400000,0x000000463c500000)]
  0x000001485a5efcd0 JavaThread "Unconstrained build operations Thread 71" [_thread_blocked, id=27252, stack(0x000000463c500000,0x000000463c600000)]
  0x000001485a5f2820 JavaThread "Unconstrained build operations Thread 72" [_thread_blocked, id=21244, stack(0x000000463c600000,0x000000463c700000)]
  0x000001485a5f0670 JavaThread "Unconstrained build operations Thread 73" [_thread_blocked, id=26248, stack(0x000000463c700000,0x000000463c800000)]
  0x000001485a5f14e0 JavaThread "Unconstrained build operations Thread 74" [_thread_blocked, id=26272, stack(0x000000463c800000,0x000000463c900000)]
  0x000001485a5f2cf0 JavaThread "Unconstrained build operations Thread 75" [_thread_blocked, id=16472, stack(0x000000463c900000,0x000000463ca00000)]
  0x000001485a5f01a0 JavaThread "Unconstrained build operations Thread 76" [_thread_blocked, id=33544, stack(0x000000463ca00000,0x000000463cb00000)]
  0x000001485a5f1010 JavaThread "Unconstrained build operations Thread 77" [_thread_blocked, id=32072, stack(0x000000463cb00000,0x000000463cc00000)]
  0x000001485ad0e7c0 JavaThread "Unconstrained build operations Thread 78" [_thread_blocked, id=7916, stack(0x000000463cc00000,0x000000463cd00000)]
  0x000001485ad0ae00 JavaThread "Unconstrained build operations Thread 79" [_thread_blocked, id=14676, stack(0x000000463cd00000,0x000000463ce00000)]
  0x000001485ad0ffd0 JavaThread "Unconstrained build operations Thread 80" [_thread_blocked, id=32068, stack(0x000000463ce00000,0x000000463cf00000)]
  0x000001485ad0ec90 JavaThread "Unconstrained build operations Thread 81" [_thread_blocked, id=16456, stack(0x000000463cf00000,0x000000463d000000)]
  0x000001485ad0c140 JavaThread "Unconstrained build operations Thread 82" [_thread_blocked, id=16236, stack(0x000000463d000000,0x000000463d100000)]
  0x000001485ad0e2f0 JavaThread "Unconstrained build operations Thread 83" [_thread_blocked, id=27316, stack(0x000000463d100000,0x000000463d200000)]
  0x000001485ad095f0 JavaThread "Unconstrained build operations Thread 84" [_thread_blocked, id=26552, stack(0x000000463d200000,0x000000463d300000)]
  0x000001485ad0a460 JavaThread "Unconstrained build operations Thread 85" [_thread_blocked, id=19188, stack(0x000000463d300000,0x000000463d400000)]
  0x000001485ad0fb00 JavaThread "Unconstrained build operations Thread 86" [_thread_blocked, id=13436, stack(0x000000463d400000,0x000000463d500000)]
  0x000001485ad0b2d0 JavaThread "Unconstrained build operations Thread 87" [_thread_blocked, id=21448, stack(0x000000463d500000,0x000000463d600000)]
  0x000001485ad104a0 JavaThread "Unconstrained build operations Thread 88" [_thread_blocked, id=21280, stack(0x000000463d600000,0x000000463d700000)]
  0x000001485ad0bc70 JavaThread "Unconstrained build operations Thread 89" [_thread_blocked, id=24524, stack(0x000000463d700000,0x000000463d800000)]
  0x000001485ad0f630 JavaThread "Unconstrained build operations Thread 90" [_thread_blocked, id=17488, stack(0x000000463d800000,0x000000463d900000)]
  0x000001485ad0f160 JavaThread "Unconstrained build operations Thread 91" [_thread_blocked, id=16676, stack(0x000000463d900000,0x000000463da00000)]
  0x000001485ad0b7a0 JavaThread "Unconstrained build operations Thread 92" [_thread_blocked, id=2908, stack(0x000000463da00000,0x000000463db00000)]
  0x000001485ad0cfb0 JavaThread "Unconstrained build operations Thread 93" [_thread_blocked, id=15904, stack(0x000000463db00000,0x000000463dc00000)]
  0x000001485ad0c610 JavaThread "Unconstrained build operations Thread 94" [_thread_blocked, id=7748, stack(0x000000463dc00000,0x000000463dd00000)]
  0x000001485ad0a930 JavaThread "Unconstrained build operations Thread 95" [_thread_blocked, id=30420, stack(0x000000463dd00000,0x000000463de00000)]
  0x000001485ad08c50 JavaThread "Unconstrained build operations Thread 96" [_thread_blocked, id=820, stack(0x000000463de00000,0x000000463df00000)]
  0x000001485ad0cae0 JavaThread "Unconstrained build operations Thread 97" [_thread_blocked, id=10720, stack(0x000000463df00000,0x000000463e000000)]
  0x000001485ad0d950 JavaThread "Unconstrained build operations Thread 98" [_thread_blocked, id=29960, stack(0x000000463e000000,0x000000463e100000)]
  0x000001485ad09ac0 JavaThread "Unconstrained build operations Thread 99" [_thread_blocked, id=18764, stack(0x000000463e100000,0x000000463e200000)]
  0x000001485ad09120 JavaThread "Unconstrained build operations Thread 100" [_thread_blocked, id=19608, stack(0x000000463e200000,0x000000463e300000)]
  0x000001485ad09f90 JavaThread "Unconstrained build operations Thread 101" [_thread_blocked, id=23004, stack(0x000000463e300000,0x000000463e400000)]
  0x000001485ad0d480 JavaThread "Unconstrained build operations Thread 102" [_thread_blocked, id=24908, stack(0x000000463e400000,0x000000463e500000)]
  0x000001485b2923f0 JavaThread "Unconstrained build operations Thread 103" [_thread_blocked, id=23952, stack(0x000000463e500000,0x000000463e600000)]
  0x000001485b28fd70 JavaThread "Unconstrained build operations Thread 104" [_thread_blocked, id=17500, stack(0x000000463e600000,0x000000463e700000)]
  0x000001485b290240 JavaThread "Unconstrained build operations Thread 105" [_thread_blocked, id=14452, stack(0x000000463e700000,0x000000463e800000)]
  0x000001485b293730 JavaThread "Unconstrained build operations Thread 106" [_thread_blocked, id=22812, stack(0x000000463e800000,0x000000463e900000)]
  0x000001485b28f3d0 JavaThread "Unconstrained build operations Thread 107" [_thread_blocked, id=23068, stack(0x000000463e900000,0x000000463ea00000)]
  0x000001485b290be0 JavaThread "Unconstrained build operations Thread 108" [_thread_blocked, id=10872, stack(0x000000463ea00000,0x000000463eb00000)]
  0x000001485b291580 JavaThread "Unconstrained build operations Thread 109" [_thread_blocked, id=18144, stack(0x000000463eb00000,0x000000463ec00000)]
  0x000001485b291f20 JavaThread "Unconstrained build operations Thread 110" [_thread_blocked, id=1808, stack(0x000000463ec00000,0x000000463ed00000)]
  0x000001485b294a70 JavaThread "Unconstrained build operations Thread 111" [_thread_blocked, id=19560, stack(0x000000463ed00000,0x000000463ee00000)]
  0x000001485b290710 JavaThread "Unconstrained build operations Thread 112" [_thread_blocked, id=14828, stack(0x000000463ee00000,0x000000463ef00000)]
  0x000001485b2910b0 JavaThread "Unconstrained build operations Thread 113" [_thread_blocked, id=5036, stack(0x000000463ef00000,0x000000463f000000)]
  0x000001485b28e560 JavaThread "Unconstrained build operations Thread 114" [_thread_blocked, id=14908, stack(0x000000463f000000,0x000000463f100000)]
  0x000001485b2928c0 JavaThread "Unconstrained build operations Thread 115" [_thread_blocked, id=4208, stack(0x000000463f100000,0x000000463f200000)]
  0x000001485b28f8a0 JavaThread "Unconstrained build operations Thread 116" [_thread_blocked, id=20368, stack(0x000000463f200000,0x000000463f300000)]
  0x000001485b294f40 JavaThread "Unconstrained build operations Thread 117" [_thread_blocked, id=22544, stack(0x000000463f300000,0x000000463f400000)]
  0x000001485b295410 JavaThread "Unconstrained build operations Thread 118" [_thread_blocked, id=29716, stack(0x000000463f400000,0x000000463f500000)]
  0x000001485b2958e0 JavaThread "Unconstrained build operations Thread 119" [_thread_blocked, id=9524, stack(0x000000463f500000,0x000000463f600000)]
  0x000001485b292d90 JavaThread "Unconstrained build operations Thread 120" [_thread_blocked, id=20440, stack(0x000000463f600000,0x000000463f700000)]
  0x000001485b2940d0 JavaThread "Memory manager" [_thread_blocked, id=23508, stack(0x000000463f700000,0x000000463f800000)]
  0x000001485af02f40 JavaThread "Cache worker for execution history cache (D:\AndroidApp\ChipNavigation-master\.gradle\7.2\executionHistory)" [_thread_blocked, id=7964, stack(0x0000004640300000,0x0000004640400000)]
  0x000001485af01730 JavaThread "idea-tooling-model-converter" [_thread_blocked, id=31536, stack(0x000000463f800000,0x000000463f900000)]
  0x000001485af003f0 JavaThread "Keep-Alive-Timer" daemon [_thread_blocked, id=12620, stack(0x000000463f900000,0x000000463fa00000)]
  0x0000014855656b90 JavaThread "C2 CompilerThread1" daemon [_thread_in_native, id=29456, stack(0x000000463fa00000,0x000000463fb00000)]

Other Threads:
  0x0000014853a0c090 VMThread "VM Thread" [stack: 0x0000004634200000,0x0000004634300000] [id=25608]
  0x0000014854615560 WatcherThread [stack: 0x0000004634e00000,0x0000004634f00000] [id=28068]
  0x00000148377ef910 GCTaskThread "GC Thread#0" [stack: 0x0000004633d00000,0x0000004633e00000] [id=30376]
  0x00000148555e74f0 GCTaskThread "GC Thread#1" [stack: 0x0000004635100000,0x0000004635200000] [id=19148]
  0x0000014855441e70 GCTaskThread "GC Thread#2" [stack: 0x0000004635200000,0x0000004635300000] [id=31296]
  0x0000014855442120 GCTaskThread "GC Thread#3" [stack: 0x0000004635300000,0x0000004635400000] [id=11776]
  0x0000014855522ee0 GCTaskThread "GC Thread#4" [stack: 0x0000004635400000,0x0000004635500000] [id=28400]
  0x0000014856d496c0 GCTaskThread "GC Thread#5" [stack: 0x0000004635f00000,0x0000004636000000] [id=4924]
  0x0000014855c56830 GCTaskThread "GC Thread#6" [stack: 0x0000004636000000,0x0000004636100000] [id=27804]
  0x0000014856dfbce0 GCTaskThread "GC Thread#7" [stack: 0x0000004636100000,0x0000004636200000] [id=17536]
  0x0000014855c199b0 GCTaskThread "GC Thread#8" [stack: 0x0000004636200000,0x0000004636300000] [id=32104]
  0x0000014857a878b0 GCTaskThread "GC Thread#9" [stack: 0x0000004636300000,0x0000004636400000] [id=33100]
  0x0000014837800760 ConcurrentGCThread "G1 Main Marker" [stack: 0x0000004633e00000,0x0000004633f00000] [id=13248]
  0x0000014837802830 ConcurrentGCThread "G1 Conc#0" [stack: 0x0000004633f00000,0x0000004634000000] [id=27012]
  0x0000014856d48bf0 ConcurrentGCThread "G1 Conc#1" [stack: 0x0000004636400000,0x0000004636500000] [id=15336]
  0x0000014856d80310 ConcurrentGCThread "G1 Conc#2" [stack: 0x0000004636500000,0x0000004636600000] [id=31360]
  0x000001483785eb00 ConcurrentGCThread "G1 Refine#0" [stack: 0x0000004634000000,0x0000004634100000] [id=29596]
  0x0000014853882560 ConcurrentGCThread "G1 Service" [stack: 0x0000004634100000,0x0000004634200000] [id=30700]

Threads with active compile tasks:
C2 CompilerThread0    39154 10006       4       sun.net.util.URLUtil::urlNoFragString (114 bytes)
C1 CompilerThread0    39154 10097       3       java.util.GregorianCalendar::computeFields (1585 bytes)
C2 CompilerThread1    39154 10007   !   4       org.gradle.internal.classloader.FilteringClassLoader::loadClass (62 bytes)

VM state: not at safepoint (normal execution)

VM Mutex/Monitor currently owned by a thread: None

Heap address: 0x0000000080000000, size: 2048 MB, Compressed Oops mode: 32-bit

CDS archive(s) not mapped
Compressed class space mapped at: 0x0000000100000000-0x0000000140000000, reserved size: 1073741824
Narrow klass base: 0x0000000000000000, Narrow klass shift: 3, Narrow klass range: 0x140000000

GC Precious Log:
 CPUs: 12 total, 12 available
 Memory: 14188M
 Large Page Support: Disabled
 NUMA Support: Disabled
 Compressed Oops: Enabled (32-bit)
 Heap Region Size: 1M
 Heap Min Capacity: 8M
 Heap Initial Capacity: 222M
 Heap Max Capacity: 2G
 Pre-touch: Disabled
 Parallel Workers: 10
 Concurrent Workers: 3
 Concurrent Refinement Workers: 10
 Periodic GC: Disabled

Heap:
 garbage-first heap   total 244736K, used 188855K [0x0000000080000000, 0x0000000100000000)
  region size 1024K, 59 young (60416K), 2 survivors (2048K)
 Metaspace       used 91731K, committed 92480K, reserved 1130496K
  class space    used 12152K, committed 12480K, reserved 1048576K

Heap Regions: E=young(eden), S=young(survivor), O=old, HS=humongous(starts), HC=humongous(continues), CS=collection set, F=free, OA=open archive, CA=closed archive, TAMS=top-at-mark-start (previous, next)
|   0|0x0000000080000000, 0x0000000080100000, 0x0000000080100000|100%| O|  |TAMS 0x0000000080100000, 0x0000000080000000| Untracked 
|   1|0x0000000080100000, 0x0000000080200000, 0x0000000080200000|100%| O|  |TAMS 0x0000000080200000, 0x0000000080100000| Untracked 
|   2|0x0000000080200000, 0x0000000080300000, 0x0000000080300000|100%| O|  |TAMS 0x0000000080300000, 0x0000000080200000| Untracked 
|   3|0x0000000080300000, 0x0000000080400000, 0x0000000080400000|100%|HS|  |TAMS 0x0000000080400000, 0x0000000080300000| Complete 
|   4|0x0000000080400000, 0x0000000080500000, 0x0000000080500000|100%|HC|  |TAMS 0x0000000080500000, 0x0000000080400000| Complete 
|   5|0x0000000080500000, 0x0000000080600000, 0x0000000080600000|100%|HC|  |TAMS 0x0000000080600000, 0x0000000080500000| Complete 
|   6|0x0000000080600000, 0x0000000080700000, 0x0000000080700000|100%| O|  |TAMS 0x0000000080700000, 0x0000000080600000| Untracked 
|   7|0x0000000080700000, 0x0000000080800000, 0x0000000080800000|100%| O|  |TAMS 0x0000000080800000, 0x0000000080700000| Untracked 
|   8|0x0000000080800000, 0x0000000080900000, 0x0000000080900000|100%| O|  |TAMS 0x0000000080900000, 0x0000000080800000| Untracked 
|   9|0x0000000080900000, 0x0000000080a00000, 0x0000000080a00000|100%| O|  |TAMS 0x0000000080a00000, 0x0000000080900000| Untracked 
|  10|0x0000000080a00000, 0x0000000080b00000, 0x0000000080b00000|100%| O|  |TAMS 0x0000000080b00000, 0x0000000080a00000| Untracked 
|  11|0x0000000080b00000, 0x0000000080c00000, 0x0000000080c00000|100%| O|  |TAMS 0x0000000080c00000, 0x0000000080b00000| Untracked 
|  12|0x0000000080c00000, 0x0000000080d00000, 0x0000000080d00000|100%| O|  |TAMS 0x0000000080d00000, 0x0000000080c00000| Untracked 
|  13|0x0000000080d00000, 0x0000000080e00000, 0x0000000080e00000|100%| O|  |TAMS 0x0000000080e00000, 0x0000000080d00000| Untracked 
|  14|0x0000000080e00000, 0x0000000080f00000, 0x0000000080f00000|100%| O|  |TAMS 0x0000000080f00000, 0x0000000080e00000| Untracked 
|  15|0x0000000080f00000, 0x0000000081000000, 0x0000000081000000|100%| O|  |TAMS 0x0000000081000000, 0x0000000080f00000| Untracked 
|  16|0x0000000081000000, 0x0000000081100000, 0x0000000081100000|100%| O|  |TAMS 0x0000000081100000, 0x0000000081000000| Untracked 
|  17|0x0000000081100000, 0x0000000081200000, 0x0000000081200000|100%| O|  |TAMS 0x0000000081200000, 0x0000000081100000| Untracked 
|  18|0x0000000081200000, 0x0000000081300000, 0x0000000081300000|100%|HS|  |TAMS 0x0000000081300000, 0x0000000081200000| Complete 
|  19|0x0000000081300000, 0x0000000081400000, 0x0000000081400000|100%|HC|  |TAMS 0x0000000081400000, 0x0000000081300000| Complete 
|  20|0x0000000081400000, 0x0000000081500000, 0x0000000081500000|100%|HS|  |TAMS 0x0000000081500000, 0x0000000081400000| Complete 
|  21|0x0000000081500000, 0x0000000081600000, 0x0000000081600000|100%|HC|  |TAMS 0x0000000081600000, 0x0000000081500000| Complete 
|  22|0x0000000081600000, 0x0000000081700000, 0x0000000081700000|100%|HC|  |TAMS 0x0000000081700000, 0x0000000081600000| Complete 
|  23|0x0000000081700000, 0x0000000081800000, 0x0000000081800000|100%| O|  |TAMS 0x0000000081800000, 0x0000000081700000| Untracked 
|  24|0x0000000081800000, 0x0000000081900000, 0x0000000081900000|100%| O|  |TAMS 0x0000000081900000, 0x0000000081800000| Untracked 
|  25|0x0000000081900000, 0x0000000081a00000, 0x0000000081a00000|100%| O|  |TAMS 0x0000000081a00000, 0x0000000081900000| Untracked 
|  26|0x0000000081a00000, 0x0000000081b00000, 0x0000000081b00000|100%|HS|  |TAMS 0x0000000081b00000, 0x0000000081a00000| Complete 
|  27|0x0000000081b00000, 0x0000000081c00000, 0x0000000081c00000|100%|HC|  |TAMS 0x0000000081c00000, 0x0000000081b00000| Complete 
|  28|0x0000000081c00000, 0x0000000081d00000, 0x0000000081d00000|100%|HC|  |TAMS 0x0000000081d00000, 0x0000000081c00000| Complete 
|  29|0x0000000081d00000, 0x0000000081e00000, 0x0000000081e00000|100%| O|  |TAMS 0x0000000081d00000, 0x0000000081d00000| Untracked 
|  30|0x0000000081e00000, 0x0000000081f00000, 0x0000000081f00000|100%|HS|  |TAMS 0x0000000081f00000, 0x0000000081e00000| Complete 
|  31|0x0000000081f00000, 0x0000000082000000, 0x0000000082000000|100%|HC|  |TAMS 0x0000000082000000, 0x0000000081f00000| Complete 
|  32|0x0000000082000000, 0x0000000082100000, 0x0000000082100000|100%|HC|  |TAMS 0x0000000082100000, 0x0000000082000000| Complete 
|  33|0x0000000082100000, 0x0000000082200000, 0x0000000082200000|100%|HC|  |TAMS 0x0000000082200000, 0x0000000082100000| Complete 
|  34|0x0000000082200000, 0x0000000082300000, 0x0000000082300000|100%|HC|  |TAMS 0x0000000082300000, 0x0000000082200000| Complete 
|  35|0x0000000082300000, 0x0000000082400000, 0x0000000082400000|100%|HC|  |TAMS 0x0000000082400000, 0x0000000082300000| Complete 
|  36|0x0000000082400000, 0x0000000082500000, 0x0000000082500000|100%|HC|  |TAMS 0x0000000082500000, 0x0000000082400000| Complete 
|  37|0x0000000082500000, 0x0000000082600000, 0x0000000082600000|100%|HC|  |TAMS 0x0000000082600000, 0x0000000082500000| Complete 
|  38|0x0000000082600000, 0x0000000082700000, 0x0000000082700000|100%|HC|  |TAMS 0x0000000082700000, 0x0000000082600000| Complete 
|  39|0x0000000082700000, 0x0000000082800000, 0x0000000082800000|100%|HC|  |TAMS 0x0000000082800000, 0x0000000082700000| Complete 
|  40|0x0000000082800000, 0x0000000082900000, 0x0000000082900000|100%|HC|  |TAMS 0x0000000082900000, 0x0000000082800000| Complete 
|  41|0x0000000082900000, 0x0000000082a00000, 0x0000000082a00000|100%|HC|  |TAMS 0x0000000082a00000, 0x0000000082900000| Complete 
|  42|0x0000000082a00000, 0x0000000082b00000, 0x0000000082b00000|100%| O|  |TAMS 0x0000000082b00000, 0x0000000082a00000| Untracked 
|  43|0x0000000082b00000, 0x0000000082c00000, 0x0000000082c00000|100%|HS|  |TAMS 0x0000000082c00000, 0x0000000082b00000| Complete 
|  44|0x0000000082c00000, 0x0000000082d00000, 0x0000000082d00000|100%|HC|  |TAMS 0x0000000082d00000, 0x0000000082c00000| Complete 
|  45|0x0000000082d00000, 0x0000000082e00000, 0x0000000082e00000|100%| O|  |TAMS 0x0000000082e00000, 0x0000000082d00000| Untracked 
|  46|0x0000000082e00000, 0x0000000082f00000, 0x0000000082f00000|100%| O|  |TAMS 0x0000000082f00000, 0x0000000082e00000| Untracked 
|  47|0x0000000082f00000, 0x0000000083000000, 0x0000000083000000|100%| O|  |TAMS 0x0000000083000000, 0x0000000082f00000| Untracked 
|  48|0x0000000083000000, 0x0000000083100000, 0x0000000083100000|100%| O|  |TAMS 0x0000000083100000, 0x0000000083000000| Untracked 
|  49|0x0000000083100000, 0x0000000083200000, 0x0000000083200000|100%| O|  |TAMS 0x0000000083200000, 0x0000000083100000| Untracked 
|  50|0x0000000083200000, 0x0000000083300000, 0x0000000083300000|100%| O|  |TAMS 0x0000000083300000, 0x0000000083200000| Untracked 
|  51|0x0000000083300000, 0x0000000083400000, 0x0000000083400000|100%| O|  |TAMS 0x0000000083400000, 0x0000000083300000| Untracked 
|  52|0x0000000083400000, 0x0000000083500000, 0x0000000083500000|100%| O|  |TAMS 0x0000000083500000, 0x0000000083400000| Untracked 
|  53|0x0000000083500000, 0x0000000083600000, 0x0000000083600000|100%|HS|  |TAMS 0x0000000083600000, 0x0000000083500000| Complete 
|  54|0x0000000083600000, 0x0000000083700000, 0x0000000083700000|100%|HC|  |TAMS 0x0000000083700000, 0x0000000083600000| Complete 
|  55|0x0000000083700000, 0x0000000083800000, 0x0000000083800000|100%|HC|  |TAMS 0x0000000083800000, 0x0000000083700000| Complete 
|  56|0x0000000083800000, 0x0000000083900000, 0x0000000083900000|100%|HS|  |TAMS 0x0000000083900000, 0x0000000083800000| Complete 
|  57|0x0000000083900000, 0x0000000083a00000, 0x0000000083a00000|100%|HC|  |TAMS 0x0000000083a00000, 0x0000000083900000| Complete 
|  58|0x0000000083a00000, 0x0000000083b00000, 0x0000000083b00000|100%|HC|  |TAMS 0x0000000083b00000, 0x0000000083a00000| Complete 
|  59|0x0000000083b00000, 0x0000000083c00000, 0x0000000083c00000|100%| O|  |TAMS 0x0000000083c00000, 0x0000000083b00000| Untracked 
|  60|0x0000000083c00000, 0x0000000083d00000, 0x0000000083d00000|100%| O|  |TAMS 0x0000000083d00000, 0x0000000083c00000| Untracked 
|  61|0x0000000083d00000, 0x0000000083e00000, 0x0000000083e00000|100%| O|  |TAMS 0x0000000083e00000, 0x0000000083d00000| Untracked 
|  62|0x0000000083e00000, 0x0000000083f00000, 0x0000000083f00000|100%| O|  |TAMS 0x0000000083f00000, 0x0000000083e00000| Untracked 
|  63|0x0000000083f00000, 0x0000000084000000, 0x0000000084000000|100%| O|  |TAMS 0x0000000084000000, 0x0000000083f00000| Untracked 
|  64|0x0000000084000000, 0x0000000084100000, 0x0000000084100000|100%| O|  |TAMS 0x0000000084100000, 0x0000000084000000| Untracked 
|  65|0x0000000084100000, 0x0000000084200000, 0x0000000084200000|100%| O|  |TAMS 0x0000000084200000, 0x0000000084100000| Untracked 
|  66|0x0000000084200000, 0x0000000084300000, 0x0000000084300000|100%| O|  |TAMS 0x0000000084300000, 0x0000000084200000| Untracked 
|  67|0x0000000084300000, 0x0000000084400000, 0x0000000084400000|100%| O|  |TAMS 0x0000000084400000, 0x0000000084300000| Untracked 
|  68|0x0000000084400000, 0x0000000084500000, 0x0000000084500000|100%|HS|  |TAMS 0x0000000084500000, 0x0000000084400000| Complete 
|  69|0x0000000084500000, 0x0000000084600000, 0x0000000084600000|100%|HS|  |TAMS 0x0000000084600000, 0x0000000084500000| Complete 
|  70|0x0000000084600000, 0x0000000084700000, 0x0000000084700000|100%|HS|  |TAMS 0x0000000084700000, 0x0000000084600000| Complete 
|  71|0x0000000084700000, 0x0000000084800000, 0x0000000084800000|100%| O|  |TAMS 0x0000000084800000, 0x0000000084700000| Untracked 
|  72|0x0000000084800000, 0x0000000084900000, 0x0000000084900000|100%| O|  |TAMS 0x0000000084900000, 0x0000000084800000| Untracked 
|  73|0x0000000084900000, 0x0000000084a00000, 0x0000000084a00000|100%| O|  |TAMS 0x0000000084a00000, 0x0000000084900000| Untracked 
|  74|0x0000000084a00000, 0x0000000084b00000, 0x0000000084b00000|100%|HS|  |TAMS 0x0000000084b00000, 0x0000000084a00000| Complete 
|  75|0x0000000084b00000, 0x0000000084c00000, 0x0000000084c00000|100%|HC|  |TAMS 0x0000000084c00000, 0x0000000084b00000| Complete 
|  76|0x0000000084c00000, 0x0000000084d00000, 0x0000000084d00000|100%| O|  |TAMS 0x0000000084d00000, 0x0000000084c00000| Untracked 
|  77|0x0000000084d00000, 0x0000000084e00000, 0x0000000084e00000|100%| O|  |TAMS 0x0000000084e00000, 0x0000000084d00000| Untracked 
|  78|0x0000000084e00000, 0x0000000084f00000, 0x0000000084f00000|100%| O|  |TAMS 0x0000000084f00000, 0x0000000084e00000| Untracked 
|  79|0x0000000084f00000, 0x0000000085000000, 0x0000000085000000|100%| O|  |TAMS 0x0000000085000000, 0x0000000084f00000| Untracked 
|  80|0x0000000085000000, 0x0000000085100000, 0x0000000085100000|100%| O|  |TAMS 0x0000000085100000, 0x0000000085000000| Untracked 
|  81|0x0000000085100000, 0x0000000085200000, 0x0000000085200000|100%| O|  |TAMS 0x0000000085200000, 0x0000000085100000| Untracked 
|  82|0x0000000085200000, 0x0000000085300000, 0x0000000085300000|100%| O|  |TAMS 0x0000000085300000, 0x0000000085200000| Untracked 
|  83|0x0000000085300000, 0x0000000085400000, 0x0000000085400000|100%| O|  |TAMS 0x0000000085400000, 0x0000000085300000| Untracked 
|  84|0x0000000085400000, 0x0000000085500000, 0x0000000085500000|100%| O|  |TAMS 0x0000000085500000, 0x0000000085400000| Untracked 
|  85|0x0000000085500000, 0x0000000085600000, 0x0000000085600000|100%| O|  |TAMS 0x0000000085600000, 0x0000000085500000| Untracked 
|  86|0x0000000085600000, 0x0000000085700000, 0x0000000085700000|100%| O|  |TAMS 0x0000000085700000, 0x0000000085600000| Untracked 
|  87|0x0000000085700000, 0x0000000085800000, 0x0000000085800000|100%| O|  |TAMS 0x0000000085800000, 0x0000000085700000| Untracked 
|  88|0x0000000085800000, 0x0000000085900000, 0x0000000085900000|100%| O|  |TAMS 0x0000000085900000, 0x0000000085800000| Untracked 
|  89|0x0000000085900000, 0x0000000085a00000, 0x0000000085a00000|100%| O|  |TAMS 0x0000000085a00000, 0x0000000085900000| Untracked 
|  90|0x0000000085a00000, 0x0000000085b00000, 0x0000000085b00000|100%|HS|  |TAMS 0x0000000085b00000, 0x0000000085a00000| Complete 
|  91|0x0000000085b00000, 0x0000000085c00000, 0x0000000085c00000|100%|HC|  |TAMS 0x0000000085c00000, 0x0000000085b00000| Complete 
|  92|0x0000000085c00000, 0x0000000085d00000, 0x0000000085d00000|100%|HS|  |TAMS 0x0000000085d00000, 0x0000000085c00000| Complete 
|  93|0x0000000085d00000, 0x0000000085e00000, 0x0000000085e00000|100%|HC|  |TAMS 0x0000000085e00000, 0x0000000085d00000| Complete 
|  94|0x0000000085e00000, 0x0000000085f00000, 0x0000000085f00000|100%|HC|  |TAMS 0x0000000085f00000, 0x0000000085e00000| Complete 
|  95|0x0000000085f00000, 0x0000000086000000, 0x0000000086000000|100%|HS|  |TAMS 0x0000000086000000, 0x0000000085f00000| Complete 
|  96|0x0000000086000000, 0x0000000086100000, 0x0000000086100000|100%|HC|  |TAMS 0x0000000086100000, 0x0000000086000000| Complete 
|  97|0x0000000086100000, 0x0000000086200000, 0x0000000086200000|100%|HC|  |TAMS 0x0000000086200000, 0x0000000086100000| Complete 
|  98|0x0000000086200000, 0x0000000086300000, 0x0000000086300000|100%|HS|  |TAMS 0x0000000086300000, 0x0000000086200000| Complete 
|  99|0x0000000086300000, 0x0000000086400000, 0x0000000086400000|100%|HC|  |TAMS 0x0000000086400000, 0x0000000086300000| Complete 
| 100|0x0000000086400000, 0x0000000086500000, 0x0000000086500000|100%|HC|  |TAMS 0x0000000086500000, 0x0000000086400000| Complete 
| 101|0x0000000086500000, 0x0000000086600000, 0x0000000086600000|100%|HC|  |TAMS 0x0000000086600000, 0x0000000086500000| Complete 
| 102|0x0000000086600000, 0x0000000086700000, 0x0000000086700000|100%|HC|  |TAMS 0x0000000086700000, 0x0000000086600000| Complete 
| 103|0x0000000086700000, 0x0000000086800000, 0x0000000086800000|100%|HC|  |TAMS 0x0000000086800000, 0x0000000086700000| Complete 
| 104|0x0000000086800000, 0x0000000086900000, 0x0000000086900000|100%|HC|  |TAMS 0x0000000086900000, 0x0000000086800000| Complete 
| 105|0x0000000086900000, 0x0000000086a00000, 0x0000000086a00000|100%|HC|  |TAMS 0x0000000086a00000, 0x0000000086900000| Complete 
| 106|0x0000000086a00000, 0x0000000086b00000, 0x0000000086b00000|100%|HC|  |TAMS 0x0000000086b00000, 0x0000000086a00000| Complete 
| 107|0x0000000086b00000, 0x0000000086c00000, 0x0000000086c00000|100%|HC|  |TAMS 0x0000000086c00000, 0x0000000086b00000| Complete 
| 108|0x0000000086c00000, 0x0000000086d00000, 0x0000000086d00000|100%|HC|  |TAMS 0x0000000086d00000, 0x0000000086c00000| Complete 
| 109|0x0000000086d00000, 0x0000000086e00000, 0x0000000086e00000|100%|HC|  |TAMS 0x0000000086e00000, 0x0000000086d00000| Complete 
| 110|0x0000000086e00000, 0x0000000086f00000, 0x0000000086f00000|100%|HS|  |TAMS 0x0000000086f00000, 0x0000000086e00000| Complete 
| 111|0x0000000086f00000, 0x0000000087000000, 0x0000000087000000|100%|HC|  |TAMS 0x0000000087000000, 0x0000000086f00000| Complete 
| 112|0x0000000087000000, 0x0000000087100000, 0x0000000087100000|100%| O|  |TAMS 0x0000000087100000, 0x0000000087000000| Untracked 
| 113|0x0000000087100000, 0x0000000087200000, 0x0000000087200000|100%| O|  |TAMS 0x0000000087200000, 0x0000000087100000| Untracked 
| 114|0x0000000087200000, 0x0000000087300000, 0x0000000087300000|100%| O|  |TAMS 0x0000000087300000, 0x0000000087200000| Untracked 
| 115|0x0000000087300000, 0x0000000087400000, 0x0000000087400000|100%| O|  |TAMS 0x00000000873b9600, 0x0000000087300000| Untracked 
| 116|0x0000000087400000, 0x0000000087500000, 0x0000000087500000|100%| O|  |TAMS 0x0000000087500000, 0x0000000087400000| Untracked 
| 117|0x0000000087500000, 0x0000000087600000, 0x0000000087600000|100%| O|  |TAMS 0x0000000087600000, 0x0000000087500000| Untracked 
| 118|0x0000000087600000, 0x0000000087700000, 0x0000000087700000|100%| O|  |TAMS 0x0000000087700000, 0x0000000087600000| Untracked 
| 119|0x0000000087700000, 0x0000000087800000, 0x0000000087800000|100%| O|  |TAMS 0x0000000087800000, 0x0000000087700000| Untracked 
| 120|0x0000000087800000, 0x0000000087900000, 0x0000000087900000|100%| O|  |TAMS 0x0000000087900000, 0x0000000087800000| Untracked 
| 121|0x0000000087900000, 0x0000000087a00000, 0x0000000087a00000|100%| O|  |TAMS 0x0000000087a00000, 0x0000000087900000| Untracked 
| 122|0x0000000087a00000, 0x0000000087b00000, 0x0000000087b00000|100%| O|  |TAMS 0x0000000087b00000, 0x0000000087a00000| Untracked 
| 123|0x0000000087b00000, 0x0000000087c00000, 0x0000000087c00000|100%| O|  |TAMS 0x0000000087b00000, 0x0000000087b00000| Untracked 
| 124|0x0000000087c00000, 0x0000000087d00000, 0x0000000087d00000|100%| O|  |TAMS 0x0000000087c00000, 0x0000000087c00000| Untracked 
| 125|0x0000000087d00000, 0x0000000087e00000, 0x0000000087e00000|100%| O|  |TAMS 0x0000000087d00000, 0x0000000087d00000| Untracked 
| 126|0x0000000087e00000, 0x0000000087e99e00, 0x0000000087f00000| 60%| O|  |TAMS 0x0000000087e00000, 0x0000000087e00000| Untracked 
| 127|0x0000000087f00000, 0x0000000087f00000, 0x0000000088000000|  0%| F|  |TAMS 0x0000000087f00000, 0x0000000087f00000| Untracked 
| 128|0x0000000088000000, 0x0000000088000000, 0x0000000088100000|  0%| F|  |TAMS 0x0000000088000000, 0x0000000088000000| Untracked 
| 129|0x0000000088100000, 0x0000000088100000, 0x0000000088200000|  0%| F|  |TAMS 0x0000000088100000, 0x0000000088100000| Untracked 
| 130|0x0000000088200000, 0x0000000088200000, 0x0000000088300000|  0%| F|  |TAMS 0x0000000088200000, 0x0000000088200000| Untracked 
| 131|0x0000000088300000, 0x0000000088300000, 0x0000000088400000|  0%| F|  |TAMS 0x0000000088300000, 0x0000000088300000| Untracked 
| 132|0x0000000088400000, 0x0000000088400000, 0x0000000088500000|  0%| F|  |TAMS 0x0000000088400000, 0x0000000088400000| Untracked 
| 133|0x0000000088500000, 0x0000000088500000, 0x0000000088600000|  0%| F|  |TAMS 0x0000000088500000, 0x0000000088500000| Untracked 
| 134|0x0000000088600000, 0x0000000088600000, 0x0000000088700000|  0%| F|  |TAMS 0x0000000088600000, 0x0000000088600000| Untracked 
| 135|0x0000000088700000, 0x0000000088700000, 0x0000000088800000|  0%| F|  |TAMS 0x0000000088700000, 0x0000000088700000| Untracked 
| 136|0x0000000088800000, 0x0000000088800000, 0x0000000088900000|  0%| F|  |TAMS 0x0000000088800000, 0x0000000088800000| Untracked 
| 137|0x0000000088900000, 0x0000000088900000, 0x0000000088a00000|  0%| F|  |TAMS 0x0000000088900000, 0x0000000088900000| Untracked 
| 138|0x0000000088a00000, 0x0000000088a00000, 0x0000000088b00000|  0%| F|  |TAMS 0x0000000088a00000, 0x0000000088a00000| Untracked 
| 139|0x0000000088b00000, 0x0000000088b00000, 0x0000000088c00000|  0%| F|  |TAMS 0x0000000088b00000, 0x0000000088b00000| Untracked 
| 140|0x0000000088c00000, 0x0000000088c00000, 0x0000000088d00000|  0%| F|  |TAMS 0x0000000088c00000, 0x0000000088c00000| Untracked 
| 141|0x0000000088d00000, 0x0000000088d00000, 0x0000000088e00000|  0%| F|  |TAMS 0x0000000088d00000, 0x0000000088d00000| Untracked 
| 142|0x0000000088e00000, 0x0000000088e00000, 0x0000000088f00000|  0%| F|  |TAMS 0x0000000088e00000, 0x0000000088e00000| Untracked 
| 143|0x0000000088f00000, 0x0000000088f00000, 0x0000000089000000|  0%| F|  |TAMS 0x0000000088f00000, 0x0000000088f00000| Untracked 
| 144|0x0000000089000000, 0x0000000089000000, 0x0000000089100000|  0%| F|  |TAMS 0x0000000089000000, 0x0000000089000000| Untracked 
| 145|0x0000000089100000, 0x0000000089100000, 0x0000000089200000|  0%| F|  |TAMS 0x0000000089100000, 0x0000000089100000| Untracked 
| 146|0x0000000089200000, 0x0000000089200000, 0x0000000089300000|  0%| F|  |TAMS 0x0000000089200000, 0x0000000089200000| Untracked 
| 147|0x0000000089300000, 0x0000000089300000, 0x0000000089400000|  0%| F|  |TAMS 0x0000000089300000, 0x0000000089300000| Untracked 
| 148|0x0000000089400000, 0x0000000089400000, 0x0000000089500000|  0%| F|  |TAMS 0x0000000089400000, 0x0000000089400000| Untracked 
| 149|0x0000000089500000, 0x0000000089500000, 0x0000000089600000|  0%| F|  |TAMS 0x0000000089500000, 0x0000000089500000| Untracked 
| 150|0x0000000089600000, 0x0000000089600000, 0x0000000089700000|  0%| F|  |TAMS 0x0000000089600000, 0x0000000089600000| Untracked 
| 151|0x0000000089700000, 0x0000000089700000, 0x0000000089800000|  0%| F|  |TAMS 0x0000000089700000, 0x0000000089700000| Untracked 
| 152|0x0000000089800000, 0x0000000089800000, 0x0000000089900000|  0%| F|  |TAMS 0x0000000089800000, 0x0000000089800000| Untracked 
| 153|0x0000000089900000, 0x0000000089900000, 0x0000000089a00000|  0%| F|  |TAMS 0x0000000089900000, 0x0000000089900000| Untracked 
| 154|0x0000000089a00000, 0x0000000089a00000, 0x0000000089b00000|  0%| F|  |TAMS 0x0000000089a00000, 0x0000000089a00000| Untracked 
| 155|0x0000000089b00000, 0x0000000089b00000, 0x0000000089c00000|  0%| F|  |TAMS 0x0000000089b00000, 0x0000000089b00000| Untracked 
| 156|0x0000000089c00000, 0x0000000089c00000, 0x0000000089d00000|  0%| F|  |TAMS 0x0000000089c00000, 0x0000000089c00000| Untracked 
| 157|0x0000000089d00000, 0x0000000089d00000, 0x0000000089e00000|  0%| F|  |TAMS 0x0000000089d00000, 0x0000000089d00000| Untracked 
| 158|0x0000000089e00000, 0x0000000089e00000, 0x0000000089f00000|  0%| F|  |TAMS 0x0000000089e00000, 0x0000000089e00000| Untracked 
| 159|0x0000000089f00000, 0x0000000089f00000, 0x000000008a000000|  0%| F|  |TAMS 0x0000000089f00000, 0x0000000089f00000| Untracked 
| 160|0x000000008a000000, 0x000000008a000000, 0x000000008a100000|  0%| F|  |TAMS 0x000000008a000000, 0x000000008a000000| Untracked 
| 161|0x000000008a100000, 0x000000008a100000, 0x000000008a200000|  0%| F|  |TAMS 0x000000008a100000, 0x000000008a100000| Untracked 
| 162|0x000000008a200000, 0x000000008a200000, 0x000000008a300000|  0%| F|  |TAMS 0x000000008a200000, 0x000000008a200000| Untracked 
| 163|0x000000008a300000, 0x000000008a300000, 0x000000008a400000|  0%| F|  |TAMS 0x000000008a300000, 0x000000008a300000| Untracked 
| 164|0x000000008a400000, 0x000000008a400000, 0x000000008a500000|  0%| F|  |TAMS 0x000000008a400000, 0x000000008a400000| Untracked 
| 165|0x000000008a500000, 0x000000008a500000, 0x000000008a600000|  0%| F|  |TAMS 0x000000008a500000, 0x000000008a500000| Untracked 
| 166|0x000000008a600000, 0x000000008a600000, 0x000000008a700000|  0%| F|  |TAMS 0x000000008a600000, 0x000000008a600000| Untracked 
| 167|0x000000008a700000, 0x000000008a700000, 0x000000008a800000|  0%| F|  |TAMS 0x000000008a700000, 0x000000008a700000| Untracked 
| 168|0x000000008a800000, 0x000000008a800000, 0x000000008a900000|  0%| F|  |TAMS 0x000000008a800000, 0x000000008a800000| Untracked 
| 169|0x000000008a900000, 0x000000008a900000, 0x000000008aa00000|  0%| F|  |TAMS 0x000000008a900000, 0x000000008a900000| Untracked 
| 170|0x000000008aa00000, 0x000000008aa00000, 0x000000008ab00000|  0%| F|  |TAMS 0x000000008aa00000, 0x000000008aa00000| Untracked 
| 171|0x000000008ab00000, 0x000000008ab00000, 0x000000008ac00000|  0%| F|  |TAMS 0x000000008ab00000, 0x000000008ab00000| Untracked 
| 172|0x000000008ac00000, 0x000000008ac00000, 0x000000008ad00000|  0%| F|  |TAMS 0x000000008ac00000, 0x000000008ac00000| Untracked 
| 173|0x000000008ad00000, 0x000000008ad00000, 0x000000008ae00000|  0%| F|  |TAMS 0x000000008ad00000, 0x000000008ad00000| Untracked 
| 174|0x000000008ae00000, 0x000000008ae00000, 0x000000008af00000|  0%| F|  |TAMS 0x000000008ae00000, 0x000000008ae00000| Untracked 
| 175|0x000000008af00000, 0x000000008af00000, 0x000000008b000000|  0%| F|  |TAMS 0x000000008af00000, 0x000000008af00000| Untracked 
| 176|0x000000008b000000, 0x000000008b000000, 0x000000008b100000|  0%| F|  |TAMS 0x000000008b000000, 0x000000008b000000| Untracked 
| 177|0x000000008b100000, 0x000000008b100000, 0x000000008b200000|  0%| F|  |TAMS 0x000000008b100000, 0x000000008b100000| Untracked 
| 178|0x000000008b200000, 0x000000008b200000, 0x000000008b300000|  0%| F|  |TAMS 0x000000008b200000, 0x000000008b200000| Untracked 
| 179|0x000000008b300000, 0x000000008b300000, 0x000000008b400000|  0%| F|  |TAMS 0x000000008b300000, 0x000000008b300000| Untracked 
| 180|0x000000008b400000, 0x000000008b500000, 0x000000008b500000|100%| E|  |TAMS 0x000000008b400000, 0x000000008b400000| Complete 
| 181|0x000000008b500000, 0x000000008b600000, 0x000000008b600000|100%| E|CS|TAMS 0x000000008b500000, 0x000000008b500000| Complete 
| 182|0x000000008b600000, 0x000000008b6d4148, 0x000000008b700000| 82%| S|CS|TAMS 0x000000008b600000, 0x000000008b600000| Complete 
| 183|0x000000008b700000, 0x000000008b800000, 0x000000008b800000|100%| S|CS|TAMS 0x000000008b700000, 0x000000008b700000| Complete 
| 184|0x000000008b800000, 0x000000008b900000, 0x000000008b900000|100%| E|CS|TAMS 0x000000008b800000, 0x000000008b800000| Complete 
| 185|0x000000008b900000, 0x000000008ba00000, 0x000000008ba00000|100%| E|CS|TAMS 0x000000008b900000, 0x000000008b900000| Complete 
| 186|0x000000008ba00000, 0x000000008bb00000, 0x000000008bb00000|100%| E|CS|TAMS 0x000000008ba00000, 0x000000008ba00000| Complete 
| 187|0x000000008bb00000, 0x000000008bc00000, 0x000000008bc00000|100%| E|CS|TAMS 0x000000008bb00000, 0x000000008bb00000| Complete 
| 188|0x000000008bc00000, 0x000000008bd00000, 0x000000008bd00000|100%| E|CS|TAMS 0x000000008bc00000, 0x000000008bc00000| Complete 
| 189|0x000000008bd00000, 0x000000008be00000, 0x000000008be00000|100%| E|CS|TAMS 0x000000008bd00000, 0x000000008bd00000| Complete 
| 190|0x000000008be00000, 0x000000008bf00000, 0x000000008bf00000|100%| E|CS|TAMS 0x000000008be00000, 0x000000008be00000| Complete 
| 191|0x000000008bf00000, 0x000000008c000000, 0x000000008c000000|100%| E|CS|TAMS 0x000000008bf00000, 0x000000008bf00000| Complete 
| 192|0x000000008c000000, 0x000000008c100000, 0x000000008c100000|100%| E|CS|TAMS 0x000000008c000000, 0x000000008c000000| Complete 
| 193|0x000000008c100000, 0x000000008c200000, 0x000000008c200000|100%| E|CS|TAMS 0x000000008c100000, 0x000000008c100000| Complete 
| 194|0x000000008c200000, 0x000000008c300000, 0x000000008c300000|100%| E|CS|TAMS 0x000000008c200000, 0x000000008c200000| Complete 
| 195|0x000000008c300000, 0x000000008c400000, 0x000000008c400000|100%| E|CS|TAMS 0x000000008c300000, 0x000000008c300000| Complete 
| 196|0x000000008c400000, 0x000000008c500000, 0x000000008c500000|100%| E|CS|TAMS 0x000000008c400000, 0x000000008c400000| Complete 
| 197|0x000000008c500000, 0x000000008c600000, 0x000000008c600000|100%| E|CS|TAMS 0x000000008c500000, 0x000000008c500000| Complete 
| 198|0x000000008c600000, 0x000000008c700000, 0x000000008c700000|100%| E|CS|TAMS 0x000000008c600000, 0x000000008c600000| Complete 
| 199|0x000000008c700000, 0x000000008c800000, 0x000000008c800000|100%| E|CS|TAMS 0x000000008c700000, 0x000000008c700000| Complete 
| 200|0x000000008c800000, 0x000000008c900000, 0x000000008c900000|100%| E|CS|TAMS 0x000000008c800000, 0x000000008c800000| Complete 
| 201|0x000000008c900000, 0x000000008ca00000, 0x000000008ca00000|100%| E|CS|TAMS 0x000000008c900000, 0x000000008c900000| Complete 
| 202|0x000000008ca00000, 0x000000008cb00000, 0x000000008cb00000|100%| E|CS|TAMS 0x000000008ca00000, 0x000000008ca00000| Complete 
| 203|0x000000008cb00000, 0x000000008cc00000, 0x000000008cc00000|100%| E|CS|TAMS 0x000000008cb00000, 0x000000008cb00000| Complete 
| 204|0x000000008cc00000, 0x000000008cd00000, 0x000000008cd00000|100%| E|CS|TAMS 0x000000008cc00000, 0x000000008cc00000| Complete 
| 205|0x000000008cd00000, 0x000000008ce00000, 0x000000008ce00000|100%| E|CS|TAMS 0x000000008cd00000, 0x000000008cd00000| Complete 
| 206|0x000000008ce00000, 0x000000008cf00000, 0x000000008cf00000|100%| E|CS|TAMS 0x000000008ce00000, 0x000000008ce00000| Complete 
| 207|0x000000008cf00000, 0x000000008d000000, 0x000000008d000000|100%| E|CS|TAMS 0x000000008cf00000, 0x000000008cf00000| Complete 
| 208|0x000000008d000000, 0x000000008d100000, 0x000000008d100000|100%| E|CS|TAMS 0x000000008d000000, 0x000000008d000000| Complete 
| 209|0x000000008d100000, 0x000000008d200000, 0x000000008d200000|100%| E|CS|TAMS 0x000000008d100000, 0x000000008d100000| Complete 
| 210|0x000000008d200000, 0x000000008d300000, 0x000000008d300000|100%| E|CS|TAMS 0x000000008d200000, 0x000000008d200000| Complete 
| 211|0x000000008d300000, 0x000000008d400000, 0x000000008d400000|100%| E|CS|TAMS 0x000000008d300000, 0x000000008d300000| Complete 
| 212|0x000000008d400000, 0x000000008d500000, 0x000000008d500000|100%| E|CS|TAMS 0x000000008d400000, 0x000000008d400000| Complete 
| 213|0x000000008d500000, 0x000000008d600000, 0x000000008d600000|100%| E|CS|TAMS 0x000000008d500000, 0x000000008d500000| Complete 
| 214|0x000000008d600000, 0x000000008d700000, 0x000000008d700000|100%| E|CS|TAMS 0x000000008d600000, 0x000000008d600000| Complete 
| 215|0x000000008d700000, 0x000000008d800000, 0x000000008d800000|100%| E|CS|TAMS 0x000000008d700000, 0x000000008d700000| Complete 
| 216|0x000000008d800000, 0x000000008d900000, 0x000000008d900000|100%| E|CS|TAMS 0x000000008d800000, 0x000000008d800000| Complete 
| 217|0x000000008d900000, 0x000000008da00000, 0x000000008da00000|100%| E|CS|TAMS 0x000000008d900000, 0x000000008d900000| Complete 
| 218|0x000000008da00000, 0x000000008db00000, 0x000000008db00000|100%| E|CS|TAMS 0x000000008da00000, 0x000000008da00000| Complete 
| 219|0x000000008db00000, 0x000000008dc00000, 0x000000008dc00000|100%| E|CS|TAMS 0x000000008db00000, 0x000000008db00000| Complete 
| 220|0x000000008dc00000, 0x000000008dd00000, 0x000000008dd00000|100%| E|CS|TAMS 0x000000008dc00000, 0x000000008dc00000| Complete 
| 221|0x000000008dd00000, 0x000000008de00000, 0x000000008de00000|100%| E|CS|TAMS 0x000000008dd00000, 0x000000008dd00000| Complete 
| 222|0x000000008de00000, 0x000000008df00000, 0x000000008df00000|100%| E|CS|TAMS 0x000000008de00000, 0x000000008de00000| Complete 
| 223|0x000000008df00000, 0x000000008e000000, 0x000000008e000000|100%| E|CS|TAMS 0x000000008df00000, 0x000000008df00000| Complete 
| 224|0x000000008e000000, 0x000000008e100000, 0x000000008e100000|100%| E|CS|TAMS 0x000000008e000000, 0x000000008e000000| Complete 
| 225|0x000000008e100000, 0x000000008e200000, 0x000000008e200000|100%| E|CS|TAMS 0x000000008e100000, 0x000000008e100000| Complete 
| 226|0x000000008e200000, 0x000000008e300000, 0x000000008e300000|100%| E|CS|TAMS 0x000000008e200000, 0x000000008e200000| Complete 
| 227|0x000000008e300000, 0x000000008e400000, 0x000000008e400000|100%| E|CS|TAMS 0x000000008e300000, 0x000000008e300000| Complete 
| 228|0x000000008e400000, 0x000000008e500000, 0x000000008e500000|100%| E|CS|TAMS 0x000000008e400000, 0x000000008e400000| Complete 
| 229|0x000000008e500000, 0x000000008e600000, 0x000000008e600000|100%| E|CS|TAMS 0x000000008e500000, 0x000000008e500000| Complete 
| 230|0x000000008e600000, 0x000000008e700000, 0x000000008e700000|100%| E|CS|TAMS 0x000000008e600000, 0x000000008e600000| Complete 
| 231|0x000000008e700000, 0x000000008e800000, 0x000000008e800000|100%| E|CS|TAMS 0x000000008e700000, 0x000000008e700000| Complete 
| 232|0x000000008e800000, 0x000000008e900000, 0x000000008e900000|100%| E|CS|TAMS 0x000000008e800000, 0x000000008e800000| Complete 
| 233|0x000000008e900000, 0x000000008ea00000, 0x000000008ea00000|100%| E|CS|TAMS 0x000000008e900000, 0x000000008e900000| Complete 
| 234|0x000000008ea00000, 0x000000008eb00000, 0x000000008eb00000|100%| E|CS|TAMS 0x000000008ea00000, 0x000000008ea00000| Complete 
| 235|0x000000008eb00000, 0x000000008ec00000, 0x000000008ec00000|100%| E|CS|TAMS 0x000000008eb00000, 0x000000008eb00000| Complete 
| 236|0x000000008ec00000, 0x000000008ed00000, 0x000000008ed00000|100%| E|CS|TAMS 0x000000008ec00000, 0x000000008ec00000| Complete 
| 237|0x000000008ed00000, 0x000000008ee00000, 0x000000008ee00000|100%| E|CS|TAMS 0x000000008ed00000, 0x000000008ed00000| Complete 
| 238|0x000000008ee00000, 0x000000008ef00000, 0x000000008ef00000|100%| E|CS|TAMS 0x000000008ee00000, 0x000000008ee00000| Complete 

Card table byte_map: [0x000001484c4e0000,0x000001484c8e0000] _byte_map_base: 0x000001484c0e0000

Marking Bits (Prev, Next): (CMBitMap*) 0x00000148377efe70, (CMBitMap*) 0x00000148377efe30
 Prev Bits: [0x000001484ece0000, 0x0000014850ce0000)
 Next Bits: [0x000001484cce0000, 0x000001484ece0000)

Polling page: 0x0000014837860000

Metaspace:

Usage:
  Non-class:     77.71 MB used.
      Class:     11.87 MB used.
       Both:     89.58 MB used.

Virtual space:
  Non-class space:       80.00 MB reserved,      78.12 MB ( 98%) committed,  10 nodes.
      Class space:        1.00 GB reserved,      12.19 MB (  1%) committed,  1 nodes.
             Both:        1.08 GB reserved,      90.31 MB (  8%) committed. 

Chunk freelists:
   Non-Class:  1.86 MB
       Class:  3.62 MB
        Both:  5.48 MB

MaxMetaspaceSize: unlimited
CompressedClassSpaceSize: 1.00 GB
Initial GC threshold: 21.00 MB
Current GC threshold: 148.75 MB
CDS: off
MetaspaceReclaimPolicy: balanced
 - commit_granule_bytes: 65536.
 - commit_granule_words: 8192.
 - virtual_space_node_default_size: 1048576.
 - enlarge_chunks_in_place: 1.
 - new_chunks_are_fully_committed: 0.
 - uncommit_free_chunks: 1.
 - use_allocation_guard: 0.
 - handle_deallocations: 1.


Internal statistics:

num_allocs_failed_limit: 3.
num_arena_births: 910.
num_arena_deaths: 0.
num_vsnodes_births: 11.
num_vsnodes_deaths: 0.
num_space_committed: 1445.
num_space_uncommitted: 0.
num_chunks_returned_to_freelist: 3.
num_chunks_taken_from_freelist: 4138.
num_chunk_merges: 3.
num_chunk_splits: 2720.
num_chunks_enlarged: 1741.
num_purges: 0.
num_inconsistent_stats: 0.

CodeHeap 'non-profiled nmethods': size=120000Kb used=5545Kb max_used=5545Kb free=114455Kb
 bounds [0x0000014843f30000, 0x00000148444a0000, 0x000001484b460000]
CodeHeap 'profiled nmethods': size=120000Kb used=16254Kb max_used=16275Kb free=103745Kb
 bounds [0x000001483c460000, 0x000001483d450000, 0x0000014843990000]
CodeHeap 'non-nmethods': size=5760Kb used=2409Kb max_used=2474Kb free=3350Kb
 bounds [0x0000014843990000, 0x0000014843c10000, 0x0000014843f30000]
 total_blobs=9558 nmethods=8613 adapters=857
 compilation: enabled
              stopped_count=0, restarted_count=0
 full_count=0

Compilation events (20 events):
Event: 39.126 Thread 0x000001485448a550 nmethod 10031 0x000001483cc23710 code [0x000001483cc238a0, 0x000001483cc239e8]
Event: 39.126 Thread 0x000001485448a550 10032   !   3       java.lang.Thread::blockedOn (27 bytes)
Event: 39.127 Thread 0x000001485448a550 nmethod 10032 0x000001483cc23210 code [0x000001483cc233c0, 0x000001483cc23618]
Event: 39.127 Thread 0x000001485448a550 10033       3       java.util.GregorianCalendar::getWeekNumber (89 bytes)
Event: 39.127 Thread 0x000001485448a550 nmethod 10033 0x000001483cc22a10 code [0x000001483cc22be0, 0x000001483cc23068]
Event: 39.127 Thread 0x000001485448a550 10034       3       sun.util.calendar.AbstractCalendar::getDayOfWeekDateOnOrBefore (31 bytes)
Event: 39.127 Thread 0x000001485448a550 nmethod 10034 0x000001483cc22590 code [0x000001483cc22740, 0x000001483cc22928]
Event: 39.127 Thread 0x000001485448a550 10026       1       java.time.Instant::getEpochSecond (5 bytes)
Event: 39.127 Thread 0x000001485448a550 nmethod 10026 0x0000014844492f10 code [0x00000148444930a0, 0x0000014844493178]
Event: 39.127 Thread 0x000001485448a550 10027       1       java.time.LocalDate::getYear (5 bytes)
Event: 39.127 Thread 0x000001485448a550 nmethod 10027 0x0000014844493210 code [0x00000148444933a0, 0x0000014844493478]
Event: 39.127 Thread 0x000001485448a550 10028       1       org.apache.commons.compress.archivers.zip.ZipArchiveEntry::getPlatform (5 bytes)
Event: 39.127 Thread 0x000001485448a550 nmethod 10028 0x0000014844493510 code [0x00000148444936a0, 0x0000014844493778]
Event: 39.127 Thread 0x000001485448a550 10029       1       java.nio.charset.CharsetDecoder::averageCharsPerByte (5 bytes)
Event: 39.127 Thread 0x000001485448a550 nmethod 10029 0x0000014844493810 code [0x00000148444939a0, 0x0000014844493a78]
Event: 39.127 Thread 0x000001485448a550 10035       3       java.util.Calendar::aggregateStamp (21 bytes)
Event: 39.127 Thread 0x000001485448a550 nmethod 10035 0x000001483cc22190 code [0x000001483cc22320, 0x000001483cc224f8]
Event: 39.127 Thread 0x000001485448a550 10037       3       sun.util.calendar.ZoneInfo::getOffsets (342 bytes)
Event: 39.128 Thread 0x000001485448a550 nmethod 10037 0x000001483c576d90 code [0x000001483c577000, 0x000001483c577ca8]
Event: 39.128 Thread 0x000001485448a550 10038       3       sun.util.calendar.ZoneInfo::getTransitionIndex (156 bytes)

GC Heap History (20 events):
Event: 12.548 GC heap before
{Heap before GC invocations=56 (full 0):
 garbage-first heap   total 220160K, used 192599K [0x0000000080000000, 0x0000000100000000)
  region size 1024K, 67 young (68608K), 2 survivors (2048K)
 Metaspace       used 85530K, committed 86144K, reserved 1130496K
  class space    used 11456K, committed 11712K, reserved 1048576K
}
Event: 12.551 GC heap after
{Heap after GC invocations=57 (full 0):
 garbage-first heap   total 220160K, used 126005K [0x0000000080000000, 0x0000000100000000)
  region size 1024K, 2 young (2048K), 2 survivors (2048K)
 Metaspace       used 85530K, committed 86144K, reserved 1130496K
  class space    used 11456K, committed 11712K, reserved 1048576K
}
Event: 13.440 GC heap before
{Heap before GC invocations=58 (full 0):
 garbage-first heap   total 220160K, used 192565K [0x0000000080000000, 0x0000000100000000)
  region size 1024K, 67 young (68608K), 2 survivors (2048K)
 Metaspace       used 85530K, committed 86144K, reserved 1130496K
  class space    used 11456K, committed 11712K, reserved 1048576K
}
Event: 13.442 GC heap after
{Heap after GC invocations=59 (full 0):
 garbage-first heap   total 220160K, used 125971K [0x0000000080000000, 0x0000000100000000)
  region size 1024K, 2 young (2048K), 2 survivors (2048K)
 Metaspace       used 85530K, committed 86144K, reserved 1130496K
  class space    used 11456K, committed 11712K, reserved 1048576K
}
Event: 14.329 GC heap before
{Heap before GC invocations=59 (full 0):
 garbage-first heap   total 220160K, used 193555K [0x0000000080000000, 0x0000000100000000)
  region size 1024K, 68 young (69632K), 2 survivors (2048K)
 Metaspace       used 85530K, committed 86144K, reserved 1130496K
  class space    used 11456K, committed 11712K, reserved 1048576K
}
Event: 14.331 GC heap after
{Heap after GC invocations=60 (full 0):
 garbage-first heap   total 220160K, used 126047K [0x0000000080000000, 0x0000000100000000)
  region size 1024K, 2 young (2048K), 2 survivors (2048K)
 Metaspace       used 85530K, committed 86144K, reserved 1130496K
  class space    used 11456K, committed 11712K, reserved 1048576K
}
Event: 15.227 GC heap before
{Heap before GC invocations=61 (full 0):
 garbage-first heap   total 220160K, used 194655K [0x0000000080000000, 0x0000000100000000)
  region size 1024K, 69 young (70656K), 2 survivors (2048K)
 Metaspace       used 85707K, committed 86400K, reserved 1130496K
  class space    used 11483K, committed 11776K, reserved 1048576K
}
Event: 15.229 GC heap after
{Heap after GC invocations=62 (full 0):
 garbage-first heap   total 220160K, used 126067K [0x0000000080000000, 0x0000000100000000)
  region size 1024K, 2 young (2048K), 2 survivors (2048K)
 Metaspace       used 85707K, committed 86400K, reserved 1130496K
  class space    used 11483K, committed 11776K, reserved 1048576K
}
Event: 16.094 GC heap before
{Heap before GC invocations=62 (full 0):
 garbage-first heap   total 220160K, used 194675K [0x0000000080000000, 0x0000000100000000)
  region size 1024K, 69 young (70656K), 2 survivors (2048K)
 Metaspace       used 85708K, committed 86400K, reserved 1130496K
  class space    used 11483K, committed 11776K, reserved 1048576K
}
Event: 16.096 GC heap after
{Heap after GC invocations=63 (full 0):
 garbage-first heap   total 220160K, used 126067K [0x0000000080000000, 0x0000000100000000)
  region size 1024K, 2 young (2048K), 2 survivors (2048K)
 Metaspace       used 85708K, committed 86400K, reserved 1130496K
  class space    used 11483K, committed 11776K, reserved 1048576K
}
Event: 17.007 GC heap before
{Heap before GC invocations=64 (full 0):
 garbage-first heap   total 220160K, used 194675K [0x0000000080000000, 0x0000000100000000)
  region size 1024K, 69 young (70656K), 2 survivors (2048K)
 Metaspace       used 85709K, committed 86400K, reserved 1130496K
  class space    used 11483K, committed 11776K, reserved 1048576K
}
Event: 17.009 GC heap after
{Heap after GC invocations=65 (full 0):
 garbage-first heap   total 220160K, used 126102K [0x0000000080000000, 0x0000000100000000)
  region size 1024K, 3 young (3072K), 3 survivors (3072K)
 Metaspace       used 85709K, committed 86400K, reserved 1130496K
  class space    used 11483K, committed 11776K, reserved 1048576K
}
Event: 17.899 GC heap before
{Heap before GC invocations=65 (full 0):
 garbage-first heap   total 220160K, used 192662K [0x0000000080000000, 0x0000000100000000)
  region size 1024K, 68 young (69632K), 3 survivors (3072K)
 Metaspace       used 85709K, committed 86400K, reserved 1130496K
  class space    used 11483K, committed 11776K, reserved 1048576K
}
Event: 17.901 GC heap after
{Heap after GC invocations=66 (full 0):
 garbage-first heap   total 220160K, used 126158K [0x0000000080000000, 0x0000000100000000)
  region size 1024K, 2 young (2048K), 2 survivors (2048K)
 Metaspace       used 85709K, committed 86400K, reserved 1130496K
  class space    used 11483K, committed 11776K, reserved 1048576K
}
Event: 18.819 GC heap before
{Heap before GC invocations=67 (full 0):
 garbage-first heap   total 220160K, used 194766K [0x0000000080000000, 0x0000000100000000)
  region size 1024K, 69 young (70656K), 2 survivors (2048K)
 Metaspace       used 85709K, committed 86400K, reserved 1130496K
  class space    used 11483K, committed 11776K, reserved 1048576K
}
Event: 18.821 GC heap after
{Heap after GC invocations=68 (full 0):
 garbage-first heap   total 220160K, used 126070K [0x0000000080000000, 0x0000000100000000)
  region size 1024K, 2 young (2048K), 2 survivors (2048K)
 Metaspace       used 85709K, committed 86400K, reserved 1130496K
  class space    used 11483K, committed 11776K, reserved 1048576K
}
Event: 19.518 GC heap before
{Heap before GC invocations=68 (full 0):
 garbage-first heap   total 220160K, used 193654K [0x0000000080000000, 0x0000000100000000)
  region size 1024K, 69 young (70656K), 2 survivors (2048K)
 Metaspace       used 90667K, committed 91392K, reserved 1130496K
  class space    used 12059K, committed 12416K, reserved 1048576K
}
Event: 19.522 GC heap after
{Heap after GC invocations=69 (full 0):
 garbage-first heap   total 220160K, used 132802K [0x0000000080000000, 0x0000000100000000)
  region size 1024K, 8 young (8192K), 8 survivors (8192K)
 Metaspace       used 90667K, committed 91392K, reserved 1130496K
  class space    used 12059K, committed 12416K, reserved 1048576K
}
Event: 19.720 GC heap before
{Heap before GC invocations=70 (full 0):
 garbage-first heap   total 244736K, used 188098K [0x0000000080000000, 0x0000000100000000)
  region size 1024K, 63 young (64512K), 8 survivors (8192K)
 Metaspace       used 90868K, committed 91648K, reserved 1130496K
  class space    used 12067K, committed 12416K, reserved 1048576K
}
Event: 19.723 GC heap after
{Heap after GC invocations=71 (full 0):
 garbage-first heap   total 244736K, used 131511K [0x0000000080000000, 0x0000000100000000)
  region size 1024K, 2 young (2048K), 2 survivors (2048K)
 Metaspace       used 90868K, committed 91648K, reserved 1130496K
  class space    used 12067K, committed 12416K, reserved 1048576K
}

Dll operation events (2 events):
Event: 0.004 Loaded shared library D:\Android\jbr\bin\java.dll
Event: 0.255 Loaded shared library D:\Android\jbr\bin\verify.dll

Deoptimization events (20 events):
Event: 19.905 Thread 0x0000014855c32ba0 DEOPT PACKING pc=0x0000014844151a34 sp=0x0000004635bfa150
Event: 19.905 Thread 0x0000014855c32ba0 DEOPT UNPACKING pc=0x00000148439e69a3 sp=0x0000004635bfa0c8 mode 2
Event: 19.906 Thread 0x0000014855c32ba0 Uncommon trap: trap_request=0xffffffc6 fr.pc=0x0000014844372910 relative=0x00000000000001d0
Event: 19.906 Thread 0x0000014855c32ba0 Uncommon trap: reason=bimorphic_or_optimized_type_check action=maybe_recompile pc=0x0000014844372910 method=java.io.BufferedInputStream.read1([BII)I @ 39 c2
Event: 19.906 Thread 0x0000014855c32ba0 DEOPT PACKING pc=0x0000014844372910 sp=0x0000004635bf9f00
Event: 19.906 Thread 0x0000014855c32ba0 DEOPT UNPACKING pc=0x00000148439e69a3 sp=0x0000004635bf9e98 mode 2
Event: 19.930 Thread 0x0000014855c32ba0 DEOPT PACKING pc=0x000001483d2c0f3a sp=0x0000004635bf93d0
Event: 19.930 Thread 0x0000014855c32ba0 DEOPT UNPACKING pc=0x00000148439e7143 sp=0x0000004635bf88c0 mode 0
Event: 20.020 Thread 0x0000014855c32ba0 DEOPT PACKING pc=0x000001483d2cd8ae sp=0x0000004635bf9330
Event: 20.020 Thread 0x0000014855c32ba0 DEOPT UNPACKING pc=0x00000148439e7143 sp=0x0000004635bf87c8 mode 0
Event: 20.279 Thread 0x0000014855c32ba0 DEOPT PACKING pc=0x000001483c679569 sp=0x0000004635bf9510
Event: 20.279 Thread 0x0000014855c32ba0 DEOPT UNPACKING pc=0x00000148439e7143 sp=0x0000004635bf8980 mode 0
Event: 39.080 Thread 0x0000014855c32ba0 Uncommon trap: trap_request=0xffffff45 fr.pc=0x0000014844489664 relative=0x0000000000000504
Event: 39.080 Thread 0x0000014855c32ba0 Uncommon trap: reason=unstable_if action=reinterpret pc=0x0000014844489664 method=sun.net.www.MeteredStream.justRead(J)V @ 122 c2
Event: 39.080 Thread 0x0000014855c32ba0 DEOPT PACKING pc=0x0000014844489664 sp=0x0000004635bfa170
Event: 39.080 Thread 0x0000014855c32ba0 DEOPT UNPACKING pc=0x00000148439e69a3 sp=0x0000004635bfa0a8 mode 2
Event: 39.080 Thread 0x0000014855c32ba0 Uncommon trap: trap_request=0xffffff45 fr.pc=0x0000014844227fd0 relative=0x00000000000000b0
Event: 39.080 Thread 0x0000014855c32ba0 Uncommon trap: reason=unstable_if action=reinterpret pc=0x0000014844227fd0 method=sun.net.www.protocol.http.HttpURLConnection$HttpInputStream.read([BII)I @ 69 c2
Event: 39.080 Thread 0x0000014855c32ba0 DEOPT PACKING pc=0x0000014844227fd0 sp=0x0000004635bfa1e0
Event: 39.080 Thread 0x0000014855c32ba0 DEOPT UNPACKING pc=0x00000148439e69a3 sp=0x0000004635bfa108 mode 2

Classes unloaded (0 events):
No events

Classes redefined (0 events):
No events

Internal exceptions (20 events):
Event: 19.310 Thread 0x0000014855c32ba0 Exception <a 'java/lang/NoSuchMethodError'{0x000000008ba6c9d0}: 'java.lang.Object java.lang.invoke.DirectMethodHandle$Holder.newInvokeSpecial(java.lang.Object, double)'> (0x000000008ba6c9d0) 
thrown [s\src\hotspot\share\interpreter\linkResolver.cpp, line 771]
Event: 19.327 Thread 0x0000014855c32ba0 Exception <a 'sun/nio/fs/WindowsException'{0x000000008b817b58}> (0x000000008b817b58) 
thrown [s\src\hotspot\share\prims\jni.cpp, line 517]
Event: 19.328 Thread 0x0000014855c32ba0 Exception <a 'java/lang/NoSuchMethodError'{0x000000008b81bb58}: 'void java.lang.invoke.DirectMethodHandle$Holder.invokeStatic(java.lang.Object, int, java.lang.Object)'> (0x000000008b81bb58) 
thrown [s\src\hotspot\share\interpreter\linkResolver.cpp, line 771]
Event: 19.331 Thread 0x000001485aefff20 Implicit null exception at 0x00000148443bd21f to 0x00000148443be204
Event: 19.331 Thread 0x000001485af020d0 Implicit null exception at 0x00000148443bd21f to 0x00000148443be204
Event: 19.331 Thread 0x000001485af025a0 Implicit null exception at 0x00000148443bd21f to 0x00000148443be204
Event: 19.331 Thread 0x000001485af008c0 Implicit null exception at 0x00000148443bd21f to 0x00000148443be204
Event: 19.331 Thread 0x000001485af003f0 Implicit null exception at 0x00000148443bd21f to 0x00000148443be204
Event: 19.331 Thread 0x000001485af03410 Implicit null exception at 0x00000148443bd21f to 0x00000148443be204
Event: 19.331 Thread 0x000001485af02a70 Implicit null exception at 0x00000148443bd21f to 0x00000148443be204
Event: 19.331 Thread 0x000001485af01260 Implicit null exception at 0x00000148443b930f to 0x00000148443b9b40
Event: 19.331 Thread 0x000001485b28ea30 Implicit null exception at 0x00000148443b930f to 0x00000148443b9b40
Event: 19.332 Thread 0x000001485b28ef00 Implicit null exception at 0x00000148441e7a5d to 0x00000148441e7af8
Event: 19.829 Thread 0x0000014855c32ba0 Exception <a 'sun/nio/fs/WindowsException'{0x000000008c859698}> (0x000000008c859698) 
thrown [s\src\hotspot\share\prims\jni.cpp, line 517]
Event: 19.833 Thread 0x0000014855c32ba0 Exception <a 'sun/nio/fs/WindowsException'{0x000000008c863df8}> (0x000000008c863df8) 
thrown [s\src\hotspot\share\prims\jni.cpp, line 517]
Event: 19.834 Thread 0x0000014855c32ba0 Exception <a 'sun/nio/fs/WindowsException'{0x000000008c871f40}> (0x000000008c871f40) 
thrown [s\src\hotspot\share\prims\jni.cpp, line 517]
Event: 19.834 Thread 0x0000014855c32ba0 Exception <a 'sun/nio/fs/WindowsException'{0x000000008c872110}> (0x000000008c872110) 
thrown [s\src\hotspot\share\prims\jni.cpp, line 517]
Event: 19.834 Thread 0x0000014855c32ba0 Exception <a 'sun/nio/fs/WindowsException'{0x000000008c8756e0}> (0x000000008c8756e0) 
thrown [s\src\hotspot\share\prims\jni.cpp, line 517]
Event: 19.834 Thread 0x0000014855c32ba0 Exception <a 'sun/nio/fs/WindowsException'{0x000000008c8758d8}> (0x000000008c8758d8) 
thrown [s\src\hotspot\share\prims\jni.cpp, line 517]
Event: 39.091 Thread 0x0000014855c32ba0 Exception <a 'sun/nio/fs/WindowsException'{0x000000008b9258a0}> (0x000000008b9258a0) 
thrown [s\src\hotspot\share\prims\jni.cpp, line 517]

VM Operations (20 events):
Event: 22.938 Executing VM operation: Cleanup
Event: 22.938 Executing VM operation: Cleanup done
Event: 23.951 Executing VM operation: Cleanup
Event: 23.952 Executing VM operation: Cleanup done
Event: 24.954 Executing VM operation: Cleanup
Event: 24.954 Executing VM operation: Cleanup done
Event: 25.964 Executing VM operation: Cleanup
Event: 25.964 Executing VM operation: Cleanup done
Event: 27.989 Executing VM operation: Cleanup
Event: 27.989 Executing VM operation: Cleanup done
Event: 30.005 Executing VM operation: Cleanup
Event: 30.006 Executing VM operation: Cleanup done
Event: 31.006 Executing VM operation: Cleanup
Event: 31.006 Executing VM operation: Cleanup done
Event: 32.020 Executing VM operation: Cleanup
Event: 32.020 Executing VM operation: Cleanup done
Event: 37.088 Executing VM operation: Cleanup
Event: 37.088 Executing VM operation: Cleanup done
Event: 39.115 Executing VM operation: Cleanup
Event: 39.115 Executing VM operation: Cleanup done

Events (20 events):
Event: 19.903 loading class sun/net/www/MeteredStream
Event: 19.903 loading class sun/net/www/MeteredStream done
Event: 19.904 loading class sun/net/www/http/KeepAliveStream done
Event: 19.904 loading class sun/net/www/http/KeepAliveStreamCleaner
Event: 19.904 loading class sun/net/www/http/KeepAliveStreamCleaner done
Event: 19.905 loading class sun/net/www/http/KeepAliveStreamCleaner$1
Event: 19.905 loading class sun/net/www/http/KeepAliveStreamCleaner$1 done
Event: 19.905 loading class sun/net/www/http/KeepAliveStreamCleaner$2
Event: 19.905 loading class sun/net/www/http/KeepAliveStreamCleaner$2 done
Event: 19.936 loading class jdk/internal/access/foreign/MemorySegmentProxy
Event: 19.937 loading class jdk/internal/access/foreign/MemorySegmentProxy done
Event: 20.016 Thread 0x000001485d8564e0 Thread exited: 0x000001485d8564e0
Event: 20.082 Thread 0x000001485d855fd0 Thread exited: 0x000001485d855fd0
Event: 23.019 loading class jdk/internal/misc/ScopedMemoryAccess$Scope$Handle
Event: 23.019 loading class jdk/internal/misc/ScopedMemoryAccess$Scope$Handle done
Event: 29.317 Thread 0x000001485af038e0 Thread exited: 0x000001485af038e0
Event: 39.080 Thread 0x000001485af003f0 Thread added: 0x000001485af003f0
Event: 39.095 loading class java/io/SequenceInputStream
Event: 39.095 loading class java/io/SequenceInputStream done
Event: 39.128 Thread 0x0000014855656b90 Thread added: 0x0000014855656b90


Dynamic libraries:
0x00007ff715100000 - 0x00007ff71510a000 	D:\Android\jbr\bin\java.exe
0x00007ff8231d0000 - 0x00007ff8233c8000 	C:\Windows\SYSTEM32\ntdll.dll
0x00007ff821200000 - 0x00007ff8212bd000 	C:\Windows\System32\KERNEL32.DLL
0x00007ff820880000 - 0x00007ff820b76000 	C:\Windows\System32\KERNELBASE.dll
0x00007ff821080000 - 0x00007ff821180000 	C:\Windows\System32\ucrtbase.dll
0x00007ff817ad0000 - 0x00007ff817ae7000 	D:\Android\jbr\bin\jli.dll
0x00007ff819870000 - 0x00007ff81988b000 	D:\Android\jbr\bin\VCRUNTIME140.dll
0x00007ff821c90000 - 0x00007ff821e2f000 	C:\Windows\System32\USER32.dll
0x00007ff820d40000 - 0x00007ff820d62000 	C:\Windows\System32\win32u.dll
0x00007ff80fb60000 - 0x00007ff80fdfa000 	C:\Windows\WinSxS\amd64_microsoft.windows.common-controls_6595b64144ccf1df_6.0.19041.3636_none_60b6a03d71f818d5\COMCTL32.dll
0x00007ff822160000 - 0x00007ff82218b000 	C:\Windows\System32\GDI32.dll
0x00007ff8215f0000 - 0x00007ff82168e000 	C:\Windows\System32\msvcrt.dll
0x00007ff820e00000 - 0x00007ff820f17000 	C:\Windows\System32\gdi32full.dll
0x00007ff820b80000 - 0x00007ff820c1d000 	C:\Windows\System32\msvcp_win.dll
0x00007ff8221f0000 - 0x00007ff822222000 	C:\Windows\System32\IMM32.DLL
0x00007ff81aec0000 - 0x00007ff81aecc000 	D:\Android\jbr\bin\vcruntime140_1.dll
0x00007ff805870000 - 0x00007ff8058fd000 	D:\Android\jbr\bin\msvcp140.dll
0x00007fffcf640000 - 0x00007fffd02ae000 	D:\Android\jbr\bin\server\jvm.dll
0x00007ff822e00000 - 0x00007ff822eb0000 	C:\Windows\System32\ADVAPI32.dll
0x00007ff821ed0000 - 0x00007ff821f70000 	C:\Windows\System32\sechost.dll
0x00007ff823060000 - 0x00007ff823183000 	C:\Windows\System32\RPCRT4.dll
0x00007ff821180000 - 0x00007ff8211a7000 	C:\Windows\System32\bcrypt.dll
0x00007ff806d90000 - 0x00007ff806d99000 	C:\Windows\SYSTEM32\WSOCK32.dll
0x00007ff819390000 - 0x00007ff81939a000 	C:\Windows\SYSTEM32\VERSION.dll
0x00007ff8170f0000 - 0x00007ff817117000 	C:\Windows\SYSTEM32\WINMM.dll
0x00007ff822040000 - 0x00007ff8220ab000 	C:\Windows\System32\WS2_32.dll
0x00007ff81e710000 - 0x00007ff81e722000 	C:\Windows\SYSTEM32\kernel.appcore.dll
0x00007ff81aed0000 - 0x00007ff81aeda000 	D:\Android\jbr\bin\jimage.dll
0x00007ff810890000 - 0x00007ff810a74000 	C:\Windows\SYSTEM32\DBGHELP.DLL
0x00007ff806660000 - 0x00007ff806694000 	C:\Windows\SYSTEM32\dbgcore.DLL
0x00007ff820d70000 - 0x00007ff820df2000 	C:\Windows\System32\bcryptPrimitives.dll
0x00007ff81acd0000 - 0x00007ff81acf5000 	D:\Android\jbr\bin\java.dll
0x00007ff81a690000 - 0x00007ff81a6a8000 	D:\Android\jbr\bin\zip.dll
0x00007ff822330000 - 0x00007ff822a9b000 	C:\Windows\System32\SHELL32.dll
0x00007ff81e910000 - 0x00007ff81f0ae000 	C:\Windows\SYSTEM32\windows.storage.dll
0x00007ff822aa0000 - 0x00007ff822df3000 	C:\Windows\System32\combase.dll
0x00007ff820240000 - 0x00007ff82026e000 	C:\Windows\SYSTEM32\Wldp.dll
0x00007ff821f70000 - 0x00007ff82203d000 	C:\Windows\System32\OLEAUT32.dll
0x00007ff8220b0000 - 0x00007ff82215d000 	C:\Windows\System32\SHCORE.dll
0x00007ff821590000 - 0x00007ff8215e5000 	C:\Windows\System32\shlwapi.dll
0x00007ff8207b0000 - 0x00007ff8207d3000 	C:\Windows\SYSTEM32\profapi.dll
0x00007ff817ce0000 - 0x00007ff817cf9000 	D:\Android\jbr\bin\net.dll
0x00007ff818bf0000 - 0x00007ff818cfa000 	C:\Windows\SYSTEM32\WINHTTP.dll
0x00007ff81ffa0000 - 0x00007ff82000a000 	C:\Windows\system32\mswsock.dll
0x00007ff817c10000 - 0x00007ff817c26000 	D:\Android\jbr\bin\nio.dll
0x00007ff81ac30000 - 0x00007ff81ac40000 	D:\Android\jbr\bin\verify.dll
0x00007ff8196a0000 - 0x00007ff8196c7000 	C:\Users\maksim\.gradle\native\e1d6ef7f7dcc3fd88c89a11ec53ec762bb8ba0a96d01ffa2cd45eb1d1d8dd5c5\windows-amd64\native-platform.dll
0x00007fffec7f0000 - 0x00007fffec934000 	C:\Users\maksim\.gradle\native\5664cfc778a61ccfe75a443a1ab52a65af34e5dc3c78e0209fed803814484fcb\windows-amd64\native-platform-file-events.dll
0x00007ff81a670000 - 0x00007ff81a679000 	D:\Android\jbr\bin\management.dll
0x00007ff8197c0000 - 0x00007ff8197cb000 	D:\Android\jbr\bin\management_ext.dll
0x00007ff821e30000 - 0x00007ff821e38000 	C:\Windows\System32\PSAPI.DLL
0x00007ff8201a0000 - 0x00007ff8201b8000 	C:\Windows\SYSTEM32\CRYPTSP.dll
0x00007ff81f8c0000 - 0x00007ff81f8f4000 	C:\Windows\system32\rsaenh.dll
0x00007ff820770000 - 0x00007ff82079e000 	C:\Windows\SYSTEM32\USERENV.dll
0x00007ff820190000 - 0x00007ff82019c000 	C:\Windows\SYSTEM32\CRYPTBASE.dll
0x00007ff81fc80000 - 0x00007ff81fcbb000 	C:\Windows\SYSTEM32\IPHLPAPI.DLL
0x00007ff823050000 - 0x00007ff823058000 	C:\Windows\System32\NSI.dll
0x00007ff819960000 - 0x00007ff819977000 	C:\Windows\SYSTEM32\dhcpcsvc6.DLL
0x00007ff819af0000 - 0x00007ff819b0d000 	C:\Windows\SYSTEM32\dhcpcsvc.DLL
0x00007ff81fcc0000 - 0x00007ff81fd8b000 	C:\Windows\SYSTEM32\DNSAPI.dll
0x00007ff819790000 - 0x00007ff819797000 	C:\Windows\system32\wshunix.dll
0x00007ff8193a0000 - 0x00007ff8193aa000 	C:\Windows\System32\rasadhlp.dll
0x00007ff80b820000 - 0x00007ff80b8a0000 	C:\Windows\System32\fwpuclnt.dll

dbghelp: loaded successfully - version: 4.0.5 - missing functions: none
symbol engine: initialized successfully - sym options: 0x614 - pdb path: .;D:\Android\jbr\bin;C:\Windows\SYSTEM32;C:\Windows\WinSxS\amd64_microsoft.windows.common-controls_6595b64144ccf1df_6.0.19041.3636_none_60b6a03d71f818d5;D:\Android\jbr\bin\server;C:\Users\maksim\.gradle\native\e1d6ef7f7dcc3fd88c89a11ec53ec762bb8ba0a96d01ffa2cd45eb1d1d8dd5c5\windows-amd64;C:\Users\maksim\.gradle\native\5664cfc778a61ccfe75a443a1ab52a65af34e5dc3c78e0209fed803814484fcb\windows-amd64

VM Arguments:
jvm_args: --add-opens=java.base/java.util=ALL-UNNAMED --add-opens=java.base/java.lang=ALL-UNNAMED --add-opens=java.base/java.lang.invoke=ALL-UNNAMED --add-opens=java.base/java.util=ALL-UNNAMED --add-opens=java.prefs/java.util.prefs=ALL-UNNAMED --add-opens=java.prefs/java.util.prefs=ALL-UNNAMED --add-opens=java.base/java.nio.charset=ALL-UNNAMED --add-opens=java.base/java.net=ALL-UNNAMED --add-opens=java.base/java.util.concurrent.atomic=ALL-UNNAMED -Xmx2048m -Dfile.encoding=UTF-8 -Duser.country=US -Duser.language=en -Duser.variant 
java_command: org.gradle.launcher.daemon.bootstrap.GradleDaemon 7.2
java_class_path (initial): C:\Users\maksim\.gradle\wrapper\dists\gradle-7.2-bin\2dnblmf4td7x66yl1d74lt32g\gradle-7.2\lib\gradle-launcher-7.2.jar
Launcher Type: SUN_STANDARD

[Global flags]
     intx CICompilerCount                          = 4                                         {product} {ergonomic}
     uint ConcGCThreads                            = 3                                         {product} {ergonomic}
     uint G1ConcRefinementThreads                  = 10                                        {product} {ergonomic}
   size_t G1HeapRegionSize                         = 1048576                                   {product} {ergonomic}
    uintx GCDrainStackTargetSize                   = 64                                        {product} {ergonomic}
   size_t InitialHeapSize                          = 232783872                                 {product} {ergonomic}
   size_t MarkStackSize                            = 4194304                                   {product} {ergonomic}
   size_t MaxHeapSize                              = 2147483648                                {product} {command line}
   size_t MaxNewSize                               = 1287651328                                {product} {ergonomic}
   size_t MinHeapDeltaBytes                        = 1048576                                   {product} {ergonomic}
   size_t MinHeapSize                              = 8388608                                   {product} {ergonomic}
    uintx NonNMethodCodeHeapSize                   = 5839372                                {pd product} {ergonomic}
    uintx NonProfiledCodeHeapSize                  = 122909434                              {pd product} {ergonomic}
    uintx ProfiledCodeHeapSize                     = 122909434                              {pd product} {ergonomic}
    uintx ReservedCodeCacheSize                    = 251658240                              {pd product} {ergonomic}
     bool SegmentedCodeCache                       = true                                      {product} {ergonomic}
   size_t SoftMaxHeapSize                          = 2147483648                             {manageable} {ergonomic}
     bool UseCompressedClassPointers               = true                           {product lp64_product} {ergonomic}
     bool UseCompressedOops                        = true                           {product lp64_product} {ergonomic}
     bool UseG1GC                                  = true                                      {product} {ergonomic}
     bool UseLargePagesIndividualAllocation        = false                                  {pd product} {ergonomic}

Logging:
Log output configuration:
 #0: stdout all=warning uptime,level,tags
 #1: stderr all=off uptime,level,tags

Environment Variables:
PATH=C:\Program Files\Common Files\Oracle\Java\javapath;C:\Program Files (x86)\Common Files\Oracle\Java\javapath;C:\Windows\system32;C:\Windows;C:\Windows\System32\Wbem;C:\Windows\System32\WindowsPowerShell\v1.0\;C:\Windows\System32\OpenSSH\;C:\Program Files\NVIDIA Corporation\NVIDIA NvDLISR;C:\Program Files (x86)\NVIDIA Corporation\PhysX\Common;C:\Program Files\dotnet\;C:\Program Files\Microsoft SQL Server\150\Tools\Binn\;C:\Program Files\Microsoft SQL Server\Client SDK\ODBC\170\Tools\Binn\;C:\Program Files\Docker\Docker\resources\bin;C:\Program Files\nodejs\;C:\Program Files\Git\cmd;C:\Program Files\MySQL\MySQL Shell 8.0\bin\;C:\Users\maksim\AppData\Local\Microsoft\WindowsApps;D:\IDE\Microsoft VS Code\bin;C:\Users\maksim\.dotnet\tools;C:\Users\maksim\AppData\Roaming\npm;C:\Users\maksim\AppData\Local\GitHubDesktop\bin;C:\Users\maksim\AppData\Local\gitkraken\bin;C:\Program Files\sf\bin
USERNAME=maksim
OS=Windows_NT
PROCESSOR_IDENTIFIER=AMD64 Family 25 Model 80 Stepping 0, AuthenticAMD
TMP=C:\Users\maksim\AppData\Local\Temp
TEMP=C:\Users\maksim\AppData\Local\Temp


JNI global refs:
JNI global refs: 27, weak refs: 4

JNI global refs memory usage: 843, weak refs: 841


---------------  S Y S T E M  ---------------

OS:
 Windows 10 , 64 bit Build 19041 (10.0.19041.3636)
OS uptime: 6 days 21:31 hours

CPU: total 12 (initial active 12) (12 cores per cpu, 2 threads per core) family 25 model 80 stepping 0 microcode 0x0, cx8, cmov, fxsr, ht, mmx, 3dnowpref, sse, sse2, sse3, ssse3, sse4a, sse4.1, sse4.2, popcnt, lzcnt, tsc, tscinvbit, avx, avx2, aes, erms, clmul, bmi1, bmi2, adx, sha, fma, vzeroupper, clflush, clflushopt

Memory: 4k page, system-wide physical 14188M (2174M free)
TotalPageFile size 33388M (AvailPageFile size 3M)
current process WorkingSet (physical memory assigned to process): 472M, peak: 503M
current process commit charge ("private bytes"): 513M, peak: 544M

vm_info: OpenJDK 64-Bit Server VM (17.0.6+0-b2043.56-10027231) for windows-amd64 JRE (17.0.6+0-b2043.56-10027231), built on Apr 28 2023 00:43:19 by "androidbuild" with MS VC++ 16.10 / 16.11 (VS2019)

END.
